<?xml version="1.0" encoding="UTF-8"?>
<coverage generated="1776267243369" clover="3.2.0">
  <project timestamp="1776267243370" name="All files">
    <metrics statements="647" coveredstatements="506" conditionals="345" coveredconditionals="267" methods="175" coveredmethods="125" elements="1167" coveredelements="898" complexity="0" loc="647" ncloc="647" packages="7" files="34" classes="34"/>
    <package name="components">
      <metrics statements="62" coveredstatements="45" conditionals="24" coveredconditionals="20" methods="19" coveredmethods="17"/>
      <file name="ContentScoreWidget.tsx" path="D:\meowseo\src\gutenberg\components\ContentScoreWidget.tsx">
        <metrics statements="20" coveredstatements="12" conditionals="8" coveredconditionals="6" methods="4" coveredmethods="3"/>
        <line num="24" count="2" type="stmt"/>
        <line num="25" count="64" type="cond" truecount="2" falsecount="0"/>
        <line num="26" count="6" type="stmt"/>
        <line num="27" count="58" type="cond" truecount="2" falsecount="0"/>
        <line num="28" count="29" type="stmt"/>
        <line num="30" count="29" type="stmt"/>
        <line num="39" count="2" type="stmt"/>
        <line num="40" count="32" type="stmt"/>
        <line num="41" count="0" type="stmt"/>
        <line num="42" count="0" type="stmt"/>
        <line num="43" count="0" type="cond" truecount="0" falsecount="2"/>
        <line num="44" count="0" type="stmt"/>
        <line num="45" count="0" type="stmt"/>
        <line num="51" count="0" type="stmt"/>
        <line num="57" count="0" type="stmt"/>
        <line num="58" count="0" type="stmt"/>
        <line num="66" count="32" type="stmt"/>
        <line num="69" count="32" type="stmt"/>
        <line num="70" count="1" type="stmt"/>
        <line num="73" count="32" type="stmt"/>
      </file>
      <file name="ErrorBoundary.tsx" path="D:\meowseo\src\gutenberg\components\ErrorBoundary.tsx">
        <metrics statements="8" coveredstatements="7" conditionals="2" coveredconditionals="2" methods="5" coveredmethods="4"/>
        <line num="33" count="8" type="stmt"/>
        <line num="34" count="7" type="stmt"/>
        <line num="42" count="6" type="stmt"/>
        <line num="50" count="3" type="stmt"/>
        <line num="54" count="13" type="cond" truecount="2" falsecount="0"/>
        <line num="56" count="6" type="stmt"/>
        <line num="65" count="0" type="stmt"/>
        <line num="74" count="7" type="stmt"/>
      </file>
      <file name="Sidebar.tsx" path="D:\meowseo\src\gutenberg\components\Sidebar.tsx">
        <metrics statements="12" coveredstatements="8" conditionals="2" coveredconditionals="1" methods="2" coveredmethods="2"/>
        <line num="19" count="3" type="stmt"/>
        <line num="22" count="219" type="stmt"/>
        <line num="25" count="219" type="stmt"/>
        <line num="26" count="219" type="stmt"/>
        <line num="27" count="219" type="stmt"/>
        <line num="28" count="219" type="cond" truecount="1" falsecount="1"/>
        <line num="29" count="0" type="stmt"/>
        <line num="30" count="0" type="stmt"/>
        <line num="34" count="219" type="stmt"/>
        <line num="38" count="0" type="stmt"/>
        <line num="39" count="0" type="stmt"/>
        <line num="45" count="219" type="stmt"/>
      </file>
      <file name="TabBar.tsx" path="D:\meowseo\src\gutenberg\components\TabBar.tsx">
        <metrics statements="17" coveredstatements="13" conditionals="4" coveredconditionals="3" methods="6" coveredmethods="6"/>
        <line num="22" count="2" type="stmt"/>
        <line num="23" count="15" type="stmt"/>
        <line num="24" count="7" type="stmt"/>
        <line num="25" count="7" type="stmt"/>
        <line num="26" count="7" type="cond" truecount="1" falsecount="1"/>
        <line num="27" count="0" type="stmt"/>
        <line num="28" count="0" type="stmt"/>
        <line num="32" count="7" type="stmt"/>
        <line num="36" count="0" type="stmt"/>
        <line num="37" count="0" type="stmt"/>
        <line num="43" count="15" type="stmt"/>
        <line num="46" count="15" type="stmt"/>
        <line num="54" count="15" type="stmt"/>
        <line num="55" count="5" type="stmt"/>
        <line num="58" count="15" type="stmt"/>
        <line num="61" count="60" type="stmt"/>
        <line num="68" count="5" type="stmt"/>
      </file>
      <file name="TabContent.test-helper.tsx" path="D:\meowseo\src\gutenberg\components\TabContent.test-helper.tsx">
        <metrics statements="5" coveredstatements="5" conditionals="8" coveredconditionals="8" methods="2" coveredmethods="2"/>
        <line num="15" count="2" type="stmt"/>
        <line num="16" count="337" type="stmt"/>
        <line num="17" count="337" type="stmt"/>
        <line num="18" count="337" type="stmt"/>
        <line num="23" count="337" type="stmt"/>
      </file>
    </package>
    <package name="components.tabs">
      <metrics statements="239" coveredstatements="199" conditionals="205" coveredconditionals="154" methods="60" coveredmethods="50"/>
      <file name="AdvancedTabContent.tsx" path="D:\meowseo\src\gutenberg\components\tabs\AdvancedTabContent.tsx">
        <metrics statements="2" coveredstatements="2" conditionals="0" coveredconditionals="0" methods="1" coveredmethods="1"/>
        <line num="22" count="1" type="stmt"/>
        <line num="23" count="6" type="stmt"/>
      </file>
      <file name="CanonicalURLInput.tsx" path="D:\meowseo\src\gutenberg\components\tabs\CanonicalURLInput.tsx">
        <metrics statements="12" coveredstatements="9" conditionals="10" coveredconditionals="3" methods="2" coveredmethods="2"/>
        <line num="24" count="2" type="stmt"/>
        <line num="27" count="11" type="stmt"/>
        <line num="31" count="11" type="stmt"/>
        <line num="32" count="1" type="stmt"/>
        <line num="33" count="1" type="stmt"/>
        <line num="34" count="1" type="cond" truecount="1" falsecount="1"/>
        <line num="35" count="0" type="cond" truecount="0" falsecount="2"/>
        <line num="37" count="1" type="cond" truecount="1" falsecount="1"/>
        <line num="38" count="1" type="cond" truecount="1" falsecount="1"/>
        <line num="40" count="0" type="stmt"/>
        <line num="41" count="0" type="cond" truecount="0" falsecount="2"/>
        <line num="45" count="11" type="stmt"/>
      </file>
      <file name="DirectAnswerField.tsx" path="D:\meowseo\src\gutenberg\components\tabs\DirectAnswerField.tsx">
        <metrics statements="3" coveredstatements="3" conditionals="0" coveredconditionals="0" methods="1" coveredmethods="1"/>
        <line num="22" count="3" type="stmt"/>
        <line num="24" count="20" type="stmt"/>
        <line num="26" count="20" type="stmt"/>
      </file>
      <file name="FacebookSubTab.tsx" path="D:\meowseo\src\gutenberg\components\tabs\FacebookSubTab.tsx">
        <metrics statements="25" coveredstatements="18" conditionals="26" coveredconditionals="21" methods="6" coveredmethods="4"/>
        <line num="24" count="2" type="stmt"/>
        <line num="26" count="16" type="stmt"/>
        <line num="27" count="16" type="stmt"/>
        <line num="28" count="16" type="stmt"/>
        <line num="31" count="16" type="stmt"/>
        <line num="32" count="16" type="stmt"/>
        <line num="33" count="16" type="stmt"/>
        <line num="34" count="16" type="cond" truecount="1" falsecount="1"/>
        <line num="35" count="0" type="stmt"/>
        <line num="40" count="16" type="stmt"/>
        <line num="45" count="0" type="stmt"/>
        <line num="46" count="0" type="stmt"/>
        <line num="54" count="16" type="stmt"/>
        <line num="55" count="16" type="stmt"/>
        <line num="56" count="16" type="cond" truecount="2" falsecount="0"/>
        <line num="57" count="8" type="stmt"/>
        <line num="58" count="8" type="cond" truecount="2" falsecount="0"/>
        <line num="60" count="0" type="stmt"/>
        <line num="61" count="0" type="stmt"/>
        <line num="66" count="16" type="cond" truecount="2" falsecount="1"/>
        <line num="67" count="16" type="cond" truecount="2" falsecount="1"/>
        <line num="69" count="16" type="stmt"/>
        <line num="96" count="0" type="stmt"/>
        <line num="100" count="16" type="stmt"/>
        <line num="116" count="0" type="stmt"/>
      </file>
      <file name="FocusKeywordInput.tsx" path="D:\meowseo\src\gutenberg\components\tabs\FocusKeywordInput.tsx">
        <metrics statements="3" coveredstatements="3" conditionals="0" coveredconditionals="0" methods="1" coveredmethods="1"/>
        <line num="31" count="3" type="stmt"/>
        <line num="34" count="19" type="stmt"/>
        <line num="36" count="19" type="stmt"/>
      </file>
      <file name="GSCIntegration.tsx" path="D:\meowseo\src\gutenberg\components\tabs\GSCIntegration.tsx">
        <metrics statements="33" coveredstatements="28" conditionals="22" coveredconditionals="14" methods="4" coveredmethods="4"/>
        <line num="24" count="2" type="stmt"/>
        <line num="27" count="26" type="stmt"/>
        <line num="30" count="26" type="stmt"/>
        <line num="31" count="4" type="stmt"/>
        <line num="32" count="4" type="stmt"/>
        <line num="33" count="4" type="cond" truecount="1" falsecount="1"/>
        <line num="34" count="0" type="stmt"/>
        <line num="39" count="4" type="stmt"/>
        <line num="44" count="0" type="stmt"/>
        <line num="45" count="0" type="stmt"/>
        <line num="53" count="26" type="stmt"/>
        <line num="54" count="26" type="stmt"/>
        <line num="55" count="26" type="stmt"/>
        <line num="59" count="26" type="stmt"/>
        <line num="60" count="6" type="stmt"/>
        <line num="61" count="6" type="stmt"/>
        <line num="62" count="6" type="stmt"/>
        <line num="64" count="6" type="stmt"/>
        <line num="67" count="6" type="stmt"/>
        <line num="76" count="4" type="cond" truecount="1" falsecount="1"/>
        <line num="77" count="3" type="cond" truecount="1" falsecount="1"/>
        <line num="79" count="0" type="cond" truecount="0" falsecount="2"/>
        <line num="82" count="3" type="stmt"/>
        <line num="83" count="3" type="cond" truecount="1" falsecount="1"/>
        <line num="85" count="6" type="stmt"/>
        <line num="90" count="26" type="stmt"/>
        <line num="91" count="26" type="cond" truecount="2" falsecount="0"/>
        <line num="92" count="21" type="stmt"/>
        <line num="95" count="5" type="stmt"/>
        <line num="96" count="5" type="stmt"/>
        <line num="97" count="5" type="stmt"/>
        <line num="99" count="0" type="stmt"/>
        <line num="103" count="26" type="stmt"/>
      </file>
      <file name="GeneralTabContent.tsx" path="D:\meowseo\src\gutenberg\components\tabs\GeneralTabContent.tsx">
        <metrics statements="2" coveredstatements="2" conditionals="0" coveredconditionals="0" methods="1" coveredmethods="1"/>
        <line num="24" count="1" type="stmt"/>
        <line num="25" count="7" type="stmt"/>
      </file>
      <file name="InternalLinkSuggestions.tsx" path="D:\meowseo\src\gutenberg\components\tabs\InternalLinkSuggestions.tsx">
        <metrics statements="36" coveredstatements="33" conditionals="27" coveredconditionals="24" methods="6" coveredmethods="6"/>
        <line num="38" count="3" type="stmt"/>
        <line num="39" count="44" type="stmt"/>
        <line num="40" count="44" type="stmt"/>
        <line num="41" count="44" type="stmt"/>
        <line num="44" count="44" type="stmt"/>
        <line num="47" count="44" type="stmt"/>
        <line num="48" count="16" type="stmt"/>
        <line num="49" count="16" type="stmt"/>
        <line num="50" count="16" type="cond" truecount="1" falsecount="1"/>
        <line num="51" count="0" type="stmt"/>
        <line num="53" count="16" type="cond" truecount="1" falsecount="1"/>
        <line num="55" count="0" type="stmt"/>
        <line num="56" count="0" type="stmt"/>
        <line num="62" count="44" type="stmt"/>
        <line num="64" count="19" type="stmt"/>
        <line num="67" count="19" type="cond" truecount="4" falsecount="0"/>
        <line num="68" count="8" type="stmt"/>
        <line num="69" count="8" type="stmt"/>
        <line num="70" count="8" type="stmt"/>
        <line num="73" count="11" type="stmt"/>
        <line num="75" count="11" type="stmt"/>
        <line num="76" count="7" type="stmt"/>
        <line num="79" count="7" type="stmt"/>
        <line num="89" count="6" type="cond" truecount="1" falsecount="1"/>
        <line num="90" count="6" type="stmt"/>
        <line num="93" count="1" type="stmt"/>
        <line num="94" count="1" type="stmt"/>
        <line num="95" count="1" type="stmt"/>
        <line num="96" count="1" type="stmt"/>
        <line num="100" count="11" type="stmt"/>
        <line num="101" count="11" type="stmt"/>
        <line num="102" count="11" type="stmt"/>
        <line num="107" count="44" type="cond" truecount="4" falsecount="0"/>
        <line num="108" count="16" type="stmt"/>
        <line num="111" count="28" type="stmt"/>
        <line num="136" count="8" type="stmt"/>
      </file>
      <file name="RobotsToggles.tsx" path="D:\meowseo\src\gutenberg\components\tabs\RobotsToggles.tsx">
        <metrics statements="10" coveredstatements="10" conditionals="8" coveredconditionals="8" methods="3" coveredmethods="3"/>
        <line num="24" count="2" type="stmt"/>
        <line num="27" count="14" type="stmt"/>
        <line num="28" count="14" type="stmt"/>
        <line num="31" count="14" type="cond" truecount="2" falsecount="0"/>
        <line num="32" count="14" type="cond" truecount="2" falsecount="0"/>
        <line num="35" count="14" type="stmt"/>
        <line num="36" count="2" type="cond" truecount="2" falsecount="0"/>
        <line num="39" count="14" type="stmt"/>
        <line num="40" count="2" type="cond" truecount="2" falsecount="0"/>
        <line num="43" count="14" type="stmt"/>
      </file>
      <file name="SchemaTabContent.tsx" path="D:\meowseo\src\gutenberg\components\tabs\SchemaTabContent.tsx">
        <metrics statements="27" coveredstatements="20" conditionals="31" coveredconditionals="15" methods="8" coveredmethods="4"/>
        <line num="17" count="1" type="stmt"/>
        <line num="18" count="1" type="stmt"/>
        <line num="19" count="1" type="stmt"/>
        <line num="20" count="1" type="stmt"/>
        <line num="21" count="1" type="stmt"/>
        <line num="29" count="1" type="stmt"/>
        <line num="30" count="3" type="cond" truecount="4" falsecount="0"/>
        <line num="31" count="2" type="stmt"/>
        <line num="34" count="1" type="stmt"/>
        <line num="35" count="1" type="stmt"/>
        <line num="38" count="0" type="cond" truecount="0" falsecount="6"/>
        <line num="40" count="0" type="stmt"/>
        <line num="42" count="0" type="stmt"/>
        <line num="44" count="0" type="cond" truecount="0" falsecount="2"/>
        <line num="46" count="0" type="cond" truecount="0" falsecount="2"/>
        <line num="48" count="0" type="cond" truecount="0" falsecount="2"/>
        <line num="50" count="0" type="stmt"/>
        <line num="53" count="1" type="stmt"/>
        <line num="66" count="1" type="stmt"/>
        <line num="67" count="3" type="stmt"/>
        <line num="68" count="3" type="stmt"/>
        <line num="71" count="3" type="stmt"/>
        <line num="74" count="3" type="stmt"/>
        <line num="75" count="3" type="cond" truecount="2" falsecount="0"/>
        <line num="76" count="2" type="stmt"/>
        <line num="84" count="1" type="stmt"/>
        <line num="95" count="3" type="stmt"/>
      </file>
      <file name="SerpPreview.tsx" path="D:\meowseo\src\gutenberg\components\tabs\SerpPreview.tsx">
        <metrics statements="45" coveredstatements="38" conditionals="24" coveredconditionals="21" methods="16" coveredmethods="15"/>
        <line num="23" count="3" type="stmt"/>
        <line num="24" count="50" type="cond" truecount="2" falsecount="0"/>
        <line num="25" count="48" type="stmt"/>
        <line num="27" count="2" type="stmt"/>
        <line num="44" count="3" type="stmt"/>
        <line num="45" count="25" type="stmt"/>
        <line num="46" count="25" type="stmt"/>
        <line num="47" count="25" type="stmt"/>
        <line num="50" count="25" type="stmt"/>
        <line num="51" count="25" type="stmt"/>
        <line num="54" count="25" type="stmt"/>
        <line num="55" count="25" type="stmt"/>
        <line num="56" count="25" type="stmt"/>
        <line num="57" count="25" type="cond" truecount="1" falsecount="1"/>
        <line num="58" count="0" type="stmt"/>
        <line num="60" count="25" type="cond" truecount="1" falsecount="1"/>
        <line num="62" count="0" type="stmt"/>
        <line num="63" count="0" type="stmt"/>
        <line num="68" count="25" type="stmt"/>
        <line num="69" count="25" type="stmt"/>
        <line num="70" count="25" type="stmt"/>
        <line num="71" count="25" type="cond" truecount="1" falsecount="1"/>
        <line num="72" count="0" type="stmt"/>
        <line num="74" count="25" type="cond" truecount="2" falsecount="0"/>
        <line num="76" count="0" type="stmt"/>
        <line num="77" count="0" type="stmt"/>
        <line num="82" count="25" type="stmt"/>
        <line num="83" count="18" type="stmt"/>
        <line num="84" count="8" type="cond" truecount="2" falsecount="0"/>
        <line num="87" count="18" type="stmt"/>
        <line num="90" count="25" type="stmt"/>
        <line num="91" count="18" type="stmt"/>
        <line num="92" count="8" type="stmt"/>
        <line num="95" count="18" type="stmt"/>
        <line num="99" count="25" type="stmt"/>
        <line num="100" count="1" type="stmt"/>
        <line num="104" count="25" type="stmt"/>
        <line num="105" count="25" type="cond" truecount="2" falsecount="0"/>
        <line num="110" count="25" type="stmt"/>
        <line num="111" count="25" type="cond" truecount="2" falsecount="0"/>
        <line num="117" count="25" type="stmt"/>
        <line num="118" count="17" type="stmt"/>
        <line num="121" count="25" type="stmt"/>
        <line num="131" count="0" type="stmt"/>
        <line num="138" count="1" type="stmt"/>
      </file>
      <file name="SocialTabContent.tsx" path="D:\meowseo\src\gutenberg\components\tabs\SocialTabContent.tsx">
        <metrics statements="7" coveredstatements="6" conditionals="8" coveredconditionals="8" methods="4" coveredmethods="3"/>
        <line num="29" count="2" type="stmt"/>
        <line num="31" count="7" type="stmt"/>
        <line num="34" count="7" type="stmt"/>
        <line num="35" count="1" type="stmt"/>
        <line num="38" count="7" type="stmt"/>
        <line num="45" count="0" type="stmt"/>
        <line num="51" count="1" type="stmt"/>
      </file>
      <file name="TwitterSubTab.tsx" path="D:\meowseo\src\gutenberg\components\tabs\TwitterSubTab.tsx">
        <metrics statements="34" coveredstatements="27" conditionals="49" coveredconditionals="40" methods="7" coveredmethods="5"/>
        <line num="27" count="2" type="stmt"/>
        <line num="29" count="16" type="stmt"/>
        <line num="30" count="16" type="stmt"/>
        <line num="31" count="16" type="stmt"/>
        <line num="32" count="16" type="stmt"/>
        <line num="35" count="16" type="stmt"/>
        <line num="36" count="16" type="stmt"/>
        <line num="37" count="16" type="stmt"/>
        <line num="40" count="16" type="stmt"/>
        <line num="41" count="16" type="stmt"/>
        <line num="42" count="16" type="stmt"/>
        <line num="43" count="16" type="cond" truecount="1" falsecount="1"/>
        <line num="44" count="0" type="stmt"/>
        <line num="49" count="16" type="stmt"/>
        <line num="54" count="0" type="stmt"/>
        <line num="55" count="0" type="stmt"/>
        <line num="63" count="16" type="cond" truecount="2" falsecount="0"/>
        <line num="66" count="16" type="cond" truecount="3" falsecount="1"/>
        <line num="67" count="16" type="cond" truecount="3" falsecount="1"/>
        <line num="68" count="16" type="cond" truecount="4" falsecount="0"/>
        <line num="71" count="16" type="stmt"/>
        <line num="72" count="16" type="stmt"/>
        <line num="73" count="16" type="cond" truecount="2" falsecount="0"/>
        <line num="74" count="5" type="stmt"/>
        <line num="75" count="5" type="cond" truecount="2" falsecount="0"/>
        <line num="77" count="0" type="stmt"/>
        <line num="78" count="0" type="stmt"/>
        <line num="83" count="16" type="cond" truecount="2" falsecount="1"/>
        <line num="84" count="16" type="cond" truecount="2" falsecount="1"/>
        <line num="86" count="16" type="stmt"/>
        <line num="93" count="1" type="cond" truecount="1" falsecount="1"/>
        <line num="126" count="0" type="stmt"/>
        <line num="130" count="16" type="stmt"/>
        <line num="158" count="0" type="stmt"/>
      </file>
    </package>
    <package name="components.tabs.schema">
      <metrics statements="123" coveredstatements="78" conditionals="34" coveredconditionals="30" methods="55" coveredmethods="26"/>
      <file name="ArticleForm.tsx" path="D:\meowseo\src\gutenberg\components\tabs\schema\ArticleForm.tsx">
        <metrics statements="14" coveredstatements="11" conditionals="2" coveredconditionals="2" methods="7" coveredmethods="4"/>
        <line num="29" count="1" type="stmt"/>
        <line num="30" count="3" type="stmt"/>
        <line num="33" count="3" type="cond" truecount="2" falsecount="0"/>
        <line num="35" count="1" type="stmt"/>
        <line num="36" count="1" type="stmt"/>
        <line num="38" count="1" type="stmt"/>
        <line num="44" count="3" type="stmt"/>
        <line num="46" count="1" type="stmt"/>
        <line num="47" count="1" type="stmt"/>
        <line num="52" count="3" type="stmt"/>
        <line num="57" count="1" type="stmt"/>
        <line num="64" count="0" type="stmt"/>
        <line num="72" count="0" type="stmt"/>
        <line num="80" count="0" type="stmt"/>
      </file>
      <file name="FAQPageForm.tsx" path="D:\meowseo\src\gutenberg\components\tabs\schema\FAQPageForm.tsx">
        <metrics statements="23" coveredstatements="16" conditionals="8" coveredconditionals="7" methods="10" coveredmethods="7"/>
        <line num="32" count="1" type="stmt"/>
        <line num="33" count="4" type="stmt"/>
        <line num="36" count="4" type="cond" truecount="2" falsecount="0"/>
        <line num="38" count="3" type="stmt"/>
        <line num="39" count="3" type="stmt"/>
        <line num="41" count="0" type="stmt"/>
        <line num="47" count="4" type="cond" truecount="3" falsecount="1"/>
        <line num="48" count="0" type="stmt"/>
        <line num="52" count="4" type="stmt"/>
        <line num="54" count="0" type="stmt"/>
        <line num="55" count="0" type="stmt"/>
        <line num="56" count="0" type="stmt"/>
        <line num="62" count="4" type="stmt"/>
        <line num="63" count="1" type="stmt"/>
        <line num="64" count="1" type="stmt"/>
        <line num="68" count="4" type="stmt"/>
        <line num="70" count="2" type="stmt"/>
        <line num="71" count="1" type="stmt"/>
        <line num="76" count="4" type="stmt"/>
        <line num="79" count="5" type="stmt"/>
        <line num="85" count="0" type="stmt"/>
        <line num="91" count="0" type="stmt"/>
        <line num="99" count="1" type="stmt"/>
      </file>
      <file name="HowToForm.tsx" path="D:\meowseo\src\gutenberg\components\tabs\schema\HowToForm.tsx">
        <metrics statements="30" coveredstatements="20" conditionals="10" coveredconditionals="9" methods="12" coveredmethods="7"/>
        <line num="34" count="1" type="stmt"/>
        <line num="35" count="3" type="stmt"/>
        <line num="38" count="3" type="cond" truecount="1" falsecount="1"/>
        <line num="40" count="3" type="stmt"/>
        <line num="41" count="3" type="stmt"/>
        <line num="43" count="0" type="stmt"/>
        <line num="49" count="3" type="cond" truecount="4" falsecount="0"/>
        <line num="50" count="1" type="stmt"/>
        <line num="54" count="3" type="stmt"/>
        <line num="56" count="0" type="stmt"/>
        <line num="57" count="0" type="stmt"/>
        <line num="63" count="3" type="stmt"/>
        <line num="65" count="0" type="stmt"/>
        <line num="66" count="0" type="stmt"/>
        <line num="67" count="0" type="stmt"/>
        <line num="68" count="0" type="stmt"/>
        <line num="74" count="3" type="stmt"/>
        <line num="75" count="1" type="stmt"/>
        <line num="76" count="1" type="stmt"/>
        <line num="77" count="1" type="stmt"/>
        <line num="81" count="3" type="stmt"/>
        <line num="83" count="2" type="stmt"/>
        <line num="84" count="1" type="stmt"/>
        <line num="85" count="1" type="stmt"/>
        <line num="90" count="3" type="stmt"/>
        <line num="102" count="4" type="stmt"/>
        <line num="108" count="0" type="stmt"/>
        <line num="114" count="0" type="stmt"/>
        <line num="121" count="0" type="stmt"/>
        <line num="129" count="1" type="stmt"/>
      </file>
      <file name="LocalBusinessForm.tsx" path="D:\meowseo\src\gutenberg\components\tabs\schema\LocalBusinessForm.tsx">
        <metrics statements="30" coveredstatements="16" conditionals="10" coveredconditionals="10" methods="15" coveredmethods="4"/>
        <line num="39" count="1" type="stmt"/>
        <line num="40" count="2" type="stmt"/>
        <line num="43" count="2" type="cond" truecount="2" falsecount="0"/>
        <line num="45" count="1" type="stmt"/>
        <line num="46" count="1" type="stmt"/>
        <line num="48" count="0" type="stmt"/>
        <line num="78" count="2" type="cond" truecount="2" falsecount="0"/>
        <line num="79" count="1" type="stmt"/>
        <line num="89" count="2" type="cond" truecount="2" falsecount="0"/>
        <line num="90" count="1" type="stmt"/>
        <line num="94" count="2" type="stmt"/>
        <line num="96" count="1" type="stmt"/>
        <line num="97" count="1" type="stmt"/>
        <line num="103" count="2" type="stmt"/>
        <line num="105" count="0" type="stmt"/>
        <line num="109" count="0" type="stmt"/>
        <line num="115" count="2" type="stmt"/>
        <line num="117" count="0" type="stmt"/>
        <line num="121" count="0" type="stmt"/>
        <line num="126" count="2" type="stmt"/>
        <line num="131" count="1" type="stmt"/>
        <line num="139" count="0" type="stmt"/>
        <line num="145" count="0" type="stmt"/>
        <line num="151" count="0" type="stmt"/>
        <line num="157" count="0" type="stmt"/>
        <line num="163" count="0" type="stmt"/>
        <line num="169" count="0" type="stmt"/>
        <line num="176" count="0" type="stmt"/>
        <line num="186" count="0" type="stmt"/>
        <line num="194" count="0" type="stmt"/>
      </file>
      <file name="ProductForm.tsx" path="D:\meowseo\src\gutenberg\components\tabs\schema\ProductForm.tsx">
        <metrics statements="22" coveredstatements="11" conditionals="4" coveredconditionals="2" methods="10" coveredmethods="3"/>
        <line num="33" count="1" type="stmt"/>
        <line num="34" count="3" type="stmt"/>
        <line num="37" count="3" type="cond" truecount="1" falsecount="1"/>
        <line num="39" count="0" type="stmt"/>
        <line num="40" count="0" type="stmt"/>
        <line num="42" count="0" type="stmt"/>
        <line num="66" count="3" type="cond" truecount="1" falsecount="1"/>
        <line num="67" count="0" type="stmt"/>
        <line num="75" count="3" type="stmt"/>
        <line num="77" count="1" type="stmt"/>
        <line num="78" count="1" type="stmt"/>
        <line num="84" count="3" type="stmt"/>
        <line num="86" count="0" type="stmt"/>
        <line num="90" count="0" type="stmt"/>
        <line num="95" count="3" type="stmt"/>
        <line num="102" count="3" type="stmt"/>
        <line num="107" count="1" type="stmt"/>
        <line num="113" count="0" type="stmt"/>
        <line num="120" count="0" type="stmt"/>
        <line num="129" count="0" type="stmt"/>
        <line num="137" count="0" type="stmt"/>
        <line num="145" count="0" type="stmt"/>
      </file>
      <file name="SchemaTypeSelector.tsx" path="D:\meowseo\src\gutenberg\components\tabs\schema\SchemaTypeSelector.tsx">
        <metrics statements="4" coveredstatements="4" conditionals="0" coveredconditionals="0" methods="1" coveredmethods="1"/>
        <line num="21" count="1" type="stmt"/>
        <line num="22" count="5" type="stmt"/>
        <line num="24" count="5" type="stmt"/>
        <line num="33" count="5" type="stmt"/>
      </file>
    </package>
    <package name="hooks">
      <metrics statements="37" coveredstatements="24" conditionals="20" coveredconditionals="16" methods="10" coveredmethods="8"/>
      <file name="useContentSync.ts" path="D:\meowseo\src\gutenberg\hooks\useContentSync.ts">
        <metrics statements="14" coveredstatements="10" conditionals="12" coveredconditionals="11" methods="5" coveredmethods="5"/>
        <line num="17" count="725" type="stmt"/>
        <line num="20" count="725" type="stmt"/>
        <line num="21" count="725" type="stmt"/>
        <line num="22" count="725" type="stmt"/>
        <line num="25" count="725" type="cond" truecount="1" falsecount="1"/>
        <line num="26" count="0" type="stmt"/>
        <line num="27" count="0" type="stmt"/>
        <line num="36" count="725" type="stmt"/>
        <line num="45" count="0" type="stmt"/>
        <line num="47" count="0" type="stmt"/>
        <line num="58" count="725" type="stmt"/>
        <line num="59" count="725" type="stmt"/>
        <line num="60" count="200" type="stmt"/>
        <line num="70" count="725" type="stmt"/>
      </file>
      <file name="useEntityPropBinding.ts" path="D:\meowseo\src\gutenberg\hooks\useEntityPropBinding.ts">
        <metrics statements="23" coveredstatements="14" conditionals="8" coveredconditionals="5" methods="5" coveredmethods="3"/>
        <line num="38" count="440" type="stmt"/>
        <line num="39" count="440" type="stmt"/>
        <line num="40" count="440" type="stmt"/>
        <line num="43" count="440" type="cond" truecount="1" falsecount="1"/>
        <line num="44" count="0" type="stmt"/>
        <line num="45" count="0" type="stmt"/>
        <line num="51" count="440" type="stmt"/>
        <line num="57" count="0" type="stmt"/>
        <line num="59" count="0" type="stmt"/>
        <line num="67" count="440" type="stmt"/>
        <line num="68" count="440" type="stmt"/>
        <line num="70" count="440" type="stmt"/>
        <line num="71" count="440" type="stmt"/>
        <line num="79" count="0" type="stmt"/>
        <line num="81" count="0" type="stmt"/>
        <line num="82" count="0" type="stmt"/>
        <line num="83" count="0" type="stmt"/>
        <line num="89" count="440" type="cond" truecount="2" falsecount="0"/>
        <line num="93" count="440" type="stmt"/>
        <line num="95" count="420" type="stmt"/>
        <line num="96" count="420" type="stmt"/>
        <line num="99" count="0" type="stmt"/>
        <line num="105" count="440" type="stmt"/>
      </file>
    </package>
    <package name="store">
      <metrics statements="105" coveredstatements="81" conditionals="24" coveredconditionals="9" methods="24" coveredmethods="18"/>
      <file name="actions.ts" path="D:\meowseo\src\gutenberg\store\actions.ts">
        <metrics statements="49" coveredstatements="48" conditionals="4" coveredconditionals="3" methods="11" coveredmethods="11"/>
        <line num="10" count="12" type="stmt"/>
        <line num="11" count="12" type="stmt"/>
        <line num="12" count="12" type="stmt"/>
        <line num="13" count="12" type="stmt"/>
        <line num="47" count="12" type="stmt"/>
        <line num="49" count="569" type="stmt"/>
        <line num="54" count="346" type="stmt"/>
        <line num="59" count="12" type="stmt"/>
        <line num="63" count="378" type="stmt"/>
        <line num="72" count="349" type="stmt"/>
        <line num="92" count="12" type="stmt"/>
        <line num="93" count="34" type="stmt"/>
        <line num="95" count="34" type="stmt"/>
        <line num="96" count="34" type="stmt"/>
        <line num="99" count="34" type="stmt"/>
        <line num="101" count="34" type="stmt"/>
        <line num="103" count="34" type="cond" truecount="2" falsecount="0"/>
        <line num="104" count="5" type="stmt"/>
        <line num="106" count="5" type="stmt"/>
        <line num="107" count="5" type="stmt"/>
        <line num="116" count="5" type="stmt"/>
        <line num="122" count="5" type="stmt"/>
        <line num="128" count="29" type="stmt"/>
        <line num="131" count="28" type="stmt"/>
        <line num="132" count="3" type="stmt"/>
        <line num="133" count="3" type="stmt"/>
        <line num="134" count="3" type="stmt"/>
        <line num="138" count="28" type="stmt"/>
        <line num="143" count="28" type="stmt"/>
        <line num="144" count="17" type="stmt"/>
        <line num="145" count="17" type="stmt"/>
        <line num="148" count="28" type="stmt"/>
        <line num="149" count="8" type="stmt"/>
        <line num="150" count="8" type="stmt"/>
        <line num="154" count="28" type="stmt"/>
        <line num="164" count="17" type="stmt"/>
        <line num="167" count="17" type="stmt"/>
        <line num="174" count="9" type="stmt"/>
        <line num="177" count="9" type="stmt"/>
        <line num="178" count="9" type="stmt"/>
        <line num="179" count="9" type="stmt"/>
        <line num="188" count="9" type="stmt"/>
        <line num="194" count="0" type="stmt"/>
        <line num="198" count="31" type="stmt"/>
        <line num="207" count="42" type="stmt"/>
        <line num="208" count="42" type="stmt"/>
        <line num="209" count="41" type="stmt"/>
        <line num="210" count="41" type="cond" truecount="1" falsecount="1"/>
        <line num="212" count="1" type="stmt"/>
      </file>
      <file name="index.ts" path="D:\meowseo\src\gutenberg\store\index.ts">
        <metrics statements="4" coveredstatements="4" conditionals="0" coveredconditionals="0" methods="0" coveredmethods="0"/>
        <line num="16" count="4" type="stmt"/>
        <line num="19" count="4" type="stmt"/>
        <line num="28" count="4" type="stmt"/>
        <line num="36" count="4" type="stmt"/>
      </file>
      <file name="reducer.ts" path="D:\meowseo\src\gutenberg\store\reducer.ts">
        <metrics statements="8" coveredstatements="8" conditionals="6" coveredconditionals="6" methods="1" coveredmethods="1"/>
        <line num="15" count="6" type="stmt"/>
        <line num="32" count="6" type="stmt"/>
        <line num="36" count="1433" type="cond" truecount="5" falsecount="0"/>
        <line num="38" count="367" type="stmt"/>
        <line num="44" count="344" type="stmt"/>
        <line num="50" count="375" type="stmt"/>
        <line num="58" count="345" type="stmt"/>
        <line num="64" count="2" type="stmt"/>
      </file>
      <file name="selectors.ts" path="D:\meowseo\src\gutenberg\store\selectors.ts">
        <metrics statements="44" coveredstatements="21" conditionals="14" coveredconditionals="0" methods="12" coveredmethods="6"/>
        <line num="11" count="5" type="stmt"/>
        <line num="12" count="2" type="stmt"/>
        <line num="15" count="5" type="stmt"/>
        <line num="16" count="2" type="stmt"/>
        <line num="19" count="5" type="stmt"/>
        <line num="20" count="6" type="stmt"/>
        <line num="23" count="5" type="stmt"/>
        <line num="24" count="2" type="stmt"/>
        <line num="29" count="5" type="stmt"/>
        <line num="30" count="2" type="stmt"/>
        <line num="33" count="5" type="stmt"/>
        <line num="34" count="2" type="stmt"/>
        <line num="38" count="5" type="stmt"/>
        <line num="39" count="5" type="stmt"/>
        <line num="41" count="5" type="stmt"/>
        <line num="43" count="0" type="cond" truecount="0" falsecount="2"/>
        <line num="44" count="0" type="stmt"/>
        <line num="45" count="0" type="stmt"/>
        <line num="46" count="0" type="stmt"/>
        <line num="47" count="0" type="stmt"/>
        <line num="48" count="0" type="stmt"/>
        <line num="51" count="0" type="stmt"/>
        <line num="55" count="5" type="stmt"/>
        <line num="56" count="5" type="stmt"/>
        <line num="58" count="5" type="stmt"/>
        <line num="60" count="0" type="cond" truecount="0" falsecount="2"/>
        <line num="61" count="0" type="stmt"/>
        <line num="62" count="0" type="cond" truecount="0" falsecount="2"/>
        <line num="63" count="0" type="stmt"/>
        <line num="64" count="0" type="cond" truecount="0" falsecount="2"/>
        <line num="65" count="0" type="stmt"/>
        <line num="67" count="0" type="stmt"/>
        <line num="70" count="0" type="stmt"/>
        <line num="73" count="5" type="stmt"/>
        <line num="74" count="5" type="stmt"/>
        <line num="76" count="5" type="stmt"/>
        <line num="78" count="0" type="cond" truecount="0" falsecount="2"/>
        <line num="79" count="0" type="stmt"/>
        <line num="80" count="0" type="cond" truecount="0" falsecount="2"/>
        <line num="81" count="0" type="stmt"/>
        <line num="82" count="0" type="cond" truecount="0" falsecount="2"/>
        <line num="83" count="0" type="stmt"/>
        <line num="85" count="0" type="stmt"/>
        <line num="88" count="0" type="stmt"/>
      </file>
      <file name="types.ts" path="D:\meowseo\src\gutenberg\store\types.ts">
        <metrics statements="0" coveredstatements="0" conditionals="0" coveredconditionals="0" methods="0" coveredmethods="0"/>
      </file>
    </package>
    <package name="utils">
      <metrics statements="29" coveredstatements="29" conditionals="18" coveredconditionals="18" methods="2" coveredmethods="2"/>
      <file name="plugin-sidebar-compat.tsx" path="D:\meowseo\src\gutenberg\utils\plugin-sidebar-compat.tsx">
        <metrics statements="13" coveredstatements="13" conditionals="2" coveredconditionals="2" methods="1" coveredmethods="1"/>
        <line num="29" count="6" type="cond" truecount="2" falsecount="0"/>
        <line num="31" count="3" type="stmt"/>
        <line num="32" count="3" type="stmt"/>
        <line num="33" count="2" type="stmt"/>
        <line num="35" count="1" type="stmt"/>
        <line num="37" count="1" type="stmt"/>
        <line num="38" count="1" type="stmt"/>
        <line num="42" count="3" type="stmt"/>
        <line num="43" count="3" type="stmt"/>
        <line num="44" count="2" type="stmt"/>
        <line num="46" count="1" type="stmt"/>
        <line num="48" count="1" type="stmt"/>
        <line num="61" count="6" type="stmt"/>
      </file>
      <file name="version-detection.ts" path="D:\meowseo\src\gutenberg\utils\version-detection.ts">
        <metrics statements="16" coveredstatements="16" conditionals="16" coveredconditionals="16" methods="1" coveredmethods="1"/>
        <line num="27" count="10" type="cond" truecount="4" falsecount="0"/>
        <line num="28" count="3" type="stmt"/>
        <line num="29" count="3" type="stmt"/>
        <line num="33" count="7" type="stmt"/>
        <line num="34" count="7" type="stmt"/>
        <line num="35" count="6" type="cond" truecount="4" falsecount="0"/>
        <line num="36" count="3" type="stmt"/>
        <line num="40" count="3" type="cond" truecount="4" falsecount="0"/>
        <line num="41" count="2" type="stmt"/>
        <line num="45" count="1" type="stmt"/>
        <line num="50" count="5" type="stmt"/>
        <line num="52" count="5" type="stmt"/>
        <line num="53" count="5" type="cond" truecount="4" falsecount="0"/>
        <line num="54" count="1" type="stmt"/>
        <line num="61" count="4" type="stmt"/>
        <line num="69" count="1" type="stmt"/>
      </file>
    </package>
    <package name="workers">
      <metrics statements="52" coveredstatements="50" conditionals="20" coveredconditionals="20" methods="5" coveredmethods="4"/>
      <file name="analysis-worker.ts" path="D:\meowseo\src\gutenberg\workers\analysis-worker.ts">
        <metrics statements="52" coveredstatements="50" conditionals="20" coveredconditionals="20" methods="5" coveredmethods="4"/>
        <line num="33" count="7062" type="stmt"/>
        <line num="34" count="7062" type="cond" truecount="2" falsecount="0"/>
        <line num="36" count="45" type="stmt"/>
        <line num="40" count="7017" type="stmt"/>
        <line num="41" count="7017" type="stmt"/>
        <line num="42" count="7017" type="cond" truecount="2" falsecount="0"/>
        <line num="49" count="7062" type="stmt"/>
        <line num="50" count="7062" type="stmt"/>
        <line num="53" count="7062" type="stmt"/>
        <line num="55" count="22" type="stmt"/>
        <line num="56" count="22" type="stmt"/>
        <line num="59" count="7062" type="stmt"/>
        <line num="66" count="7867" type="stmt"/>
        <line num="67" count="7867" type="stmt"/>
        <line num="68" count="7867" type="stmt"/>
        <line num="71" count="7867" type="cond" truecount="2" falsecount="0"/>
        <line num="72" count="805" type="stmt"/>
        <line num="79" count="7062" type="stmt"/>
        <line num="82" count="7062" type="cond" truecount="2" falsecount="0"/>
        <line num="83" count="73" type="stmt"/>
        <line num="88" count="73" type="stmt"/>
        <line num="90" count="6989" type="stmt"/>
        <line num="98" count="7062" type="cond" truecount="2" falsecount="0"/>
        <line num="99" count="75" type="stmt"/>
        <line num="104" count="75" type="stmt"/>
        <line num="106" count="6987" type="stmt"/>
        <line num="114" count="7062" type="stmt"/>
        <line num="115" count="7062" type="cond" truecount="2" falsecount="0"/>
        <line num="116" count="96" type="stmt"/>
        <line num="121" count="96" type="stmt"/>
        <line num="123" count="6966" type="stmt"/>
        <line num="131" count="7062" type="stmt"/>
        <line num="132" count="7062" type="stmt"/>
        <line num="133" count="22" type="stmt"/>
        <line num="135" count="7062" type="cond" truecount="2" falsecount="0"/>
        <line num="136" count="20" type="stmt"/>
        <line num="141" count="20" type="stmt"/>
        <line num="143" count="7042" type="stmt"/>
        <line num="151" count="7062" type="stmt"/>
        <line num="152" count="7062" type="cond" truecount="2" falsecount="0"/>
        <line num="153" count="67" type="stmt"/>
        <line num="158" count="67" type="stmt"/>
        <line num="160" count="6995" type="stmt"/>
        <line num="169" count="7062" type="cond" truecount="2" falsecount="0"/>
        <line num="170" count="7014" type="stmt"/>
        <line num="171" count="48" type="cond" truecount="2" falsecount="0"/>
        <line num="172" count="27" type="stmt"/>
        <line num="174" count="21" type="stmt"/>
        <line num="177" count="7062" type="stmt"/>
        <line num="181" count="5" type="stmt"/>
        <line num="182" count="0" type="stmt"/>
        <line num="183" count="0" type="stmt"/>
      </file>
    </package>
  </project>
</coverage>
