{"D:\\meowseo\\src\\gutenberg\\components\\ContentScoreWidget.tsx": {"path":"D:\\meowseo\\src\\gutenberg\\components\\ContentScoreWidget.tsx","statementMap":{"0":{"start":{"line":24,"column":22},"end":{"line":32,"column":1}},"1":{"start":{"line":25,"column":2},"end":{"line":31,"column":3}},"2":{"start":{"line":26,"column":4},"end":{"line":26,"column":21}},"3":{"start":{"line":27,"column":9},"end":{"line":31,"column":3}},"4":{"start":{"line":28,"column":4},"end":{"line":28,"column":21}},"5":{"start":{"line":30,"column":4},"end":{"line":30,"column":21}},"6":{"start":{"line":39,"column":44},"end":{"line":120,"column":2}},"7":{"start":{"line":40,"column":54},"end":{"line":64,"column":8}},"8":{"start":{"line":41,"column":4},"end":{"line":63,"column":5}},"9":{"start":{"line":42,"column":20},"end":{"line":42,"column":45}},"10":{"start":{"line":43,"column":6},"end":{"line":50,"column":7}},"11":{"start":{"line":44,"column":8},"end":{"line":44,"column":88}},"12":{"start":{"line":45,"column":8},"end":{"line":49,"column":10}},"13":{"start":{"line":51,"column":6},"end":{"line":55,"column":8}},"14":{"start":{"line":57,"column":6},"end":{"line":57,"column":78}},"15":{"start":{"line":58,"column":6},"end":{"line":62,"column":8}},"16":{"start":{"line":66,"column":29},"end":{"line":66,"column":59}},"17":{"start":{"line":69,"column":24},"end":{"line":71,"column":22}},"18":{"start":{"line":70,"column":4},"end":{"line":70,"column":21}},"19":{"start":{"line":73,"column":2},"end":{"line":119,"column":4}}},"fnMap":{"0":{"name":"(anonymous_0)","decl":{"start":{"line":24,"column":22},"end":{"line":24,"column":23}},"loc":{"start":{"line":24,"column":49},"end":{"line":32,"column":1}},"line":24},"1":{"name":"(anonymous_1)","decl":{"start":{"line":39,"column":49},"end":{"line":39,"column":50}},"loc":{"start":{"line":39,"column":55},"end":{"line":120,"column":1}},"line":39},"2":{"name":"(anonymous_2)","decl":{"start":{"line":40,"column":64},"end":{"line":40,"column":65}},"loc":{"start":{"line":40,"column":76},"end":{"line":64,"column":3}},"line":40},"3":{"name":"(anonymous_3)","decl":{"start":{"line":69,"column":36},"end":{"line":69,"column":37}},"loc":{"start":{"line":69,"column":42},"end":{"line":71,"column":3}},"line":69}},"branchMap":{"0":{"loc":{"start":{"line":25,"column":2},"end":{"line":31,"column":3}},"type":"if","locations":[{"start":{"line":25,"column":2},"end":{"line":31,"column":3}},{"start":{"line":27,"column":9},"end":{"line":31,"column":3}}],"line":25},"1":{"loc":{"start":{"line":27,"column":9},"end":{"line":31,"column":3}},"type":"if","locations":[{"start":{"line":27,"column":9},"end":{"line":31,"column":3}},{"start":{"line":29,"column":9},"end":{"line":31,"column":3}}],"line":27},"2":{"loc":{"start":{"line":43,"column":6},"end":{"line":50,"column":7}},"type":"if","locations":[{"start":{"line":43,"column":6},"end":{"line":50,"column":7}},{"start":{},"end":{}}],"line":43},"3":{"loc":{"start":{"line":108,"column":11},"end":{"line":115,"column":11}},"type":"cond-expr","locations":[{"start":{"line":109,"column":12},"end":{"line":112,"column":15}},{"start":{"line":114,"column":12},"end":{"line":114,"column":36}}],"line":108}},"s":{"0":2,"1":64,"2":6,"3":58,"4":29,"5":29,"6":2,"7":32,"8":0,"9":0,"10":0,"11":0,"12":0,"13":0,"14":0,"15":0,"16":32,"17":32,"18":1,"19":32},"f":{"0":64,"1":32,"2":0,"3":1},"b":{"0":[6,58],"1":[29,29],"2":[0,0],"3":[5,27]},"_coverageSchema":"1a1c01bbd47fc00a2c39e90264f33305004495a9","hash":"1896382eff1bfb693ea5a6a5de5ea964e2585e0a"}
,"D:\\meowseo\\src\\gutenberg\\components\\ErrorBoundary.tsx": {"path":"D:\\meowseo\\src\\gutenberg\\components\\ErrorBoundary.tsx","statementMap":{"0":{"start":{"line":33,"column":4},"end":{"line":33,"column":17}},"1":{"start":{"line":34,"column":4},"end":{"line":37,"column":6}},"2":{"start":{"line":42,"column":4},"end":{"line":45,"column":6}},"3":{"start":{"line":50,"column":4},"end":{"line":50,"column":79}},"4":{"start":{"line":54,"column":4},"end":{"line":72,"column":5}},"5":{"start":{"line":56,"column":6},"end":{"line":71,"column":8}},"6":{"start":{"line":65,"column":29},"end":{"line":65,"column":53}},"7":{"start":{"line":74,"column":4},"end":{"line":74,"column":31}}},"fnMap":{"0":{"name":"(anonymous_0)","decl":{"start":{"line":32,"column":2},"end":{"line":32,"column":3}},"loc":{"start":{"line":32,"column":41},"end":{"line":38,"column":3}},"line":32},"1":{"name":"(anonymous_1)","decl":{"start":{"line":40,"column":2},"end":{"line":40,"column":3}},"loc":{"start":{"line":40,"column":68},"end":{"line":46,"column":3}},"line":40},"2":{"name":"(anonymous_2)","decl":{"start":{"line":48,"column":2},"end":{"line":48,"column":3}},"loc":{"start":{"line":48,"column":56},"end":{"line":51,"column":3}},"line":48},"3":{"name":"(anonymous_3)","decl":{"start":{"line":53,"column":2},"end":{"line":53,"column":3}},"loc":{"start":{"line":53,"column":22},"end":{"line":75,"column":3}},"line":53},"4":{"name":"(anonymous_4)","decl":{"start":{"line":65,"column":23},"end":{"line":65,"column":24}},"loc":{"start":{"line":65,"column":29},"end":{"line":65,"column":53}},"line":65}},"branchMap":{"0":{"loc":{"start":{"line":54,"column":4},"end":{"line":72,"column":5}},"type":"if","locations":[{"start":{"line":54,"column":4},"end":{"line":72,"column":5}},{"start":{},"end":{}}],"line":54}},"s":{"0":8,"1":7,"2":6,"3":3,"4":13,"5":6,"6":0,"7":7},"f":{"0":8,"1":6,"2":3,"3":13,"4":0},"b":{"0":[6,7]},"_coverageSchema":"1a1c01bbd47fc00a2c39e90264f33305004495a9","hash":"50486d6b2030834564e4613a4698906d274d692e"}
,"D:\\meowseo\\src\\gutenberg\\components\\Sidebar.tsx": {"path":"D:\\meowseo\\src\\gutenberg\\components\\Sidebar.tsx","statementMap":{"0":{"start":{"line":19,"column":33},"end":{"line":57,"column":1}},"1":{"start":{"line":22,"column":2},"end":{"line":22,"column":19}},"2":{"start":{"line":25,"column":24},"end":{"line":43,"column":8}},"3":{"start":{"line":26,"column":4},"end":{"line":42,"column":5}},"4":{"start":{"line":27,"column":20},"end":{"line":27,"column":45}},"5":{"start":{"line":28,"column":6},"end":{"line":33,"column":7}},"6":{"start":{"line":29,"column":8},"end":{"line":29,"column":66}},"7":{"start":{"line":30,"column":8},"end":{"line":32,"column":10}},"8":{"start":{"line":34,"column":6},"end":{"line":36,"column":8}},"9":{"start":{"line":38,"column":6},"end":{"line":38,"column":78}},"10":{"start":{"line":39,"column":6},"end":{"line":41,"column":8}},"11":{"start":{"line":45,"column":2},"end":{"line":56,"column":4}}},"fnMap":{"0":{"name":"(anonymous_0)","decl":{"start":{"line":19,"column":33},"end":{"line":19,"column":34}},"loc":{"start":{"line":19,"column":39},"end":{"line":57,"column":1}},"line":19},"1":{"name":"(anonymous_1)","decl":{"start":{"line":25,"column":34},"end":{"line":25,"column":35}},"loc":{"start":{"line":25,"column":46},"end":{"line":43,"column":3}},"line":25}},"branchMap":{"0":{"loc":{"start":{"line":28,"column":6},"end":{"line":33,"column":7}},"type":"if","locations":[{"start":{"line":28,"column":6},"end":{"line":33,"column":7}},{"start":{},"end":{}}],"line":28}},"s":{"0":3,"1":219,"2":219,"3":219,"4":219,"5":219,"6":0,"7":0,"8":219,"9":0,"10":0,"11":219},"f":{"0":219,"1":219},"b":{"0":[0,219]},"_coverageSchema":"1a1c01bbd47fc00a2c39e90264f33305004495a9","hash":"61a78f5fd4144d36118557af234d267daf13f162"}
,"D:\\meowseo\\src\\gutenberg\\components\\TabBar.tsx": {"path":"D:\\meowseo\\src\\gutenberg\\components\\TabBar.tsx","statementMap":{"0":{"start":{"line":22,"column":32},"end":{"line":76,"column":2}},"1":{"start":{"line":23,"column":24},"end":{"line":41,"column":8}},"2":{"start":{"line":24,"column":4},"end":{"line":40,"column":5}},"3":{"start":{"line":25,"column":20},"end":{"line":25,"column":45}},"4":{"start":{"line":26,"column":6},"end":{"line":31,"column":7}},"5":{"start":{"line":27,"column":8},"end":{"line":27,"column":76}},"6":{"start":{"line":28,"column":8},"end":{"line":30,"column":10}},"7":{"start":{"line":32,"column":6},"end":{"line":34,"column":8}},"8":{"start":{"line":36,"column":6},"end":{"line":36,"column":78}},"9":{"start":{"line":37,"column":6},"end":{"line":39,"column":8}},"10":{"start":{"line":43,"column":27},"end":{"line":43,"column":57}},"11":{"start":{"line":46,"column":54},"end":{"line":51,"column":8}},"12":{"start":{"line":46,"column":68},"end":{"line":51,"column":3}},"13":{"start":{"line":54,"column":25},"end":{"line":56,"column":20}},"14":{"start":{"line":55,"column":4},"end":{"line":55,"column":24}},"15":{"start":{"line":58,"column":2},"end":{"line":75,"column":4}},"16":{"start":{"line":61,"column":8},"end":{"line":72,"column":17}},"17":{"start":{"line":68,"column":25},"end":{"line":68,"column":47}}},"fnMap":{"0":{"name":"(anonymous_0)","decl":{"start":{"line":22,"column":37},"end":{"line":22,"column":38}},"loc":{"start":{"line":22,"column":43},"end":{"line":76,"column":1}},"line":22},"1":{"name":"(anonymous_1)","decl":{"start":{"line":23,"column":34},"end":{"line":23,"column":35}},"loc":{"start":{"line":23,"column":46},"end":{"line":41,"column":3}},"line":23},"2":{"name":"(anonymous_2)","decl":{"start":{"line":46,"column":62},"end":{"line":46,"column":63}},"loc":{"start":{"line":46,"column":68},"end":{"line":51,"column":3}},"line":46},"3":{"name":"(anonymous_3)","decl":{"start":{"line":54,"column":37},"end":{"line":54,"column":38}},"loc":{"start":{"line":54,"column":57},"end":{"line":56,"column":3}},"line":54},"4":{"name":"(anonymous_4)","decl":{"start":{"line":60,"column":16},"end":{"line":60,"column":17}},"loc":{"start":{"line":61,"column":8},"end":{"line":72,"column":17}},"line":61},"5":{"name":"(anonymous_5)","decl":{"start":{"line":68,"column":19},"end":{"line":68,"column":20}},"loc":{"start":{"line":68,"column":25},"end":{"line":68,"column":47}},"line":68}},"branchMap":{"0":{"loc":{"start":{"line":26,"column":6},"end":{"line":31,"column":7}},"type":"if","locations":[{"start":{"line":26,"column":6},"end":{"line":31,"column":7}},{"start":{},"end":{}}],"line":26},"1":{"loc":{"start":{"line":67,"column":36},"end":{"line":67,"column":75}},"type":"cond-expr","locations":[{"start":{"line":67,"column":59},"end":{"line":67,"column":70}},{"start":{"line":67,"column":73},"end":{"line":67,"column":75}}],"line":67}},"s":{"0":2,"1":15,"2":7,"3":7,"4":7,"5":0,"6":0,"7":7,"8":0,"9":0,"10":15,"11":15,"12":15,"13":15,"14":5,"15":15,"16":60,"17":5},"f":{"0":15,"1":7,"2":15,"3":5,"4":60,"5":5},"b":{"0":[0,7],"1":[15,45]},"_coverageSchema":"1a1c01bbd47fc00a2c39e90264f33305004495a9","hash":"d2b121718e78846b012b7849505d68e801d18006"}
,"D:\\meowseo\\src\\gutenberg\\components\\TabContent.test-helper.tsx": {"path":"D:\\meowseo\\src\\gutenberg\\components\\TabContent.test-helper.tsx","statementMap":{"0":{"start":{"line":15,"column":46},"end":{"line":67,"column":1}},"1":{"start":{"line":16,"column":24},"end":{"line":21,"column":8}},"2":{"start":{"line":17,"column":18},"end":{"line":17,"column":43}},"3":{"start":{"line":18,"column":4},"end":{"line":20,"column":6}},"4":{"start":{"line":23,"column":2},"end":{"line":66,"column":4}}},"fnMap":{"0":{"name":"(anonymous_0)","decl":{"start":{"line":15,"column":46},"end":{"line":15,"column":47}},"loc":{"start":{"line":15,"column":52},"end":{"line":67,"column":1}},"line":15},"1":{"name":"(anonymous_1)","decl":{"start":{"line":16,"column":34},"end":{"line":16,"column":35}},"loc":{"start":{"line":16,"column":46},"end":{"line":21,"column":3}},"line":16}},"branchMap":{"0":{"loc":{"start":{"line":25,"column":7},"end":{"line":34,"column":7}},"type":"binary-expr","locations":[{"start":{"line":25,"column":7},"end":{"line":25,"column":30}},{"start":{"line":26,"column":8},"end":{"line":33,"column":14}}],"line":25},"1":{"loc":{"start":{"line":35,"column":7},"end":{"line":44,"column":7}},"type":"binary-expr","locations":[{"start":{"line":35,"column":7},"end":{"line":35,"column":29}},{"start":{"line":36,"column":8},"end":{"line":43,"column":14}}],"line":35},"2":{"loc":{"start":{"line":45,"column":7},"end":{"line":54,"column":7}},"type":"binary-expr","locations":[{"start":{"line":45,"column":7},"end":{"line":45,"column":29}},{"start":{"line":46,"column":8},"end":{"line":53,"column":14}}],"line":45},"3":{"loc":{"start":{"line":55,"column":7},"end":{"line":64,"column":7}},"type":"binary-expr","locations":[{"start":{"line":55,"column":7},"end":{"line":55,"column":31}},{"start":{"line":56,"column":8},"end":{"line":63,"column":14}}],"line":55}},"s":{"0":2,"1":337,"2":337,"3":337,"4":337},"f":{"0":337,"1":337},"b":{"0":[337,93],"1":[337,78],"2":[337,78],"3":[337,88]},"_coverageSchema":"1a1c01bbd47fc00a2c39e90264f33305004495a9","hash":"ad9671846242ed9ff230a6232602e3a94b2087dd"}
,"D:\\meowseo\\src\\gutenberg\\components\\tabs\\AdvancedTabContent.tsx": {"path":"D:\\meowseo\\src\\gutenberg\\components\\tabs\\AdvancedTabContent.tsx","statementMap":{"0":{"start":{"line":22,"column":37},"end":{"line":30,"column":1}},"1":{"start":{"line":23,"column":2},"end":{"line":29,"column":4}}},"fnMap":{"0":{"name":"(anonymous_0)","decl":{"start":{"line":22,"column":37},"end":{"line":22,"column":38}},"loc":{"start":{"line":22,"column":43},"end":{"line":30,"column":1}},"line":22}},"branchMap":{},"s":{"0":1,"1":6},"f":{"0":6},"b":{},"_coverageSchema":"1a1c01bbd47fc00a2c39e90264f33305004495a9","hash":"2b1b15effff73094ab663f7d7d93f77583c1f5dd"}
,"D:\\meowseo\\src\\gutenberg\\components\\tabs\\CanonicalURLInput.tsx": {"path":"D:\\meowseo\\src\\gutenberg\\components\\tabs\\CanonicalURLInput.tsx","statementMap":{"0":{"start":{"line":24,"column":36},"end":{"line":71,"column":1}},"1":{"start":{"line":27,"column":36},"end":{"line":27,"column":78}},"2":{"start":{"line":31,"column":28},"end":{"line":43,"column":17}},"3":{"start":{"line":32,"column":4},"end":{"line":42,"column":5}},"4":{"start":{"line":33,"column":27},"end":{"line":33,"column":48}},"5":{"start":{"line":34,"column":6},"end":{"line":36,"column":7}},"6":{"start":{"line":35,"column":8},"end":{"line":35,"column":31}},"7":{"start":{"line":37,"column":24},"end":{"line":37,"column":57}},"8":{"start":{"line":38,"column":6},"end":{"line":38,"column":36}},"9":{"start":{"line":40,"column":6},"end":{"line":40,"column":82}},"10":{"start":{"line":41,"column":6},"end":{"line":41,"column":29}},"11":{"start":{"line":45,"column":2},"end":{"line":70,"column":4}}},"fnMap":{"0":{"name":"(anonymous_0)","decl":{"start":{"line":24,"column":36},"end":{"line":24,"column":37}},"loc":{"start":{"line":24,"column":42},"end":{"line":71,"column":1}},"line":24},"1":{"name":"(anonymous_1)","decl":{"start":{"line":31,"column":38},"end":{"line":31,"column":39}},"loc":{"start":{"line":31,"column":55},"end":{"line":43,"column":3}},"line":31}},"branchMap":{"0":{"loc":{"start":{"line":34,"column":6},"end":{"line":36,"column":7}},"type":"if","locations":[{"start":{"line":34,"column":6},"end":{"line":36,"column":7}},{"start":{},"end":{}}],"line":34},"1":{"loc":{"start":{"line":35,"column":15},"end":{"line":35,"column":30}},"type":"binary-expr","locations":[{"start":{"line":35,"column":15},"end":{"line":35,"column":24}},{"start":{"line":35,"column":28},"end":{"line":35,"column":30}}],"line":35},"2":{"loc":{"start":{"line":37,"column":24},"end":{"line":37,"column":57}},"type":"binary-expr","locations":[{"start":{"line":37,"column":24},"end":{"line":37,"column":51}},{"start":{"line":37,"column":55},"end":{"line":37,"column":57}}],"line":37},"3":{"loc":{"start":{"line":38,"column":13},"end":{"line":38,"column":35}},"type":"binary-expr","locations":[{"start":{"line":38,"column":13},"end":{"line":38,"column":22}},{"start":{"line":38,"column":26},"end":{"line":38,"column":35}}],"line":38},"4":{"loc":{"start":{"line":41,"column":13},"end":{"line":41,"column":28}},"type":"binary-expr","locations":[{"start":{"line":41,"column":13},"end":{"line":41,"column":22}},{"start":{"line":41,"column":26},"end":{"line":41,"column":28}}],"line":41}},"s":{"0":2,"1":11,"2":11,"3":1,"4":1,"5":1,"6":0,"7":1,"8":1,"9":0,"10":0,"11":11},"f":{"0":11,"1":1},"b":{"0":[0,1],"1":[0,0],"2":[1,0],"3":[1,0],"4":[0,0]},"_coverageSchema":"1a1c01bbd47fc00a2c39e90264f33305004495a9","hash":"3d91655b5f7a8b38087cba45e7e5a93c2998b876"}
,"D:\\meowseo\\src\\gutenberg\\components\\tabs\\DirectAnswerField.tsx": {"path":"D:\\meowseo\\src\\gutenberg\\components\\tabs\\DirectAnswerField.tsx","statementMap":{"0":{"start":{"line":22,"column":36},"end":{"line":39,"column":1}},"1":{"start":{"line":24,"column":42},"end":{"line":24,"column":88}},"2":{"start":{"line":26,"column":2},"end":{"line":38,"column":4}}},"fnMap":{"0":{"name":"(anonymous_0)","decl":{"start":{"line":22,"column":36},"end":{"line":22,"column":37}},"loc":{"start":{"line":22,"column":42},"end":{"line":39,"column":1}},"line":22}},"branchMap":{},"s":{"0":3,"1":20,"2":20},"f":{"0":20},"b":{},"_coverageSchema":"1a1c01bbd47fc00a2c39e90264f33305004495a9","hash":"328236a0f6d81381ed7040f8cb0f961973270bdb"}
,"D:\\meowseo\\src\\gutenberg\\components\\tabs\\FacebookSubTab.tsx": {"path":"D:\\meowseo\\src\\gutenberg\\components\\tabs\\FacebookSubTab.tsx","statementMap":{"0":{"start":{"line":24,"column":33},"end":{"line":153,"column":1}},"1":{"start":{"line":26,"column":32},"end":{"line":26,"column":73}},"2":{"start":{"line":27,"column":44},"end":{"line":27,"column":91}},"3":{"start":{"line":28,"column":36},"end":{"line":28,"column":80}},"4":{"start":{"line":31,"column":37},"end":{"line":51,"column":8}},"5":{"start":{"line":32,"column":4},"end":{"line":50,"column":5}},"6":{"start":{"line":33,"column":27},"end":{"line":33,"column":48}},"7":{"start":{"line":34,"column":6},"end":{"line":39,"column":7}},"8":{"start":{"line":35,"column":8},"end":{"line":38,"column":10}},"9":{"start":{"line":40,"column":6},"end":{"line":43,"column":8}},"10":{"start":{"line":45,"column":6},"end":{"line":45,"column":73}},"11":{"start":{"line":46,"column":6},"end":{"line":49,"column":8}},"12":{"start":{"line":54,"column":19},"end":{"line":63,"column":17}},"13":{"start":{"line":55,"column":4},"end":{"line":62,"column":5}},"14":{"start":{"line":56,"column":6},"end":{"line":56,"column":32}},"15":{"start":{"line":56,"column":22},"end":{"line":56,"column":32}},"16":{"start":{"line":57,"column":20},"end":{"line":57,"column":64}},"17":{"start":{"line":58,"column":6},"end":{"line":58,"column":37}},"18":{"start":{"line":60,"column":6},"end":{"line":60,"column":60}},"19":{"start":{"line":61,"column":6},"end":{"line":61,"column":16}},"20":{"start":{"line":66,"column":23},"end":{"line":66,"column":78}},"21":{"start":{"line":67,"column":29},"end":{"line":67,"column":98}},"22":{"start":{"line":69,"column":2},"end":{"line":152,"column":4}},"23":{"start":{"line":96,"column":36},"end":{"line":96,"column":66}},"24":{"start":{"line":100,"column":12},"end":{"line":122,"column":18}},"25":{"start":{"line":116,"column":35},"end":{"line":116,"column":51}}},"fnMap":{"0":{"name":"(anonymous_0)","decl":{"start":{"line":24,"column":33},"end":{"line":24,"column":34}},"loc":{"start":{"line":24,"column":39},"end":{"line":153,"column":1}},"line":24},"1":{"name":"(anonymous_1)","decl":{"start":{"line":31,"column":47},"end":{"line":31,"column":48}},"loc":{"start":{"line":31,"column":64},"end":{"line":51,"column":3}},"line":31},"2":{"name":"(anonymous_2)","decl":{"start":{"line":54,"column":29},"end":{"line":54,"column":30}},"loc":{"start":{"line":54,"column":46},"end":{"line":63,"column":3}},"line":54},"3":{"name":"(anonymous_3)","decl":{"start":{"line":96,"column":20},"end":{"line":96,"column":21}},"loc":{"start":{"line":96,"column":36},"end":{"line":96,"column":66}},"line":96},"4":{"name":"(anonymous_4)","decl":{"start":{"line":99,"column":18},"end":{"line":99,"column":19}},"loc":{"start":{"line":100,"column":12},"end":{"line":122,"column":18}},"line":100},"5":{"name":"(anonymous_5)","decl":{"start":{"line":116,"column":29},"end":{"line":116,"column":30}},"loc":{"start":{"line":116,"column":35},"end":{"line":116,"column":51}},"line":116}},"branchMap":{"0":{"loc":{"start":{"line":34,"column":6},"end":{"line":39,"column":7}},"type":"if","locations":[{"start":{"line":34,"column":6},"end":{"line":39,"column":7}},{"start":{},"end":{}}],"line":34},"1":{"loc":{"start":{"line":41,"column":19},"end":{"line":41,"column":69}},"type":"binary-expr","locations":[{"start":{"line":41,"column":19},"end":{"line":41,"column":63}},{"start":{"line":41,"column":67},"end":{"line":41,"column":69}}],"line":41},"2":{"loc":{"start":{"line":42,"column":21},"end":{"line":42,"column":73}},"type":"binary-expr","locations":[{"start":{"line":42,"column":21},"end":{"line":42,"column":67}},{"start":{"line":42,"column":71},"end":{"line":42,"column":73}}],"line":42},"3":{"loc":{"start":{"line":56,"column":6},"end":{"line":56,"column":32}},"type":"if","locations":[{"start":{"line":56,"column":6},"end":{"line":56,"column":32}},{"start":{},"end":{}}],"line":56},"4":{"loc":{"start":{"line":58,"column":13},"end":{"line":58,"column":36}},"type":"binary-expr","locations":[{"start":{"line":58,"column":13},"end":{"line":58,"column":30}},{"start":{"line":58,"column":34},"end":{"line":58,"column":36}}],"line":58},"5":{"loc":{"start":{"line":66,"column":23},"end":{"line":66,"column":78}},"type":"binary-expr","locations":[{"start":{"line":66,"column":23},"end":{"line":66,"column":30}},{"start":{"line":66,"column":34},"end":{"line":66,"column":43}},{"start":{"line":66,"column":47},"end":{"line":66,"column":78}}],"line":66},"6":{"loc":{"start":{"line":67,"column":29},"end":{"line":67,"column":98}},"type":"binary-expr","locations":[{"start":{"line":67,"column":29},"end":{"line":67,"column":42}},{"start":{"line":67,"column":46},"end":{"line":67,"column":57}},{"start":{"line":67,"column":61},"end":{"line":67,"column":98}}],"line":67},"7":{"loc":{"start":{"line":98,"column":17},"end":{"line":98,"column":60}},"type":"cond-expr","locations":[{"start":{"line":98,"column":29},"end":{"line":98,"column":48}},{"start":{"line":98,"column":51},"end":{"line":98,"column":60}}],"line":98},"8":{"loc":{"start":{"line":101,"column":15},"end":{"line":107,"column":15}},"type":"binary-expr","locations":[{"start":{"line":101,"column":15},"end":{"line":101,"column":23}},{"start":{"line":102,"column":16},"end":{"line":106,"column":18}}],"line":101},"9":{"loc":{"start":{"line":110,"column":19},"end":{"line":110,"column":91}},"type":"cond-expr","locations":[{"start":{"line":110,"column":30},"end":{"line":110,"column":59}},{"start":{"line":110,"column":62},"end":{"line":110,"column":91}}],"line":110},"10":{"loc":{"start":{"line":112,"column":17},"end":{"line":120,"column":17}},"type":"binary-expr","locations":[{"start":{"line":112,"column":17},"end":{"line":112,"column":25}},{"start":{"line":113,"column":18},"end":{"line":119,"column":27}}],"line":112},"11":{"loc":{"start":{"line":136,"column":11},"end":{"line":140,"column":11}},"type":"binary-expr","locations":[{"start":{"line":136,"column":11},"end":{"line":136,"column":19}},{"start":{"line":137,"column":12},"end":{"line":139,"column":18}}],"line":136}},"s":{"0":2,"1":16,"2":16,"3":16,"4":16,"5":16,"6":16,"7":16,"8":0,"9":16,"10":0,"11":0,"12":16,"13":16,"14":16,"15":8,"16":8,"17":8,"18":0,"19":0,"20":16,"21":16,"22":16,"23":0,"24":16,"25":0},"f":{"0":16,"1":16,"2":16,"3":0,"4":16,"5":0},"b":{"0":[0,16],"1":[16,0],"2":[16,0],"3":[8,8],"4":[8,7],"5":[16,8,0],"6":[16,8,0],"7":[8,8],"8":[16,1],"9":[1,15],"10":[16,1],"11":[16,1]},"_coverageSchema":"1a1c01bbd47fc00a2c39e90264f33305004495a9","hash":"534ed47ffd374de7abbfe75e43daac809ed4347c"}
,"D:\\meowseo\\src\\gutenberg\\components\\tabs\\FocusKeywordInput.tsx": {"path":"D:\\meowseo\\src\\gutenberg\\components\\tabs\\FocusKeywordInput.tsx","statementMap":{"0":{"start":{"line":31,"column":36},"end":{"line":45,"column":2}},"1":{"start":{"line":34,"column":42},"end":{"line":34,"column":88}},"2":{"start":{"line":36,"column":2},"end":{"line":44,"column":4}}},"fnMap":{"0":{"name":"(anonymous_0)","decl":{"start":{"line":31,"column":41},"end":{"line":31,"column":42}},"loc":{"start":{"line":31,"column":47},"end":{"line":45,"column":1}},"line":31}},"branchMap":{},"s":{"0":3,"1":19,"2":19},"f":{"0":19},"b":{},"_coverageSchema":"1a1c01bbd47fc00a2c39e90264f33305004495a9","hash":"7554925000261c67d8b67ca4f3a13c2771a7692f"}
,"D:\\meowseo\\src\\gutenberg\\components\\tabs\\GSCIntegration.tsx": {"path":"D:\\meowseo\\src\\gutenberg\\components\\tabs\\GSCIntegration.tsx","statementMap":{"0":{"start":{"line":24,"column":33},"end":{"line":145,"column":1}},"1":{"start":{"line":27,"column":23},"end":{"line":27,"column":71}},"2":{"start":{"line":30,"column":32},"end":{"line":50,"column":8}},"3":{"start":{"line":31,"column":4},"end":{"line":49,"column":5}},"4":{"start":{"line":32,"column":27},"end":{"line":32,"column":48}},"5":{"start":{"line":33,"column":6},"end":{"line":38,"column":7}},"6":{"start":{"line":34,"column":8},"end":{"line":37,"column":10}},"7":{"start":{"line":39,"column":6},"end":{"line":42,"column":8}},"8":{"start":{"line":44,"column":6},"end":{"line":44,"column":72}},"9":{"start":{"line":45,"column":6},"end":{"line":48,"column":8}},"10":{"start":{"line":53,"column":42},"end":{"line":53,"column":57}},"11":{"start":{"line":54,"column":28},"end":{"line":54,"column":57}},"12":{"start":{"line":55,"column":32},"end":{"line":55,"column":61}},"13":{"start":{"line":59,"column":32},"end":{"line":87,"column":3}},"14":{"start":{"line":60,"column":4},"end":{"line":60,"column":26}},"15":{"start":{"line":61,"column":4},"end":{"line":61,"column":19}},"16":{"start":{"line":62,"column":4},"end":{"line":62,"column":21}},"17":{"start":{"line":64,"column":4},"end":{"line":86,"column":5}},"18":{"start":{"line":67,"column":23},"end":{"line":74,"column":49}},"19":{"start":{"line":76,"column":6},"end":{"line":80,"column":7}},"20":{"start":{"line":77,"column":8},"end":{"line":77,"column":97}},"21":{"start":{"line":79,"column":8},"end":{"line":79,"column":89}},"22":{"start":{"line":82,"column":6},"end":{"line":82,"column":57}},"23":{"start":{"line":83,"column":6},"end":{"line":83,"column":82}},"24":{"start":{"line":85,"column":6},"end":{"line":85,"column":29}},"25":{"start":{"line":90,"column":26},"end":{"line":101,"column":3}},"26":{"start":{"line":91,"column":4},"end":{"line":93,"column":5}},"27":{"start":{"line":92,"column":6},"end":{"line":92,"column":36}},"28":{"start":{"line":95,"column":4},"end":{"line":100,"column":5}},"29":{"start":{"line":96,"column":19},"end":{"line":96,"column":38}},"30":{"start":{"line":97,"column":6},"end":{"line":97,"column":35}},"31":{"start":{"line":99,"column":6},"end":{"line":99,"column":23}},"32":{"start":{"line":103,"column":2},"end":{"line":144,"column":4}}},"fnMap":{"0":{"name":"(anonymous_0)","decl":{"start":{"line":24,"column":33},"end":{"line":24,"column":34}},"loc":{"start":{"line":24,"column":39},"end":{"line":145,"column":1}},"line":24},"1":{"name":"(anonymous_1)","decl":{"start":{"line":30,"column":42},"end":{"line":30,"column":43}},"loc":{"start":{"line":30,"column":59},"end":{"line":50,"column":3}},"line":30},"2":{"name":"(anonymous_2)","decl":{"start":{"line":59,"column":32},"end":{"line":59,"column":33}},"loc":{"start":{"line":59,"column":44},"end":{"line":87,"column":3}},"line":59},"3":{"name":"(anonymous_3)","decl":{"start":{"line":90,"column":26},"end":{"line":90,"column":27}},"loc":{"start":{"line":90,"column":57},"end":{"line":101,"column":3}},"line":90}},"branchMap":{"0":{"loc":{"start":{"line":33,"column":6},"end":{"line":38,"column":7}},"type":"if","locations":[{"start":{"line":33,"column":6},"end":{"line":38,"column":7}},{"start":{},"end":{}}],"line":33},"1":{"loc":{"start":{"line":40,"column":16},"end":{"line":40,"column":52}},"type":"binary-expr","locations":[{"start":{"line":40,"column":16},"end":{"line":40,"column":47}},{"start":{"line":40,"column":51},"end":{"line":40,"column":52}}],"line":40},"2":{"loc":{"start":{"line":41,"column":19},"end":{"line":41,"column":52}},"type":"binary-expr","locations":[{"start":{"line":41,"column":19},"end":{"line":41,"column":46}},{"start":{"line":41,"column":50},"end":{"line":41,"column":52}}],"line":41},"3":{"loc":{"start":{"line":76,"column":6},"end":{"line":80,"column":7}},"type":"if","locations":[{"start":{"line":76,"column":6},"end":{"line":80,"column":7}},{"start":{"line":78,"column":13},"end":{"line":80,"column":7}}],"line":76},"4":{"loc":{"start":{"line":77,"column":19},"end":{"line":77,"column":95}},"type":"binary-expr","locations":[{"start":{"line":77,"column":19},"end":{"line":77,"column":35}},{"start":{"line":77,"column":39},"end":{"line":77,"column":95}}],"line":77},"5":{"loc":{"start":{"line":79,"column":17},"end":{"line":79,"column":87}},"type":"binary-expr","locations":[{"start":{"line":79,"column":17},"end":{"line":79,"column":33}},{"start":{"line":79,"column":37},"end":{"line":79,"column":87}}],"line":79},"6":{"loc":{"start":{"line":83,"column":15},"end":{"line":83,"column":80}},"type":"binary-expr","locations":[{"start":{"line":83,"column":15},"end":{"line":83,"column":26}},{"start":{"line":83,"column":30},"end":{"line":83,"column":80}}],"line":83},"7":{"loc":{"start":{"line":91,"column":4},"end":{"line":93,"column":5}},"type":"if","locations":[{"start":{"line":91,"column":4},"end":{"line":93,"column":5}},{"start":{},"end":{}}],"line":91},"8":{"loc":{"start":{"line":122,"column":9},"end":{"line":124,"column":45}},"type":"cond-expr","locations":[{"start":{"line":123,"column":12},"end":{"line":123,"column":42}},{"start":{"line":124,"column":12},"end":{"line":124,"column":45}}],"line":122},"9":{"loc":{"start":{"line":128,"column":7},"end":{"line":132,"column":7}},"type":"binary-expr","locations":[{"start":{"line":128,"column":7},"end":{"line":128,"column":14}},{"start":{"line":129,"column":8},"end":{"line":131,"column":14}}],"line":128},"10":{"loc":{"start":{"line":134,"column":7},"end":{"line":138,"column":7}},"type":"binary-expr","locations":[{"start":{"line":134,"column":7},"end":{"line":134,"column":12}},{"start":{"line":135,"column":8},"end":{"line":137,"column":14}}],"line":134}},"s":{"0":2,"1":26,"2":26,"3":4,"4":4,"5":4,"6":0,"7":4,"8":0,"9":0,"10":26,"11":26,"12":26,"13":26,"14":6,"15":6,"16":6,"17":6,"18":6,"19":4,"20":3,"21":0,"22":3,"23":3,"24":6,"25":26,"26":26,"27":21,"28":5,"29":5,"30":5,"31":0,"32":26},"f":{"0":26,"1":4,"2":6,"3":26},"b":{"0":[0,4],"1":[4,0],"2":[4,0],"3":[3,0],"4":[3,0],"5":[0,0],"6":[3,0],"7":[21,5],"8":[6,20],"9":[26,3],"10":[26,2]},"_coverageSchema":"1a1c01bbd47fc00a2c39e90264f33305004495a9","hash":"02069918e39dd2cc88c6e6b0aff3b3fa6954a393"}
,"D:\\meowseo\\src\\gutenberg\\components\\tabs\\GeneralTabContent.tsx": {"path":"D:\\meowseo\\src\\gutenberg\\components\\tabs\\GeneralTabContent.tsx","statementMap":{"0":{"start":{"line":24,"column":36},"end":{"line":33,"column":1}},"1":{"start":{"line":25,"column":2},"end":{"line":32,"column":4}}},"fnMap":{"0":{"name":"(anonymous_0)","decl":{"start":{"line":24,"column":36},"end":{"line":24,"column":37}},"loc":{"start":{"line":24,"column":42},"end":{"line":33,"column":1}},"line":24}},"branchMap":{},"s":{"0":1,"1":7},"f":{"0":7},"b":{},"_coverageSchema":"1a1c01bbd47fc00a2c39e90264f33305004495a9","hash":"c24682a7e3310a3a7a6687f539c1afb14ca4f589"}
,"D:\\meowseo\\src\\gutenberg\\components\\tabs\\InternalLinkSuggestions.tsx": {"path":"D:\\meowseo\\src\\gutenberg\\components\\tabs\\InternalLinkSuggestions.tsx","statementMap":{"0":{"start":{"line":38,"column":42},"end":{"line":170,"column":1}},"1":{"start":{"line":39,"column":40},"end":{"line":39,"column":70}},"2":{"start":{"line":40,"column":36},"end":{"line":40,"column":51}},"3":{"start":{"line":41,"column":28},"end":{"line":41,"column":57}},"4":{"start":{"line":44,"column":25},"end":{"line":44,"column":71}},"5":{"start":{"line":47,"column":17},"end":{"line":58,"column":8}},"6":{"start":{"line":48,"column":4},"end":{"line":57,"column":5}},"7":{"start":{"line":49,"column":27},"end":{"line":49,"column":48}},"8":{"start":{"line":50,"column":6},"end":{"line":52,"column":7}},"9":{"start":{"line":51,"column":8},"end":{"line":51,"column":17}},"10":{"start":{"line":53,"column":6},"end":{"line":53,"column":50}},"11":{"start":{"line":55,"column":6},"end":{"line":55,"column":62}},"12":{"start":{"line":56,"column":6},"end":{"line":56,"column":15}},"13":{"start":{"line":62,"column":2},"end":{"line":104,"column":29}},"14":{"start":{"line":64,"column":4},"end":{"line":64,"column":19}},"15":{"start":{"line":67,"column":4},"end":{"line":71,"column":5}},"16":{"start":{"line":68,"column":6},"end":{"line":68,"column":25}},"17":{"start":{"line":69,"column":6},"end":{"line":69,"column":26}},"18":{"start":{"line":70,"column":6},"end":{"line":70,"column":13}},"19":{"start":{"line":73,"column":4},"end":{"line":73,"column":23}},"20":{"start":{"line":75,"column":22},"end":{"line":98,"column":12}},"21":{"start":{"line":76,"column":6},"end":{"line":97,"column":7}},"22":{"start":{"line":79,"column":25},"end":{"line":87,"column":10}},"23":{"start":{"line":89,"column":8},"end":{"line":89,"column":51}},"24":{"start":{"line":90,"column":8},"end":{"line":90,"column":28}},"25":{"start":{"line":93,"column":8},"end":{"line":93,"column":73}},"26":{"start":{"line":94,"column":8},"end":{"line":94,"column":27}},"27":{"start":{"line":95,"column":8},"end":{"line":95,"column":92}},"28":{"start":{"line":96,"column":8},"end":{"line":96,"column":28}},"29":{"start":{"line":100,"column":4},"end":{"line":103,"column":6}},"30":{"start":{"line":101,"column":6},"end":{"line":101,"column":30}},"31":{"start":{"line":102,"column":6},"end":{"line":102,"column":26}},"32":{"start":{"line":107,"column":2},"end":{"line":109,"column":3}},"33":{"start":{"line":108,"column":4},"end":{"line":108,"column":16}},"34":{"start":{"line":111,"column":2},"end":{"line":169,"column":4}},"35":{"start":{"line":136,"column":12},"end":{"line":158,"column":17}}},"fnMap":{"0":{"name":"(anonymous_0)","decl":{"start":{"line":38,"column":42},"end":{"line":38,"column":43}},"loc":{"start":{"line":38,"column":48},"end":{"line":170,"column":1}},"line":38},"1":{"name":"(anonymous_1)","decl":{"start":{"line":47,"column":27},"end":{"line":47,"column":28}},"loc":{"start":{"line":47,"column":44},"end":{"line":58,"column":3}},"line":47},"2":{"name":"(anonymous_2)","decl":{"start":{"line":62,"column":12},"end":{"line":62,"column":13}},"loc":{"start":{"line":62,"column":18},"end":{"line":104,"column":3}},"line":62},"3":{"name":"(anonymous_3)","decl":{"start":{"line":75,"column":33},"end":{"line":75,"column":34}},"loc":{"start":{"line":75,"column":45},"end":{"line":98,"column":5}},"line":75},"4":{"name":"(anonymous_4)","decl":{"start":{"line":100,"column":11},"end":{"line":100,"column":12}},"loc":{"start":{"line":100,"column":17},"end":{"line":103,"column":5}},"line":100},"5":{"name":"(anonymous_5)","decl":{"start":{"line":135,"column":27},"end":{"line":135,"column":28}},"loc":{"start":{"line":136,"column":12},"end":{"line":158,"column":17}},"line":136}},"branchMap":{"0":{"loc":{"start":{"line":50,"column":6},"end":{"line":52,"column":7}},"type":"if","locations":[{"start":{"line":50,"column":6},"end":{"line":52,"column":7}},{"start":{},"end":{}}],"line":50},"1":{"loc":{"start":{"line":53,"column":13},"end":{"line":53,"column":49}},"type":"binary-expr","locations":[{"start":{"line":53,"column":13},"end":{"line":53,"column":44}},{"start":{"line":53,"column":48},"end":{"line":53,"column":49}}],"line":53},"2":{"loc":{"start":{"line":67,"column":4},"end":{"line":71,"column":5}},"type":"if","locations":[{"start":{"line":67,"column":4},"end":{"line":71,"column":5}},{"start":{},"end":{}}],"line":67},"3":{"loc":{"start":{"line":67,"column":8},"end":{"line":67,"column":48}},"type":"binary-expr","locations":[{"start":{"line":67,"column":8},"end":{"line":67,"column":21}},{"start":{"line":67,"column":25},"end":{"line":67,"column":48}}],"line":67},"4":{"loc":{"start":{"line":89,"column":23},"end":{"line":89,"column":49}},"type":"binary-expr","locations":[{"start":{"line":89,"column":23},"end":{"line":89,"column":43}},{"start":{"line":89,"column":47},"end":{"line":89,"column":49}}],"line":89},"5":{"loc":{"start":{"line":107,"column":2},"end":{"line":109,"column":3}},"type":"if","locations":[{"start":{"line":107,"column":2},"end":{"line":109,"column":3}},{"start":{},"end":{}}],"line":107},"6":{"loc":{"start":{"line":107,"column":6},"end":{"line":107,"column":46}},"type":"binary-expr","locations":[{"start":{"line":107,"column":6},"end":{"line":107,"column":19}},{"start":{"line":107,"column":23},"end":{"line":107,"column":46}}],"line":107},"7":{"loc":{"start":{"line":118,"column":7},"end":{"line":123,"column":7}},"type":"binary-expr","locations":[{"start":{"line":118,"column":7},"end":{"line":118,"column":16}},{"start":{"line":119,"column":8},"end":{"line":122,"column":14}}],"line":118},"8":{"loc":{"start":{"line":126,"column":7},"end":{"line":130,"column":7}},"type":"binary-expr","locations":[{"start":{"line":126,"column":7},"end":{"line":126,"column":12}},{"start":{"line":126,"column":16},"end":{"line":126,"column":26}},{"start":{"line":127,"column":8},"end":{"line":129,"column":14}}],"line":126},"9":{"loc":{"start":{"line":133,"column":7},"end":{"line":161,"column":7}},"type":"binary-expr","locations":[{"start":{"line":133,"column":7},"end":{"line":133,"column":17}},{"start":{"line":133,"column":21},"end":{"line":133,"column":27}},{"start":{"line":133,"column":31},"end":{"line":133,"column":53}},{"start":{"line":134,"column":8},"end":{"line":160,"column":13}}],"line":133},"10":{"loc":{"start":{"line":163,"column":7},"end":{"line":167,"column":7}},"type":"binary-expr","locations":[{"start":{"line":163,"column":7},"end":{"line":163,"column":17}},{"start":{"line":163,"column":21},"end":{"line":163,"column":27}},{"start":{"line":163,"column":31},"end":{"line":163,"column":55}},{"start":{"line":164,"column":8},"end":{"line":166,"column":14}}],"line":163}},"s":{"0":3,"1":44,"2":44,"3":44,"4":44,"5":44,"6":16,"7":16,"8":16,"9":0,"10":16,"11":0,"12":0,"13":44,"14":19,"15":19,"16":8,"17":8,"18":8,"19":11,"20":11,"21":7,"22":7,"23":6,"24":6,"25":1,"26":1,"27":1,"28":1,"29":11,"30":11,"31":11,"32":44,"33":16,"34":28,"35":8},"f":{"0":44,"1":16,"2":19,"3":7,"4":11,"5":8},"b":{"0":[0,16],"1":[16,0],"2":[8,11],"3":[19,12],"4":[6,0],"5":[16,28],"6":[44,30],"7":[28,11],"8":[28,1,1],"9":[28,17,16,4],"10":[28,17,16,12]},"_coverageSchema":"1a1c01bbd47fc00a2c39e90264f33305004495a9","hash":"96cb9af4e2fc428dfb239387e381c49fa6593d2b"}
,"D:\\meowseo\\src\\gutenberg\\components\\tabs\\RobotsToggles.tsx": {"path":"D:\\meowseo\\src\\gutenberg\\components\\tabs\\RobotsToggles.tsx","statementMap":{"0":{"start":{"line":24,"column":32},"end":{"line":62,"column":1}},"1":{"start":{"line":27,"column":32},"end":{"line":27,"column":79}},"2":{"start":{"line":28,"column":34},"end":{"line":28,"column":82}},"3":{"start":{"line":31,"column":25},"end":{"line":31,"column":62}},"4":{"start":{"line":32,"column":26},"end":{"line":32,"column":65}},"5":{"start":{"line":35,"column":30},"end":{"line":37,"column":3}},"6":{"start":{"line":36,"column":4},"end":{"line":36,"column":35}},"7":{"start":{"line":39,"column":31},"end":{"line":41,"column":3}},"8":{"start":{"line":40,"column":4},"end":{"line":40,"column":36}},"9":{"start":{"line":43,"column":2},"end":{"line":61,"column":4}}},"fnMap":{"0":{"name":"(anonymous_0)","decl":{"start":{"line":24,"column":32},"end":{"line":24,"column":33}},"loc":{"start":{"line":24,"column":38},"end":{"line":62,"column":1}},"line":24},"1":{"name":"(anonymous_1)","decl":{"start":{"line":35,"column":30},"end":{"line":35,"column":31}},"loc":{"start":{"line":35,"column":52},"end":{"line":37,"column":3}},"line":35},"2":{"name":"(anonymous_2)","decl":{"start":{"line":39,"column":31},"end":{"line":39,"column":32}},"loc":{"start":{"line":39,"column":53},"end":{"line":41,"column":3}},"line":39}},"branchMap":{"0":{"loc":{"start":{"line":31,"column":25},"end":{"line":31,"column":62}},"type":"binary-expr","locations":[{"start":{"line":31,"column":25},"end":{"line":31,"column":40}},{"start":{"line":31,"column":44},"end":{"line":31,"column":62}}],"line":31},"1":{"loc":{"start":{"line":32,"column":26},"end":{"line":32,"column":65}},"type":"binary-expr","locations":[{"start":{"line":32,"column":26},"end":{"line":32,"column":42}},{"start":{"line":32,"column":46},"end":{"line":32,"column":65}}],"line":32},"2":{"loc":{"start":{"line":36,"column":15},"end":{"line":36,"column":33}},"type":"cond-expr","locations":[{"start":{"line":36,"column":25},"end":{"line":36,"column":28}},{"start":{"line":36,"column":31},"end":{"line":36,"column":33}}],"line":36},"3":{"loc":{"start":{"line":40,"column":16},"end":{"line":40,"column":34}},"type":"cond-expr","locations":[{"start":{"line":40,"column":26},"end":{"line":40,"column":29}},{"start":{"line":40,"column":32},"end":{"line":40,"column":34}}],"line":40}},"s":{"0":2,"1":14,"2":14,"3":14,"4":14,"5":14,"6":2,"7":14,"8":2,"9":14},"f":{"0":14,"1":2,"2":2},"b":{"0":[14,12],"1":[14,12],"2":[1,1],"3":[1,1]},"_coverageSchema":"1a1c01bbd47fc00a2c39e90264f33305004495a9","hash":"605d97a09e545ab6527f2dffa4cce7b48215a78b"}
,"D:\\meowseo\\src\\gutenberg\\components\\tabs\\SchemaTabContent.tsx": {"path":"D:\\meowseo\\src\\gutenberg\\components\\tabs\\SchemaTabContent.tsx","statementMap":{"0":{"start":{"line":17,"column":20},"end":{"line":17,"column":62}},"1":{"start":{"line":17,"column":31},"end":{"line":17,"column":61}},"2":{"start":{"line":18,"column":20},"end":{"line":18,"column":62}},"3":{"start":{"line":18,"column":31},"end":{"line":18,"column":61}},"4":{"start":{"line":19,"column":18},"end":{"line":19,"column":58}},"5":{"start":{"line":19,"column":29},"end":{"line":19,"column":57}},"6":{"start":{"line":20,"column":26},"end":{"line":20,"column":74}},"7":{"start":{"line":20,"column":37},"end":{"line":20,"column":73}},"8":{"start":{"line":21,"column":20},"end":{"line":21,"column":62}},"9":{"start":{"line":21,"column":31},"end":{"line":21,"column":61}},"10":{"start":{"line":29,"column":29},"end":{"line":55,"column":1}},"11":{"start":{"line":30,"column":2},"end":{"line":32,"column":3}},"12":{"start":{"line":31,"column":4},"end":{"line":31,"column":16}},"13":{"start":{"line":34,"column":2},"end":{"line":54,"column":3}},"14":{"start":{"line":35,"column":19},"end":{"line":35,"column":41}},"15":{"start":{"line":38,"column":4},"end":{"line":51,"column":5}},"16":{"start":{"line":40,"column":8},"end":{"line":40,"column":51}},"17":{"start":{"line":42,"column":8},"end":{"line":42,"column":47}},"18":{"start":{"line":44,"column":8},"end":{"line":44,"column":78}},"19":{"start":{"line":46,"column":8},"end":{"line":46,"column":85}},"20":{"start":{"line":48,"column":8},"end":{"line":48,"column":84}},"21":{"start":{"line":50,"column":8},"end":{"line":50,"column":20}},"22":{"start":{"line":53,"column":4},"end":{"line":53,"column":17}},"23":{"start":{"line":66,"column":35},"end":{"line":108,"column":1}},"24":{"start":{"line":67,"column":23},"end":{"line":67,"column":67}},"25":{"start":{"line":68,"column":25},"end":{"line":68,"column":71}},"26":{"start":{"line":71,"column":18},"end":{"line":71,"column":64}},"27":{"start":{"line":74,"column":27},"end":{"line":93,"column":3}},"28":{"start":{"line":75,"column":4},"end":{"line":81,"column":5}},"29":{"start":{"line":76,"column":6},"end":{"line":80,"column":8}},"30":{"start":{"line":84,"column":4},"end":{"line":92,"column":6}},"31":{"start":{"line":95,"column":2},"end":{"line":107,"column":4}}},"fnMap":{"0":{"name":"(anonymous_0)","decl":{"start":{"line":17,"column":25},"end":{"line":17,"column":26}},"loc":{"start":{"line":17,"column":31},"end":{"line":17,"column":61}},"line":17},"1":{"name":"(anonymous_1)","decl":{"start":{"line":18,"column":25},"end":{"line":18,"column":26}},"loc":{"start":{"line":18,"column":31},"end":{"line":18,"column":61}},"line":18},"2":{"name":"(anonymous_2)","decl":{"start":{"line":19,"column":23},"end":{"line":19,"column":24}},"loc":{"start":{"line":19,"column":29},"end":{"line":19,"column":57}},"line":19},"3":{"name":"(anonymous_3)","decl":{"start":{"line":20,"column":31},"end":{"line":20,"column":32}},"loc":{"start":{"line":20,"column":37},"end":{"line":20,"column":73}},"line":20},"4":{"name":"(anonymous_4)","decl":{"start":{"line":21,"column":25},"end":{"line":21,"column":26}},"loc":{"start":{"line":21,"column":31},"end":{"line":21,"column":61}},"line":21},"5":{"name":"(anonymous_5)","decl":{"start":{"line":29,"column":29},"end":{"line":29,"column":30}},"loc":{"start":{"line":29,"column":82},"end":{"line":55,"column":1}},"line":29},"6":{"name":"(anonymous_6)","decl":{"start":{"line":66,"column":35},"end":{"line":66,"column":36}},"loc":{"start":{"line":66,"column":41},"end":{"line":108,"column":1}},"line":66},"7":{"name":"(anonymous_7)","decl":{"start":{"line":74,"column":27},"end":{"line":74,"column":28}},"loc":{"start":{"line":74,"column":33},"end":{"line":93,"column":3}},"line":74}},"branchMap":{"0":{"loc":{"start":{"line":30,"column":2},"end":{"line":32,"column":3}},"type":"if","locations":[{"start":{"line":30,"column":2},"end":{"line":32,"column":3}},{"start":{},"end":{}}],"line":30},"1":{"loc":{"start":{"line":30,"column":6},"end":{"line":30,"column":32}},"type":"binary-expr","locations":[{"start":{"line":30,"column":6},"end":{"line":30,"column":17}},{"start":{"line":30,"column":21},"end":{"line":30,"column":32}}],"line":30},"2":{"loc":{"start":{"line":38,"column":4},"end":{"line":51,"column":5}},"type":"switch","locations":[{"start":{"line":39,"column":6},"end":{"line":40,"column":51}},{"start":{"line":41,"column":6},"end":{"line":42,"column":47}},{"start":{"line":43,"column":6},"end":{"line":44,"column":78}},{"start":{"line":45,"column":6},"end":{"line":46,"column":85}},{"start":{"line":47,"column":6},"end":{"line":48,"column":84}},{"start":{"line":49,"column":6},"end":{"line":50,"column":20}}],"line":38},"3":{"loc":{"start":{"line":44,"column":15},"end":{"line":44,"column":77}},"type":"binary-expr","locations":[{"start":{"line":44,"column":15},"end":{"line":44,"column":46}},{"start":{"line":44,"column":50},"end":{"line":44,"column":77}}],"line":44},"4":{"loc":{"start":{"line":46,"column":15},"end":{"line":46,"column":84}},"type":"binary-expr","locations":[{"start":{"line":46,"column":15},"end":{"line":46,"column":46}},{"start":{"line":46,"column":50},"end":{"line":46,"column":84}}],"line":46},"5":{"loc":{"start":{"line":48,"column":15},"end":{"line":48,"column":83}},"type":"binary-expr","locations":[{"start":{"line":48,"column":15},"end":{"line":48,"column":46}},{"start":{"line":48,"column":50},"end":{"line":48,"column":83}}],"line":48},"6":{"loc":{"start":{"line":75,"column":4},"end":{"line":81,"column":5}},"type":"if","locations":[{"start":{"line":75,"column":4},"end":{"line":81,"column":5}},{"start":{},"end":{}}],"line":75},"7":{"loc":{"start":{"line":86,"column":9},"end":{"line":86,"column":52}},"type":"binary-expr","locations":[{"start":{"line":86,"column":9},"end":{"line":86,"column":33}},{"start":{"line":86,"column":37},"end":{"line":86,"column":52}}],"line":86},"8":{"loc":{"start":{"line":87,"column":9},"end":{"line":87,"column":52}},"type":"binary-expr","locations":[{"start":{"line":87,"column":9},"end":{"line":87,"column":33}},{"start":{"line":87,"column":37},"end":{"line":87,"column":52}}],"line":87},"9":{"loc":{"start":{"line":88,"column":9},"end":{"line":88,"column":48}},"type":"binary-expr","locations":[{"start":{"line":88,"column":9},"end":{"line":88,"column":31}},{"start":{"line":88,"column":35},"end":{"line":88,"column":48}}],"line":88},"10":{"loc":{"start":{"line":89,"column":9},"end":{"line":89,"column":64}},"type":"binary-expr","locations":[{"start":{"line":89,"column":9},"end":{"line":89,"column":39}},{"start":{"line":89,"column":43},"end":{"line":89,"column":64}}],"line":89},"11":{"loc":{"start":{"line":90,"column":9},"end":{"line":90,"column":52}},"type":"binary-expr","locations":[{"start":{"line":90,"column":9},"end":{"line":90,"column":33}},{"start":{"line":90,"column":37},"end":{"line":90,"column":52}}],"line":90},"12":{"loc":{"start":{"line":99,"column":7},"end":{"line":103,"column":7}},"type":"binary-expr","locations":[{"start":{"line":99,"column":7},"end":{"line":99,"column":15}},{"start":{"line":99,"column":19},"end":{"line":99,"column":31}},{"start":{"line":100,"column":8},"end":{"line":102,"column":14}}],"line":99}},"s":{"0":1,"1":1,"2":1,"3":0,"4":1,"5":0,"6":1,"7":0,"8":1,"9":0,"10":1,"11":3,"12":2,"13":1,"14":1,"15":0,"16":0,"17":0,"18":0,"19":0,"20":0,"21":0,"22":1,"23":1,"24":3,"25":3,"26":3,"27":3,"28":3,"29":2,"30":1,"31":3},"f":{"0":1,"1":0,"2":0,"3":0,"4":0,"5":3,"6":3,"7":3},"b":{"0":[2,1],"1":[3,1],"2":[0,0,0,0,0,0],"3":[0,0],"4":[0,0],"5":[0,0],"6":[2,1],"7":[1,1],"8":[1,0],"9":[1,0],"10":[1,0],"11":[1,0],"12":[3,1,1]},"_coverageSchema":"1a1c01bbd47fc00a2c39e90264f33305004495a9","hash":"10262d475d8600c78385e0d824cd8226fb6acf83"}
,"D:\\meowseo\\src\\gutenberg\\components\\tabs\\SerpPreview.tsx": {"path":"D:\\meowseo\\src\\gutenberg\\components\\tabs\\SerpPreview.tsx","statementMap":{"0":{"start":{"line":23,"column":21},"end":{"line":28,"column":1}},"1":{"start":{"line":24,"column":2},"end":{"line":26,"column":3}},"2":{"start":{"line":25,"column":4},"end":{"line":25,"column":16}},"3":{"start":{"line":27,"column":2},"end":{"line":27,"column":46}},"4":{"start":{"line":44,"column":30},"end":{"line":160,"column":2}},"5":{"start":{"line":45,"column":26},"end":{"line":45,"column":58}},"6":{"start":{"line":46,"column":46},"end":{"line":46,"column":58}},"7":{"start":{"line":47,"column":58},"end":{"line":47,"column":70}},"8":{"start":{"line":50,"column":21},"end":{"line":50,"column":59}},"9":{"start":{"line":51,"column":27},"end":{"line":51,"column":71}},"10":{"start":{"line":54,"column":20},"end":{"line":65,"column":8}},"11":{"start":{"line":55,"column":4},"end":{"line":64,"column":5}},"12":{"start":{"line":56,"column":27},"end":{"line":56,"column":48}},"13":{"start":{"line":57,"column":6},"end":{"line":59,"column":7}},"14":{"start":{"line":58,"column":8},"end":{"line":58,"column":18}},"15":{"start":{"line":60,"column":6},"end":{"line":60,"column":47}},"16":{"start":{"line":62,"column":6},"end":{"line":62,"column":64}},"17":{"start":{"line":63,"column":6},"end":{"line":63,"column":16}},"18":{"start":{"line":68,"column":20},"end":{"line":79,"column":8}},"19":{"start":{"line":69,"column":4},"end":{"line":78,"column":5}},"20":{"start":{"line":70,"column":27},"end":{"line":70,"column":48}},"21":{"start":{"line":71,"column":6},"end":{"line":73,"column":7}},"22":{"start":{"line":72,"column":8},"end":{"line":72,"column":18}},"23":{"start":{"line":74,"column":6},"end":{"line":74,"column":64}},"24":{"start":{"line":76,"column":6},"end":{"line":76,"column":65}},"25":{"start":{"line":77,"column":6},"end":{"line":77,"column":16}},"26":{"start":{"line":82,"column":2},"end":{"line":88,"column":28}},"27":{"start":{"line":83,"column":22},"end":{"line":85,"column":11}},"28":{"start":{"line":84,"column":6},"end":{"line":84,"column":47}},"29":{"start":{"line":87,"column":4},"end":{"line":87,"column":41}},"30":{"start":{"line":87,"column":17},"end":{"line":87,"column":40}},"31":{"start":{"line":90,"column":2},"end":{"line":96,"column":23}},"32":{"start":{"line":91,"column":22},"end":{"line":93,"column":11}},"33":{"start":{"line":92,"column":6},"end":{"line":92,"column":46}},"34":{"start":{"line":95,"column":4},"end":{"line":95,"column":41}},"35":{"start":{"line":95,"column":17},"end":{"line":95,"column":40}},"36":{"start":{"line":99,"column":27},"end":{"line":101,"column":8}},"37":{"start":{"line":100,"column":4},"end":{"line":100,"column":21}},"38":{"start":{"line":104,"column":23},"end":{"line":108,"column":28}},"39":{"start":{"line":105,"column":4},"end":{"line":107,"column":41}},"40":{"start":{"line":110,"column":29},"end":{"line":114,"column":34}},"41":{"start":{"line":111,"column":4},"end":{"line":113,"column":48}},"42":{"start":{"line":117,"column":21},"end":{"line":119,"column":17}},"43":{"start":{"line":118,"column":4},"end":{"line":118,"column":49}},"44":{"start":{"line":121,"column":2},"end":{"line":159,"column":4}},"45":{"start":{"line":131,"column":27},"end":{"line":131,"column":54}},"46":{"start":{"line":138,"column":27},"end":{"line":138,"column":53}}},"fnMap":{"0":{"name":"(anonymous_0)","decl":{"start":{"line":23,"column":21},"end":{"line":23,"column":22}},"loc":{"start":{"line":23,"column":66},"end":{"line":28,"column":1}},"line":23},"1":{"name":"(anonymous_1)","decl":{"start":{"line":44,"column":35},"end":{"line":44,"column":36}},"loc":{"start":{"line":44,"column":41},"end":{"line":160,"column":1}},"line":44},"2":{"name":"(anonymous_2)","decl":{"start":{"line":54,"column":30},"end":{"line":54,"column":31}},"loc":{"start":{"line":54,"column":47},"end":{"line":65,"column":3}},"line":54},"3":{"name":"(anonymous_3)","decl":{"start":{"line":68,"column":30},"end":{"line":68,"column":31}},"loc":{"start":{"line":68,"column":47},"end":{"line":79,"column":3}},"line":68},"4":{"name":"(anonymous_4)","decl":{"start":{"line":82,"column":12},"end":{"line":82,"column":13}},"loc":{"start":{"line":82,"column":18},"end":{"line":88,"column":3}},"line":82},"5":{"name":"(anonymous_5)","decl":{"start":{"line":83,"column":33},"end":{"line":83,"column":34}},"loc":{"start":{"line":83,"column":39},"end":{"line":85,"column":5}},"line":83},"6":{"name":"(anonymous_6)","decl":{"start":{"line":87,"column":11},"end":{"line":87,"column":12}},"loc":{"start":{"line":87,"column":17},"end":{"line":87,"column":40}},"line":87},"7":{"name":"(anonymous_7)","decl":{"start":{"line":90,"column":12},"end":{"line":90,"column":13}},"loc":{"start":{"line":90,"column":18},"end":{"line":96,"column":3}},"line":90},"8":{"name":"(anonymous_8)","decl":{"start":{"line":91,"column":33},"end":{"line":91,"column":34}},"loc":{"start":{"line":91,"column":39},"end":{"line":93,"column":5}},"line":91},"9":{"name":"(anonymous_9)","decl":{"start":{"line":95,"column":11},"end":{"line":95,"column":12}},"loc":{"start":{"line":95,"column":17},"end":{"line":95,"column":40}},"line":95},"10":{"name":"(anonymous_10)","decl":{"start":{"line":99,"column":39},"end":{"line":99,"column":40}},"loc":{"start":{"line":99,"column":65},"end":{"line":101,"column":3}},"line":99},"11":{"name":"(anonymous_11)","decl":{"start":{"line":104,"column":31},"end":{"line":104,"column":32}},"loc":{"start":{"line":104,"column":37},"end":{"line":108,"column":3}},"line":104},"12":{"name":"(anonymous_12)","decl":{"start":{"line":110,"column":37},"end":{"line":110,"column":38}},"loc":{"start":{"line":110,"column":43},"end":{"line":114,"column":3}},"line":110},"13":{"name":"(anonymous_13)","decl":{"start":{"line":117,"column":29},"end":{"line":117,"column":30}},"loc":{"start":{"line":117,"column":35},"end":{"line":119,"column":3}},"line":117},"14":{"name":"(anonymous_14)","decl":{"start":{"line":131,"column":21},"end":{"line":131,"column":22}},"loc":{"start":{"line":131,"column":27},"end":{"line":131,"column":54}},"line":131},"15":{"name":"(anonymous_15)","decl":{"start":{"line":138,"column":21},"end":{"line":138,"column":22}},"loc":{"start":{"line":138,"column":27},"end":{"line":138,"column":53}},"line":138}},"branchMap":{"0":{"loc":{"start":{"line":24,"column":2},"end":{"line":26,"column":3}},"type":"if","locations":[{"start":{"line":24,"column":2},"end":{"line":26,"column":3}},{"start":{},"end":{}}],"line":24},"1":{"loc":{"start":{"line":57,"column":6},"end":{"line":59,"column":7}},"type":"if","locations":[{"start":{"line":57,"column":6},"end":{"line":59,"column":7}},{"start":{},"end":{}}],"line":57},"2":{"loc":{"start":{"line":60,"column":13},"end":{"line":60,"column":46}},"type":"binary-expr","locations":[{"start":{"line":60,"column":13},"end":{"line":60,"column":40}},{"start":{"line":60,"column":44},"end":{"line":60,"column":46}}],"line":60},"3":{"loc":{"start":{"line":71,"column":6},"end":{"line":73,"column":7}},"type":"if","locations":[{"start":{"line":71,"column":6},"end":{"line":73,"column":7}},{"start":{},"end":{}}],"line":71},"4":{"loc":{"start":{"line":74,"column":13},"end":{"line":74,"column":63}},"type":"binary-expr","locations":[{"start":{"line":74,"column":13},"end":{"line":74,"column":57}},{"start":{"line":74,"column":61},"end":{"line":74,"column":63}}],"line":74},"5":{"loc":{"start":{"line":84,"column":24},"end":{"line":84,"column":45}},"type":"binary-expr","locations":[{"start":{"line":84,"column":24},"end":{"line":84,"column":32}},{"start":{"line":84,"column":36},"end":{"line":84,"column":45}}],"line":84},"6":{"loc":{"start":{"line":105,"column":11},"end":{"line":107,"column":40}},"type":"cond-expr","locations":[{"start":{"line":106,"column":8},"end":{"line":106,"column":40}},{"start":{"line":107,"column":8},"end":{"line":107,"column":40}}],"line":105},"7":{"loc":{"start":{"line":111,"column":11},"end":{"line":113,"column":47}},"type":"cond-expr","locations":[{"start":{"line":112,"column":8},"end":{"line":112,"column":47}},{"start":{"line":113,"column":8},"end":{"line":113,"column":47}}],"line":111},"8":{"loc":{"start":{"line":130,"column":21},"end":{"line":130,"column":65}},"type":"cond-expr","locations":[{"start":{"line":130,"column":42},"end":{"line":130,"column":51}},{"start":{"line":130,"column":54},"end":{"line":130,"column":65}}],"line":130},"9":{"loc":{"start":{"line":137,"column":21},"end":{"line":137,"column":64}},"type":"cond-expr","locations":[{"start":{"line":137,"column":41},"end":{"line":137,"column":50}},{"start":{"line":137,"column":53},"end":{"line":137,"column":64}}],"line":137},"10":{"loc":{"start":{"line":152,"column":11},"end":{"line":152,"column":58}},"type":"binary-expr","locations":[{"start":{"line":152,"column":11},"end":{"line":152,"column":23}},{"start":{"line":152,"column":27},"end":{"line":152,"column":58}}],"line":152},"11":{"loc":{"start":{"line":155,"column":11},"end":{"line":155,"column":70}},"type":"binary-expr","locations":[{"start":{"line":155,"column":11},"end":{"line":155,"column":29}},{"start":{"line":155,"column":33},"end":{"line":155,"column":70}}],"line":155}},"s":{"0":3,"1":50,"2":48,"3":2,"4":3,"5":25,"6":25,"7":25,"8":25,"9":25,"10":25,"11":25,"12":25,"13":25,"14":0,"15":25,"16":0,"17":0,"18":25,"19":25,"20":25,"21":25,"22":0,"23":25,"24":0,"25":0,"26":25,"27":18,"28":8,"29":18,"30":18,"31":25,"32":18,"33":8,"34":18,"35":18,"36":25,"37":1,"38":25,"39":25,"40":25,"41":25,"42":25,"43":17,"44":25,"45":0,"46":1},"f":{"0":50,"1":25,"2":25,"3":25,"4":18,"5":8,"6":18,"7":18,"8":8,"9":18,"10":1,"11":25,"12":25,"13":17,"14":0,"15":1},"b":{"0":[48,2],"1":[0,25],"2":[25,0],"3":[0,25],"4":[25,1],"5":[8,2],"6":[24,1],"7":[24,1],"8":[24,1],"9":[1,24],"10":[25,18],"11":[25,18]},"_coverageSchema":"1a1c01bbd47fc00a2c39e90264f33305004495a9","hash":"17ceee2643305b6a80d90fc543dc5edf0ed6573c"}
,"D:\\meowseo\\src\\gutenberg\\components\\tabs\\SocialTabContent.tsx": {"path":"D:\\meowseo\\src\\gutenberg\\components\\tabs\\SocialTabContent.tsx","statementMap":{"0":{"start":{"line":29,"column":35},"end":{"line":65,"column":2}},"1":{"start":{"line":31,"column":42},"end":{"line":31,"column":76}},"2":{"start":{"line":34,"column":29},"end":{"line":36,"column":8}},"3":{"start":{"line":35,"column":4},"end":{"line":35,"column":28}},"4":{"start":{"line":38,"column":2},"end":{"line":64,"column":4}},"5":{"start":{"line":45,"column":27},"end":{"line":45,"column":57}},"6":{"start":{"line":51,"column":27},"end":{"line":51,"column":56}}},"fnMap":{"0":{"name":"(anonymous_0)","decl":{"start":{"line":29,"column":40},"end":{"line":29,"column":41}},"loc":{"start":{"line":29,"column":46},"end":{"line":65,"column":1}},"line":29},"1":{"name":"(anonymous_1)","decl":{"start":{"line":34,"column":41},"end":{"line":34,"column":42}},"loc":{"start":{"line":34,"column":67},"end":{"line":36,"column":3}},"line":34},"2":{"name":"(anonymous_2)","decl":{"start":{"line":45,"column":21},"end":{"line":45,"column":22}},"loc":{"start":{"line":45,"column":27},"end":{"line":45,"column":57}},"line":45},"3":{"name":"(anonymous_3)","decl":{"start":{"line":51,"column":21},"end":{"line":51,"column":22}},"loc":{"start":{"line":51,"column":27},"end":{"line":51,"column":56}},"line":51}},"branchMap":{"0":{"loc":{"start":{"line":44,"column":21},"end":{"line":44,"column":74}},"type":"cond-expr","locations":[{"start":{"line":44,"column":51},"end":{"line":44,"column":60}},{"start":{"line":44,"column":63},"end":{"line":44,"column":74}}],"line":44},"1":{"loc":{"start":{"line":50,"column":21},"end":{"line":50,"column":73}},"type":"cond-expr","locations":[{"start":{"line":50,"column":50},"end":{"line":50,"column":59}},{"start":{"line":50,"column":62},"end":{"line":50,"column":73}}],"line":50},"2":{"loc":{"start":{"line":60,"column":9},"end":{"line":60,"column":58}},"type":"binary-expr","locations":[{"start":{"line":60,"column":9},"end":{"line":60,"column":36}},{"start":{"line":60,"column":40},"end":{"line":60,"column":58}}],"line":60},"3":{"loc":{"start":{"line":61,"column":9},"end":{"line":61,"column":56}},"type":"binary-expr","locations":[{"start":{"line":61,"column":9},"end":{"line":61,"column":35}},{"start":{"line":61,"column":39},"end":{"line":61,"column":56}}],"line":61}},"s":{"0":2,"1":7,"2":7,"3":1,"4":7,"5":0,"6":1},"f":{"0":7,"1":1,"2":0,"3":1},"b":{"0":[6,1],"1":[1,6],"2":[7,6],"3":[7,1]},"_coverageSchema":"1a1c01bbd47fc00a2c39e90264f33305004495a9","hash":"4419516e56767b967b41b9ce56a781a05e4df096"}
,"D:\\meowseo\\src\\gutenberg\\components\\tabs\\TwitterSubTab.tsx": {"path":"D:\\meowseo\\src\\gutenberg\\components\\tabs\\TwitterSubTab.tsx","statementMap":{"0":{"start":{"line":27,"column":32},"end":{"line":198,"column":1}},"1":{"start":{"line":29,"column":42},"end":{"line":29,"column":88}},"2":{"start":{"line":30,"column":54},"end":{"line":30,"column":106}},"3":{"start":{"line":31,"column":46},"end":{"line":31,"column":95}},"4":{"start":{"line":32,"column":48},"end":{"line":32,"column":99}},"5":{"start":{"line":35,"column":20},"end":{"line":35,"column":61}},"6":{"start":{"line":36,"column":26},"end":{"line":36,"column":73}},"7":{"start":{"line":37,"column":22},"end":{"line":37,"column":66}},"8":{"start":{"line":40,"column":37},"end":{"line":60,"column":8}},"9":{"start":{"line":41,"column":4},"end":{"line":59,"column":5}},"10":{"start":{"line":42,"column":27},"end":{"line":42,"column":48}},"11":{"start":{"line":43,"column":6},"end":{"line":48,"column":7}},"12":{"start":{"line":44,"column":8},"end":{"line":47,"column":10}},"13":{"start":{"line":49,"column":6},"end":{"line":52,"column":8}},"14":{"start":{"line":54,"column":6},"end":{"line":54,"column":73}},"15":{"start":{"line":55,"column":6},"end":{"line":58,"column":8}},"16":{"start":{"line":63,"column":20},"end":{"line":63,"column":73}},"17":{"start":{"line":66,"column":25},"end":{"line":66,"column":77}},"18":{"start":{"line":67,"column":31},"end":{"line":67,"column":101}},"19":{"start":{"line":68,"column":27},"end":{"line":68,"column":85}},"20":{"start":{"line":71,"column":19},"end":{"line":80,"column":24}},"21":{"start":{"line":72,"column":4},"end":{"line":79,"column":5}},"22":{"start":{"line":73,"column":6},"end":{"line":73,"column":39}},"23":{"start":{"line":73,"column":29},"end":{"line":73,"column":39}},"24":{"start":{"line":74,"column":20},"end":{"line":74,"column":71}},"25":{"start":{"line":75,"column":6},"end":{"line":75,"column":37}},"26":{"start":{"line":77,"column":6},"end":{"line":77,"column":60}},"27":{"start":{"line":78,"column":6},"end":{"line":78,"column":16}},"28":{"start":{"line":83,"column":23},"end":{"line":83,"column":85}},"29":{"start":{"line":84,"column":29},"end":{"line":84,"column":105}},"30":{"start":{"line":86,"column":2},"end":{"line":197,"column":4}},"31":{"start":{"line":93,"column":31},"end":{"line":93,"column":69}},"32":{"start":{"line":126,"column":36},"end":{"line":126,"column":71}},"33":{"start":{"line":130,"column":12},"end":{"line":164,"column":18}},"34":{"start":{"line":158,"column":35},"end":{"line":158,"column":56}}},"fnMap":{"0":{"name":"(anonymous_0)","decl":{"start":{"line":27,"column":32},"end":{"line":27,"column":33}},"loc":{"start":{"line":27,"column":38},"end":{"line":198,"column":1}},"line":27},"1":{"name":"(anonymous_1)","decl":{"start":{"line":40,"column":47},"end":{"line":40,"column":48}},"loc":{"start":{"line":40,"column":64},"end":{"line":60,"column":3}},"line":40},"2":{"name":"(anonymous_2)","decl":{"start":{"line":71,"column":29},"end":{"line":71,"column":30}},"loc":{"start":{"line":71,"column":46},"end":{"line":80,"column":3}},"line":71},"3":{"name":"(anonymous_3)","decl":{"start":{"line":93,"column":18},"end":{"line":93,"column":19}},"loc":{"start":{"line":93,"column":31},"end":{"line":93,"column":69}},"line":93},"4":{"name":"(anonymous_4)","decl":{"start":{"line":126,"column":20},"end":{"line":126,"column":21}},"loc":{"start":{"line":126,"column":36},"end":{"line":126,"column":71}},"line":126},"5":{"name":"(anonymous_5)","decl":{"start":{"line":129,"column":18},"end":{"line":129,"column":19}},"loc":{"start":{"line":130,"column":12},"end":{"line":164,"column":18}},"line":130},"6":{"name":"(anonymous_6)","decl":{"start":{"line":158,"column":29},"end":{"line":158,"column":30}},"loc":{"start":{"line":158,"column":35},"end":{"line":158,"column":56}},"line":158}},"branchMap":{"0":{"loc":{"start":{"line":43,"column":6},"end":{"line":48,"column":7}},"type":"if","locations":[{"start":{"line":43,"column":6},"end":{"line":48,"column":7}},{"start":{},"end":{}}],"line":43},"1":{"loc":{"start":{"line":50,"column":19},"end":{"line":50,"column":69}},"type":"binary-expr","locations":[{"start":{"line":50,"column":19},"end":{"line":50,"column":63}},{"start":{"line":50,"column":67},"end":{"line":50,"column":69}}],"line":50},"2":{"loc":{"start":{"line":51,"column":21},"end":{"line":51,"column":73}},"type":"binary-expr","locations":[{"start":{"line":51,"column":21},"end":{"line":51,"column":67}},{"start":{"line":51,"column":71},"end":{"line":51,"column":73}}],"line":51},"3":{"loc":{"start":{"line":63,"column":20},"end":{"line":63,"column":73}},"type":"binary-expr","locations":[{"start":{"line":63,"column":20},"end":{"line":63,"column":43}},{"start":{"line":63,"column":47},"end":{"line":63,"column":73}}],"line":63},"4":{"loc":{"start":{"line":66,"column":25},"end":{"line":66,"column":77}},"type":"cond-expr","locations":[{"start":{"line":66,"column":38},"end":{"line":66,"column":61}},{"start":{"line":66,"column":65},"end":{"line":66,"column":77}}],"line":66},"5":{"loc":{"start":{"line":66,"column":38},"end":{"line":66,"column":61}},"type":"binary-expr","locations":[{"start":{"line":66,"column":38},"end":{"line":66,"column":45}},{"start":{"line":66,"column":49},"end":{"line":66,"column":61}}],"line":66},"6":{"loc":{"start":{"line":67,"column":31},"end":{"line":67,"column":101}},"type":"cond-expr","locations":[{"start":{"line":67,"column":44},"end":{"line":67,"column":79}},{"start":{"line":67,"column":83},"end":{"line":67,"column":101}}],"line":67},"7":{"loc":{"start":{"line":67,"column":44},"end":{"line":67,"column":79}},"type":"binary-expr","locations":[{"start":{"line":67,"column":44},"end":{"line":67,"column":57}},{"start":{"line":67,"column":61},"end":{"line":67,"column":79}}],"line":67},"8":{"loc":{"start":{"line":68,"column":27},"end":{"line":68,"column":85}},"type":"cond-expr","locations":[{"start":{"line":68,"column":40},"end":{"line":68,"column":67}},{"start":{"line":68,"column":71},"end":{"line":68,"column":85}}],"line":68},"9":{"loc":{"start":{"line":68,"column":40},"end":{"line":68,"column":67}},"type":"binary-expr","locations":[{"start":{"line":68,"column":40},"end":{"line":68,"column":49}},{"start":{"line":68,"column":53},"end":{"line":68,"column":67}}],"line":68},"10":{"loc":{"start":{"line":73,"column":6},"end":{"line":73,"column":39}},"type":"if","locations":[{"start":{"line":73,"column":6},"end":{"line":73,"column":39}},{"start":{},"end":{}}],"line":73},"11":{"loc":{"start":{"line":75,"column":13},"end":{"line":75,"column":36}},"type":"binary-expr","locations":[{"start":{"line":75,"column":13},"end":{"line":75,"column":30}},{"start":{"line":75,"column":34},"end":{"line":75,"column":36}}],"line":75},"12":{"loc":{"start":{"line":83,"column":23},"end":{"line":83,"column":85}},"type":"binary-expr","locations":[{"start":{"line":83,"column":23},"end":{"line":83,"column":37}},{"start":{"line":83,"column":41},"end":{"line":83,"column":50}},{"start":{"line":83,"column":54},"end":{"line":83,"column":85}}],"line":83},"13":{"loc":{"start":{"line":84,"column":29},"end":{"line":84,"column":105}},"type":"binary-expr","locations":[{"start":{"line":84,"column":29},"end":{"line":84,"column":49}},{"start":{"line":84,"column":53},"end":{"line":84,"column":64}},{"start":{"line":84,"column":68},"end":{"line":84,"column":105}}],"line":84},"14":{"loc":{"start":{"line":93,"column":50},"end":{"line":93,"column":68}},"type":"cond-expr","locations":[{"start":{"line":93,"column":60},"end":{"line":93,"column":63}},{"start":{"line":93,"column":66},"end":{"line":93,"column":68}}],"line":93},"15":{"loc":{"start":{"line":128,"column":17},"end":{"line":128,"column":70}},"type":"cond-expr","locations":[{"start":{"line":128,"column":34},"end":{"line":128,"column":58}},{"start":{"line":128,"column":61},"end":{"line":128,"column":70}}],"line":128},"16":{"loc":{"start":{"line":131,"column":15},"end":{"line":137,"column":15}},"type":"binary-expr","locations":[{"start":{"line":131,"column":15},"end":{"line":131,"column":25}},{"start":{"line":131,"column":29},"end":{"line":131,"column":37}},{"start":{"line":132,"column":16},"end":{"line":136,"column":18}}],"line":131},"17":{"loc":{"start":{"line":138,"column":15},"end":{"line":145,"column":15}},"type":"binary-expr","locations":[{"start":{"line":138,"column":15},"end":{"line":138,"column":24}},{"start":{"line":138,"column":28},"end":{"line":138,"column":36}},{"start":{"line":139,"column":16},"end":{"line":144,"column":18}}],"line":138},"18":{"loc":{"start":{"line":152,"column":19},"end":{"line":152,"column":91}},"type":"cond-expr","locations":[{"start":{"line":152,"column":30},"end":{"line":152,"column":59}},{"start":{"line":152,"column":62},"end":{"line":152,"column":91}}],"line":152},"19":{"loc":{"start":{"line":154,"column":17},"end":{"line":162,"column":17}},"type":"binary-expr","locations":[{"start":{"line":154,"column":17},"end":{"line":154,"column":25}},{"start":{"line":154,"column":29},"end":{"line":154,"column":39}},{"start":{"line":155,"column":18},"end":{"line":161,"column":27}}],"line":154},"20":{"loc":{"start":{"line":168,"column":11},"end":{"line":170,"column":128}},"type":"cond-expr","locations":[{"start":{"line":169,"column":14},"end":{"line":169,"column":112}},{"start":{"line":170,"column":14},"end":{"line":170,"column":128}}],"line":168},"21":{"loc":{"start":{"line":181,"column":11},"end":{"line":185,"column":11}},"type":"binary-expr","locations":[{"start":{"line":181,"column":11},"end":{"line":181,"column":19}},{"start":{"line":182,"column":12},"end":{"line":184,"column":18}}],"line":181}},"s":{"0":2,"1":16,"2":16,"3":16,"4":16,"5":16,"6":16,"7":16,"8":16,"9":16,"10":16,"11":16,"12":0,"13":16,"14":0,"15":0,"16":16,"17":16,"18":16,"19":16,"20":16,"21":16,"22":16,"23":11,"24":5,"25":5,"26":0,"27":0,"28":16,"29":16,"30":16,"31":1,"32":0,"33":16,"34":0},"f":{"0":16,"1":16,"2":16,"3":1,"4":0,"5":16,"6":0},"b":{"0":[0,16],"1":[16,0],"2":[16,0],"3":[16,14],"4":[2,14],"5":[2,0],"6":[2,14],"7":[2,0],"8":[2,14],"9":[2,2],"10":[11,5],"11":[5,4],"12":[16,9,0],"13":[16,9,0],"14":[1,0],"15":[5,11],"16":[16,14,1],"17":[16,2,0],"18":[1,15],"19":[16,1,1],"20":[2,14],"21":[16,1]},"_coverageSchema":"1a1c01bbd47fc00a2c39e90264f33305004495a9","hash":"78f9734e7057890e69eea30e29ce5eec2c0e8499"}
,"D:\\meowseo\\src\\gutenberg\\components\\tabs\\schema\\ArticleForm.tsx": {"path":"D:\\meowseo\\src\\gutenberg\\components\\tabs\\schema\\ArticleForm.tsx","statementMap":{"0":{"start":{"line":29,"column":30},"end":{"line":85,"column":1}},"1":{"start":{"line":30,"column":50},"end":{"line":30,"column":96}},"2":{"start":{"line":33,"column":38},"end":{"line":41,"column":71}},"3":{"start":{"line":35,"column":8},"end":{"line":39,"column":9}},"4":{"start":{"line":36,"column":10},"end":{"line":36,"column":46}},"5":{"start":{"line":38,"column":10},"end":{"line":38,"column":83}},"6":{"start":{"line":44,"column":22},"end":{"line":50,"column":3}},"7":{"start":{"line":46,"column":28},"end":{"line":46,"column":63}},"8":{"start":{"line":47,"column":6},"end":{"line":47,"column":57}},"9":{"start":{"line":52,"column":2},"end":{"line":84,"column":4}},"10":{"start":{"line":57,"column":29},"end":{"line":57,"column":59}},"11":{"start":{"line":64,"column":29},"end":{"line":64,"column":64}},"12":{"start":{"line":72,"column":29},"end":{"line":72,"column":63}},"13":{"start":{"line":80,"column":29},"end":{"line":80,"column":57}}},"fnMap":{"0":{"name":"(anonymous_0)","decl":{"start":{"line":29,"column":30},"end":{"line":29,"column":31}},"loc":{"start":{"line":29,"column":36},"end":{"line":85,"column":1}},"line":29},"1":{"name":"(anonymous_1)","decl":{"start":{"line":34,"column":7},"end":{"line":34,"column":8}},"loc":{"start":{"line":34,"column":13},"end":{"line":40,"column":7}},"line":34},"2":{"name":"(anonymous_2)","decl":{"start":{"line":45,"column":4},"end":{"line":45,"column":5}},"loc":{"start":{"line":45,"column":51},"end":{"line":48,"column":5}},"line":45},"3":{"name":"(anonymous_3)","decl":{"start":{"line":57,"column":18},"end":{"line":57,"column":19}},"loc":{"start":{"line":57,"column":29},"end":{"line":57,"column":59}},"line":57},"4":{"name":"(anonymous_4)","decl":{"start":{"line":64,"column":18},"end":{"line":64,"column":19}},"loc":{"start":{"line":64,"column":29},"end":{"line":64,"column":64}},"line":64},"5":{"name":"(anonymous_5)","decl":{"start":{"line":72,"column":18},"end":{"line":72,"column":19}},"loc":{"start":{"line":72,"column":29},"end":{"line":72,"column":63}},"line":72},"6":{"name":"(anonymous_6)","decl":{"start":{"line":80,"column":18},"end":{"line":80,"column":19}},"loc":{"start":{"line":80,"column":29},"end":{"line":80,"column":57}},"line":80}},"branchMap":{"0":{"loc":{"start":{"line":33,"column":38},"end":{"line":41,"column":71}},"type":"cond-expr","locations":[{"start":{"line":34,"column":6},"end":{"line":40,"column":10}},{"start":{"line":41,"column":6},"end":{"line":41,"column":71}}],"line":33}},"s":{"0":1,"1":3,"2":3,"3":1,"4":1,"5":1,"6":3,"7":1,"8":1,"9":3,"10":1,"11":0,"12":0,"13":0},"f":{"0":3,"1":1,"2":1,"3":1,"4":0,"5":0,"6":0},"b":{"0":[1,2]},"_coverageSchema":"1a1c01bbd47fc00a2c39e90264f33305004495a9","hash":"2965a60966c87dffeb7af570402701b646ec066e"}
,"D:\\meowseo\\src\\gutenberg\\components\\tabs\\schema\\FAQPageForm.tsx": {"path":"D:\\meowseo\\src\\gutenberg\\components\\tabs\\schema\\FAQPageForm.tsx","statementMap":{"0":{"start":{"line":32,"column":30},"end":{"line":115,"column":1}},"1":{"start":{"line":33,"column":50},"end":{"line":33,"column":96}},"2":{"start":{"line":36,"column":38},"end":{"line":44,"column":51}},"3":{"start":{"line":38,"column":8},"end":{"line":42,"column":9}},"4":{"start":{"line":39,"column":10},"end":{"line":39,"column":46}},"5":{"start":{"line":41,"column":10},"end":{"line":41,"column":63}},"6":{"start":{"line":47,"column":2},"end":{"line":49,"column":3}},"7":{"start":{"line":48,"column":4},"end":{"line":48,"column":60}},"8":{"start":{"line":52,"column":25},"end":{"line":59,"column":3}},"9":{"start":{"line":54,"column":31},"end":{"line":54,"column":58}},"10":{"start":{"line":55,"column":6},"end":{"line":55,"column":79}},"11":{"start":{"line":56,"column":6},"end":{"line":56,"column":75}},"12":{"start":{"line":62,"column":22},"end":{"line":65,"column":51}},"13":{"start":{"line":63,"column":29},"end":{"line":63,"column":86}},"14":{"start":{"line":64,"column":4},"end":{"line":64,"column":73}},"15":{"start":{"line":68,"column":25},"end":{"line":74,"column":3}},"16":{"start":{"line":70,"column":31},"end":{"line":70,"column":83}},"17":{"start":{"line":70,"column":71},"end":{"line":70,"column":82}},"18":{"start":{"line":71,"column":6},"end":{"line":71,"column":75}},"19":{"start":{"line":76,"column":2},"end":{"line":114,"column":4}},"20":{"start":{"line":79,"column":8},"end":{"line":104,"column":14}},"21":{"start":{"line":85,"column":33},"end":{"line":85,"column":73}},"22":{"start":{"line":91,"column":33},"end":{"line":91,"column":71}},"23":{"start":{"line":99,"column":29},"end":{"line":99,"column":50}}},"fnMap":{"0":{"name":"(anonymous_0)","decl":{"start":{"line":32,"column":30},"end":{"line":32,"column":31}},"loc":{"start":{"line":32,"column":36},"end":{"line":115,"column":1}},"line":32},"1":{"name":"(anonymous_1)","decl":{"start":{"line":37,"column":7},"end":{"line":37,"column":8}},"loc":{"start":{"line":37,"column":13},"end":{"line":43,"column":7}},"line":37},"2":{"name":"(anonymous_2)","decl":{"start":{"line":53,"column":4},"end":{"line":53,"column":5}},"loc":{"start":{"line":53,"column":60},"end":{"line":57,"column":5}},"line":53},"3":{"name":"(anonymous_3)","decl":{"start":{"line":62,"column":34},"end":{"line":62,"column":35}},"loc":{"start":{"line":62,"column":40},"end":{"line":65,"column":3}},"line":62},"4":{"name":"(anonymous_4)","decl":{"start":{"line":69,"column":4},"end":{"line":69,"column":5}},"loc":{"start":{"line":69,"column":23},"end":{"line":72,"column":5}},"line":69},"5":{"name":"(anonymous_5)","decl":{"start":{"line":70,"column":61},"end":{"line":70,"column":62}},"loc":{"start":{"line":70,"column":71},"end":{"line":70,"column":82}},"line":70},"6":{"name":"(anonymous_6)","decl":{"start":{"line":78,"column":34},"end":{"line":78,"column":35}},"loc":{"start":{"line":79,"column":8},"end":{"line":104,"column":14}},"line":79},"7":{"name":"(anonymous_7)","decl":{"start":{"line":85,"column":22},"end":{"line":85,"column":23}},"loc":{"start":{"line":85,"column":33},"end":{"line":85,"column":73}},"line":85},"8":{"name":"(anonymous_8)","decl":{"start":{"line":91,"column":22},"end":{"line":91,"column":23}},"loc":{"start":{"line":91,"column":33},"end":{"line":91,"column":71}},"line":91},"9":{"name":"(anonymous_9)","decl":{"start":{"line":99,"column":23},"end":{"line":99,"column":24}},"loc":{"start":{"line":99,"column":29},"end":{"line":99,"column":50}},"line":99}},"branchMap":{"0":{"loc":{"start":{"line":36,"column":38},"end":{"line":44,"column":51}},"type":"cond-expr","locations":[{"start":{"line":37,"column":6},"end":{"line":43,"column":10}},{"start":{"line":44,"column":6},"end":{"line":44,"column":51}}],"line":36},"1":{"loc":{"start":{"line":47,"column":2},"end":{"line":49,"column":3}},"type":"if","locations":[{"start":{"line":47,"column":2},"end":{"line":49,"column":3}},{"start":{},"end":{}}],"line":47},"2":{"loc":{"start":{"line":47,"column":6},"end":{"line":47,"column":71}},"type":"binary-expr","locations":[{"start":{"line":47,"column":6},"end":{"line":47,"column":29}},{"start":{"line":47,"column":33},"end":{"line":47,"column":71}}],"line":47},"3":{"loc":{"start":{"line":95,"column":11},"end":{"line":103,"column":11}},"type":"binary-expr","locations":[{"start":{"line":95,"column":11},"end":{"line":95,"column":44}},{"start":{"line":96,"column":12},"end":{"line":102,"column":21}}],"line":95}},"s":{"0":1,"1":4,"2":4,"3":3,"4":3,"5":0,"6":4,"7":0,"8":4,"9":0,"10":0,"11":0,"12":4,"13":1,"14":1,"15":4,"16":1,"17":2,"18":1,"19":4,"20":5,"21":0,"22":0,"23":1},"f":{"0":4,"1":3,"2":0,"3":1,"4":1,"5":2,"6":5,"7":0,"8":0,"9":1},"b":{"0":[3,1],"1":[0,4],"2":[4,4],"3":[5,2]},"_coverageSchema":"1a1c01bbd47fc00a2c39e90264f33305004495a9","hash":"d529a63bc07643200cfaa15d975670f6e6e1468d"}
[...]
line":31,"column":1}},"9":{"start":{"line":30,"column":2},"end":{"line":30,"column":31}},"10":{"start":{"line":33,"column":34},"end":{"line":35,"column":1}},"11":{"start":{"line":34,"column":2},"end":{"line":34,"column":31}},"12":{"start":{"line":38,"column":118},"end":{"line":38,"column":122}},"13":{"start":{"line":39,"column":51},"end":{"line":39,"column":55}},"14":{"start":{"line":41,"column":40},"end":{"line":52,"column":1}},"15":{"start":{"line":43,"column":2},"end":{"line":50,"column":3}},"16":{"start":{"line":44,"column":4},"end":{"line":44,"column":48}},"17":{"start":{"line":45,"column":4},"end":{"line":49,"column":6}},"18":{"start":{"line":46,"column":46},"end":{"line":46,"column":63}},"19":{"start":{"line":47,"column":44},"end":{"line":47,"column":59}},"20":{"start":{"line":48,"column":49},"end":{"line":48,"column":69}},"21":{"start":{"line":51,"column":2},"end":{"line":51,"column":38}},"22":{"start":{"line":55,"column":41},"end":{"line":55,"column":45}},"23":{"start":{"line":56,"column":34},"end":{"line":56,"column":38}},"24":{"start":{"line":58,"column":32},"end":{"line":71,"column":1}},"25":{"start":{"line":60,"column":2},"end":{"line":69,"column":3}},"26":{"start":{"line":61,"column":4},"end":{"line":61,"column":34}},"27":{"start":{"line":62,"column":4},"end":{"line":68,"column":5}},"28":{"start":{"line":63,"column":6},"end":{"line":63,"column":34}},"29":{"start":{"line":64,"column":11},"end":{"line":68,"column":5}},"30":{"start":{"line":65,"column":6},"end":{"line":65,"column":37}},"31":{"start":{"line":67,"column":6},"end":{"line":67,"column":36}},"32":{"start":{"line":70,"column":2},"end":{"line":70,"column":30}},"33":{"start":{"line":73,"column":49},"end":{"line":73,"column":53}},"34":{"start":{"line":74,"column":42},"end":{"line":74,"column":46}},"35":{"start":{"line":76,"column":40},"end":{"line":89,"column":1}},"36":{"start":{"line":78,"column":2},"end":{"line":87,"column":3}},"37":{"start":{"line":79,"column":4},"end":{"line":79,"column":50}},"38":{"start":{"line":80,"column":4},"end":{"line":86,"column":5}},"39":{"start":{"line":81,"column":6},"end":{"line":81,"column":42}},"40":{"start":{"line":82,"column":11},"end":{"line":86,"column":5}},"41":{"start":{"line":83,"column":6},"end":{"line":83,"column":45}},"42":{"start":{"line":85,"column":6},"end":{"line":85,"column":44}},"43":{"start":{"line":88,"column":2},"end":{"line":88,"column":38}}},"fnMap":{"0":{"name":"(anonymous_0)","decl":{"start":{"line":11,"column":27},"end":{"line":11,"column":28}},"loc":{"start":{"line":11,"column":60},"end":{"line":13,"column":1}},"line":11},"1":{"name":"(anonymous_1)","decl":{"start":{"line":15,"column":35},"end":{"line":15,"column":36}},"loc":{"start":{"line":15,"column":68},"end":{"line":17,"column":1}},"line":15},"2":{"name":"(anonymous_2)","decl":{"start":{"line":19,"column":28},"end":{"line":19,"column":29}},"loc":{"start":{"line":19,"column":62},"end":{"line":21,"column":1}},"line":19},"3":{"name":"(anonymous_3)","decl":{"start":{"line":23,"column":30},"end":{"line":23,"column":31}},"loc":{"start":{"line":23,"column":64},"end":{"line":25,"column":1}},"line":23},"4":{"name":"(anonymous_4)","decl":{"start":{"line":29,"column":34},"end":{"line":29,"column":35}},"loc":{"start":{"line":29,"column":77},"end":{"line":31,"column":1}},"line":29},"5":{"name":"(anonymous_5)","decl":{"start":{"line":33,"column":34},"end":{"line":33,"column":35}},"loc":{"start":{"line":33,"column":76},"end":{"line":35,"column":1}},"line":33},"6":{"name":"(anonymous_6)","decl":{"start":{"line":41,"column":40},"end":{"line":41,"column":41}},"loc":{"start":{"line":41,"column":65},"end":{"line":52,"column":1}},"line":41},"7":{"name":"(anonymous_7)","decl":{"start":{"line":46,"column":41},"end":{"line":46,"column":42}},"loc":{"start":{"line":46,"column":46},"end":{"line":46,"column":63}},"line":46},"8":{"name":"(anonymous_8)","decl":{"start":{"line":47,"column":39},"end":{"line":47,"column":40}},"loc":{"start":{"line":47,"column":44},"end":{"line":47,"column":59}},"line":47},"9":{"name":"(anonymous_9)","decl":{"start":{"line":48,"column":44},"end":{"line":48,"column":45}},"loc":{"start":{"line":48,"column":49},"end":{"line":48,"column":69}},"line":48},"10":{"name":"(anonymous_10)","decl":{"start":{"line":58,"column":32},"end":{"line":58,"column":33}},"loc":{"start":{"line":58,"column":65},"end":{"line":71,"column":1}},"line":58},"11":{"name":"(anonymous_11)","decl":{"start":{"line":76,"column":40},"end":{"line":76,"column":41}},"loc":{"start":{"line":76,"column":73},"end":{"line":89,"column":1}},"line":76}},"branchMap":{"0":{"loc":{"start":{"line":43,"column":2},"end":{"line":50,"column":3}},"type":"if","locations":[{"start":{"line":43,"column":2},"end":{"line":50,"column":3}},{"start":{},"end":{}}],"line":43},"1":{"loc":{"start":{"line":60,"column":2},"end":{"line":69,"column":3}},"type":"if","locations":[{"start":{"line":60,"column":2},"end":{"line":69,"column":3}},{"start":{},"end":{}}],"line":60},"2":{"loc":{"start":{"line":62,"column":4},"end":{"line":68,"column":5}},"type":"if","locations":[{"start":{"line":62,"column":4},"end":{"line":68,"column":5}},{"start":{"line":64,"column":11},"end":{"line":68,"column":5}}],"line":62},"3":{"loc":{"start":{"line":64,"column":11},"end":{"line":68,"column":5}},"type":"if","locations":[{"start":{"line":64,"column":11},"end":{"line":68,"column":5}},{"start":{"line":66,"column":11},"end":{"line":68,"column":5}}],"line":64},"4":{"loc":{"start":{"line":78,"column":2},"end":{"line":87,"column":3}},"type":"if","locations":[{"start":{"line":78,"column":2},"end":{"line":87,"column":3}},{"start":{},"end":{}}],"line":78},"5":{"loc":{"start":{"line":80,"column":4},"end":{"line":86,"column":5}},"type":"if","locations":[{"start":{"line":80,"column":4},"end":{"line":86,"column":5}},{"start":{"line":82,"column":11},"end":{"line":86,"column":5}}],"line":80},"6":{"loc":{"start":{"line":82,"column":11},"end":{"line":86,"column":5}},"type":"if","locations":[{"start":{"line":82,"column":11},"end":{"line":86,"column":5}},{"start":{"line":84,"column":11},"end":{"line":86,"column":5}}],"line":82}},"s":{"0":5,"1":2,"2":5,"3":2,"4":5,"5":6,"6":5,"7":2,"8":5,"9":2,"10":5,"11":2,"12":5,"13":5,"14":5,"15":0,"16":0,"17":0,"18":0,"19":0,"20":0,"21":0,"22":5,"23":5,"24":5,"25":0,"26":0,"27":0,"28":0,"29":0,"30":0,"31":0,"32":0,"33":5,"34":5,"35":5,"36":0,"37":0,"38":0,"39":0,"40":0,"41":0,"42":0,"43":0},"f":{"0":2,"1":2,"2":6,"3":2,"4":2,"5":2,"6":0,"7":0,"8":0,"9":0,"10":0,"11":0},"b":{"0":[0,0],"1":[0,0],"2":[0,0],"3":[0,0],"4":[0,0],"5":[0,0],"6":[0,0]},"_coverageSchema":"1a1c01bbd47fc00a2c39e90264f33305004495a9","hash":"4657ecfb4a626f3e90311f5008cb1222fcf35652"}
,"D:\\meowseo\\src\\gutenberg\\store\\types.ts": {"path":"D:\\meowseo\\src\\gutenberg\\store\\types.ts","statementMap":{},"fnMap":{},"branchMap":{},"s":{},"f":{},"b":{},"_coverageSchema":"1a1c01bbd47fc00a2c39e90264f33305004495a9","hash":"993f086cd045086ddd26d072fda251461a512e7d"}
,"D:\\meowseo\\src\\gutenberg\\utils\\plugin-sidebar-compat.tsx": {"path":"D:\\meowseo\\src\\gutenberg\\utils\\plugin-sidebar-compat.tsx","statementMap":{"0":{"start":{"line":29,"column":0},"end":{"line":50,"column":1}},"1":{"start":{"line":31,"column":1},"end":{"line":39,"column":2}},"2":{"start":{"line":32,"column":23},"end":{"line":32,"column":51}},"3":{"start":{"line":33,"column":2},"end":{"line":33,"column":54}},"4":{"start":{"line":35,"column":2},"end":{"line":35,"column":90}},"5":{"start":{"line":37,"column":25},"end":{"line":37,"column":56}},"6":{"start":{"line":38,"column":2},"end":{"line":38,"column":56}},"7":{"start":{"line":42,"column":1},"end":{"line":49,"column":2}},"8":{"start":{"line":43,"column":25},"end":{"line":43,"column":56}},"9":{"start":{"line":44,"column":2},"end":{"line":44,"column":56}},"10":{"start":{"line":46,"column":2},"end":{"line":46,"column":93}},"11":{"start":{"line":48,"column":2},"end":{"line":48,"column":38}},"12":{"start":{"line":48,"column":33},"end":{"line":48,"column":37}},"13":{"start":{"line":61,"column":70},"end":{"line":61,"column":92}}},"fnMap":{"0":{"name":"(anonymous_0)","decl":{"start":{"line":48,"column":27},"end":{"line":48,"column":28}},"loc":{"start":{"line":48,"column":33},"end":{"line":48,"column":37}},"line":48}},"branchMap":{"0":{"loc":{"start":{"line":29,"column":0},"end":{"line":50,"column":1}},"type":"if","locations":[{"start":{"line":29,"column":0},"end":{"line":50,"column":1}},{"start":{"line":40,"column":7},"end":{"line":50,"column":1}}],"line":29}},"s":{"0":6,"1":3,"2":3,"3":2,"4":1,"5":1,"6":1,"7":3,"8":3,"9":2,"10":1,"11":1,"12":1,"13":6},"f":{"0":1},"b":{"0":[3,3]},"_coverageSchema":"1a1c01bbd47fc00a2c39e90264f33305004495a9","hash":"6f92bf13bf98c4d8571a844a35858a183f195b1c"}
,"D:\\meowseo\\src\\gutenberg\\utils\\version-detection.ts": {"path":"D:\\meowseo\\src\\gutenberg\\utils\\version-detection.ts","statementMap":{"0":{"start":{"line":27,"column":1},"end":{"line":30,"column":2}},"1":{"start":{"line":28,"column":2},"end":{"line":28,"column":70}},"2":{"start":{"line":29,"column":2},"end":{"line":29,"column":15}},"3":{"start":{"line":33,"column":1},"end":{"line":46,"column":2}},"4":{"start":{"line":34,"column":21},"end":{"line":34,"column":60}},"5":{"start":{"line":35,"column":2},"end":{"line":43,"column":3}},"6":{"start":{"line":36,"column":20},"end":{"line":36,"column":50}},"7":{"start":{"line":40,"column":3},"end":{"line":42,"column":4}},"8":{"start":{"line":41,"column":4},"end":{"line":41,"column":16}},"9":{"start":{"line":45,"column":2},"end":{"line":45,"column":69}},"10":{"start":{"line":50,"column":1},"end":{"line":58,"column":2}},"11":{"start":{"line":52,"column":24},"end":{"line":52,"column":40}},"12":{"start":{"line":53,"column":2},"end":{"line":55,"column":3}},"13":{"start":{"line":54,"column":3},"end":{"line":54,"column":15}},"14":{"start":{"line":61,"column":1},"end":{"line":61,"column":14}},"15":{"start":{"line":69,"column":35},"end":{"line":69,"column":59}}},"fnMap":{"0":{"name":"detectWordPressVersion","decl":{"start":{"line":25,"column":16},"end":{"line":25,"column":38}},"loc":{"start":{"line":25,"column":50},"end":{"line":62,"column":1}},"line":25}},"branchMap":{"0":{"loc":{"start":{"line":27,"column":1},"end":{"line":30,"column":2}},"type":"if","locations":[{"start":{"line":27,"column":1},"end":{"line":30,"column":2}},{"start":{},"end":{}}],"line":27},"1":{"loc":{"start":{"line":27,"column":5},"end":{"line":27,"column":48}},"type":"binary-expr","locations":[{"start":{"line":27,"column":5},"end":{"line":27,"column":34}},{"start":{"line":27,"column":38},"end":{"line":27,"column":48}}],"line":27},"2":{"loc":{"start":{"line":35,"column":2},"end":{"line":43,"column":3}},"type":"if","locations":[{"start":{"line":35,"column":2},"end":{"line":43,"column":3}},{"start":{},"end":{}}],"line":35},"3":{"loc":{"start":{"line":35,"column":6},"end":{"line":35,"column":70}},"type":"binary-expr","locations":[{"start":{"line":35,"column":6},"end":{"line":35,"column":16}},{"start":{"line":35,"column":20},"end":{"line":35,"column":70}}],"line":35},"4":{"loc":{"start":{"line":40,"column":3},"end":{"line":42,"column":4}},"type":"if","locations":[{"start":{"line":40,"column":3},"end":{"line":42,"column":4}},{"start":{},"end":{}}],"line":40},"5":{"loc":{"start":{"line":40,"column":7},"end":{"line":40,"column":60}},"type":"binary-expr","locations":[{"start":{"line":40,"column":7},"end":{"line":40,"column":15}},{"start":{"line":40,"column":19},"end":{"line":40,"column":60}}],"line":40},"6":{"loc":{"start":{"line":53,"column":2},"end":{"line":55,"column":3}},"type":"if","locations":[{"start":{"line":53,"column":2},"end":{"line":55,"column":3}},{"start":{},"end":{}}],"line":53},"7":{"loc":{"start":{"line":53,"column":6},"end":{"line":53,"column":55}},"type":"binary-expr","locations":[{"start":{"line":53,"column":6},"end":{"line":53,"column":19}},{"start":{"line":53,"column":23},"end":{"line":53,"column":55}}],"line":53}},"s":{"0":10,"1":3,"2":3,"3":7,"4":7,"5":6,"6":3,"7":3,"8":2,"9":1,"10":5,"11":5,"12":5,"13":1,"14":4,"15":1},"f":{"0":10},"b":{"0":[3,7],"1":[10,9],"2":[3,3],"3":[6,4],"4":[2,1],"5":[3,2],"6":[1,4],"7":[5,2]},"_coverageSchema":"1a1c01bbd47fc00a2c39e90264f33305004495a9","hash":"349d6b3ab8c8ebcbf8c3361d3a6339ec32185980"}
,"D:\\meowseo\\src\\gutenberg\\workers\\analysis-worker.ts": {"path":"D:\\meowseo\\src\\gutenberg\\workers\\analysis-worker.ts","statementMap":{"0":{"start":{"line":33,"column":20},"end":{"line":33,"column":56}},"1":{"start":{"line":34,"column":2},"end":{"line":37,"column":3}},"2":{"start":{"line":36,"column":4},"end":{"line":36,"column":49}},"3":{"start":{"line":40,"column":22},"end":{"line":40,"column":54}},"4":{"start":{"line":41,"column":21},"end":{"line":41,"column":47}},"5":{"start":{"line":42,"column":2},"end":{"line":42,"column":29}},"6":{"start":{"line":49,"column":23},"end":{"line":49,"column":55}},"7":{"start":{"line":50,"column":29},"end":{"line":50,"column":31}},"8":{"start":{"line":53,"column":2},"end":{"line":57,"column":3}},"9":{"start":{"line":55,"column":24},"end":{"line":55,"column":56}},"10":{"start":{"line":56,"column":4},"end":{"line":56,"column":31}},"11":{"start":{"line":59,"column":2},"end":{"line":59,"column":18}},"12":{"start":{"line":66,"column":62},"end":{"line":66,"column":66}},"13":{"start":{"line":67,"column":36},"end":{"line":67,"column":38}},"14":{"start":{"line":68,"column":14},"end":{"line":68,"column":15}},"15":{"start":{"line":71,"column":2},"end":{"line":77,"column":3}},"16":{"start":{"line":72,"column":4},"end":{"line":76,"column":6}},"17":{"start":{"line":79,"column":23},"end":{"line":79,"column":49}},"18":{"start":{"line":82,"column":2},"end":{"line":95,"column":3}},"19":{"start":{"line":83,"column":4},"end":{"line":87,"column":7}},"20":{"start":{"line":88,"column":4},"end":{"line":88,"column":16}},"21":{"start":{"line":90,"column":4},"end":{"line":94,"column":7}},"22":{"start":{"line":98,"column":2},"end":{"line":111,"column":3}},"23":{"start":{"line":99,"column":4},"end":{"line":103,"column":7}},"24":{"start":{"line":104,"column":4},"end":{"line":104,"column":16}},"25":{"start":{"line":106,"column":4},"end":{"line":110,"column":7}},"26":{"start":{"line":114,"column":25},"end":{"line":114,"column":55}},"27":{"start":{"line":115,"column":2},"end":{"line":128,"column":3}},"28":{"start":{"line":116,"column":4},"end":{"line":120,"column":7}},"29":{"start":{"line":121,"column":4},"end":{"line":121,"column":16}},"30":{"start":{"line":123,"column":4},"end":{"line":127,"column":7}},"31":{"start":{"line":131,"column":19},"end":{"line":131,"column":43}},"32":{"start":{"line":132,"column":28},"end":{"line":134,"column":3}},"33":{"start":{"line":133,"column":4},"end":{"line":133,"column":42}},"34":{"start":{"line":135,"column":2},"end":{"line":148,"column":3}},"35":{"start":{"line":136,"column":4},"end":{"line":140,"column":7}},"36":{"start":{"line":141,"column":4},"end":{"line":141,"column":16}},"37":{"start":{"line":143,"column":4},"end":{"line":147,"column":7}},"38":{"start":{"line":151,"column":27},"end":{"line":151,"column":60}},"39":{"start":{"line":152,"column":2},"end":{"line":165,"column":3}},"40":{"start":{"line":153,"column":4},"end":{"line":157,"column":7}},"41":{"start":{"line":158,"column":4},"end":{"line":158,"column":16}},"42":{"start":{"line":160,"column":4},"end":{"line":164,"column":7}},"43":{"start":{"line":169,"column":2},"end":{"line":175,"column":3}},"44":{"start":{"line":170,"column":4},"end":{"line":170,"column":18}},"45":{"start":{"line":171,"column":9},"end":{"line":175,"column":3}},"46":{"start":{"line":172,"column":4},"end":{"line":172,"column":21}},"47":{"start":{"line":174,"column":4},"end":{"line":174,"column":20}},"48":{"start":{"line":177,"column":2},"end":{"line":177,"column":35}},"49":{"start":{"line":181,"column":0},"end":{"line":184,"column":3}},"50":{"start":{"line":182,"column":17},"end":{"line":182,"column":39}},"51":{"start":{"line":183,"column":2},"end":{"line":183,"column":27}}},"fnMap":{"0":{"name":"extractFirstParagraph","decl":{"start":{"line":31,"column":9},"end":{"line":31,"column":30}},"loc":{"start":{"line":31,"column":56},"end":{"line":43,"column":1}},"line":31},"1":{"name":"extractHeadings","decl":{"start":{"line":48,"column":9},"end":{"line":48,"column":24}},"loc":{"start":{"line":48,"column":52},"end":{"line":60,"column":1}},"line":48},"2":{"name":"analyzeSEO","decl":{"start":{"line":65,"column":16},"end":{"line":65,"column":26}},"loc":{"start":{"line":65,"column":64},"end":{"line":178,"column":1}},"line":65},"3":{"name":"(anonymous_3)","decl":{"start":{"line":132,"column":42},"end":{"line":132,"column":43}},"loc":{"start":{"line":133,"column":4},"end":{"line":133,"column":42}},"line":133},"4":{"name":"(anonymous_4)","decl":{"start":{"line":181,"column":33},"end":{"line":181,"column":34}},"loc":{"start":{"line":181,"column":73},"end":{"line":184,"column":1}},"line":181}},"branchMap":{"0":{"loc":{"start":{"line":34,"column":2},"end":{"line":37,"column":3}},"type":"if","locations":[{"start":{"line":34,"column":2},"end":{"line":37,"column":3}},{"start":{},"end":{}}],"line":34},"1":{"loc":{"start":{"line":42,"column":9},"end":{"line":42,"column":28}},"type":"binary-expr","locations":[{"start":{"line":42,"column":9},"end":{"line":42,"column":22}},{"start":{"line":42,"column":26},"end":{"line":42,"column":28}}],"line":42},"2":{"loc":{"start":{"line":71,"column":2},"end":{"line":77,"column":3}},"type":"if","locations":[{"start":{"line":71,"column":2},"end":{"line":77,"column":3}},{"start":{},"end":{}}],"line":71},"3":{"loc":{"start":{"line":82,"column":2},"end":{"line":95,"column":3}},"type":"if","locations":[{"start":{"line":82,"column":2},"end":{"line":95,"column":3}},{"start":{"line":89,"column":9},"end":{"line":95,"column":3}}],"line":82},"4":{"loc":{"start":{"line":98,"column":2},"end":{"line":111,"column":3}},"type":"if","locations":[{"start":{"line":98,"column":2},"end":{"line":111,"column":3}},{"start":{"line":105,"column":9},"end":{"line":111,"column":3}}],"line":98},"5":{"loc":{"start":{"line":115,"column":2},"end":{"line":128,"column":3}},"type":"if","locations":[{"start":{"line":115,"column":2},"end":{"line":128,"column":3}},{"start":{"line":122,"column":9},"end":{"line":128,"column":3}}],"line":115},"6":{"loc":{"start":{"line":135,"column":2},"end":{"line":148,"column":3}},"type":"if","locations":[{"start":{"line":135,"column":2},"end":{"line":148,"column":3}},{"start":{"line":142,"column":9},"end":{"line":148,"column":3}}],"line":135},"7":{"loc":{"start":{"line":152,"column":2},"end":{"line":165,"column":3}},"type":"if","locations":[{"start":{"line":152,"column":2},"end":{"line":165,"column":3}},{"start":{"line":159,"column":9},"end":{"line":165,"column":3}}],"line":152},"8":{"loc":{"start":{"line":169,"column":2},"end":{"line":175,"column":3}},"type":"if","locations":[{"start":{"line":169,"column":2},"end":{"line":175,"column":3}},{"start":{"line":171,"column":9},"end":{"line":175,"column":3}}],"line":169},"9":{"loc":{"start":{"line":171,"column":9},"end":{"line":175,"column":3}},"type":"if","locations":[{"start":{"line":171,"column":9},"end":{"line":175,"column":3}},{"start":{"line":173,"column":9},"end":{"line":175,"column":3}}],"line":171}},"s":{"0":7062,"1":7062,"2":45,"3":7017,"4":7017,"5":7017,"6":7062,"7":7062,"8":7062,"9":22,"10":22,"11":7062,"12":7867,"13":7867,"14":7867,"15":7867,"16":805,"17":7062,"18":7062,"19":73,"20":73,"21":6989,"22":7062,"23":75,"24":75,"25":6987,"26":7062,"27":7062,"28":96,"29":96,"30":6966,"31":7062,"32":7062,"33":22,"34":7062,"35":20,"36":20,"37":7042,"38":7062,"39":7062,"40":67,"41":67,"42":6995,"43":7062,"44":7014,"45":48,"46":27,"47":21,"48":7062,"49":5,"50":0,"51":0},"f":{"0":7062,"1":7062,"2":7867,"3":22,"4":0},"b":{"0":[45,7017],"1":[7017,662],"2":[805,7062],"3":[73,6989],"4":[75,6987],"5":[96,6966],"6":[20,7042],"7":[67,6995],"8":[7014,48],"9":[27,21]},"_coverageSchema":"1a1c01bbd47fc00a2c39e90264f33305004495a9","hash":"3e4ddeedcdf649a3c126e793c677d7d7d21a9774"}
}
