TN:
SF:src\gutenberg\components\ContentScoreWidget.tsx
FN:24,(anonymous_0)
FN:39,(anonymous_1)
FN:40,(anonymous_2)
FN:69,(anonymous_3)
FNF:4
FNH:3
FNDA:64,(anonymous_0)
FNDA:32,(anonymous_1)
FNDA:0,(anonymous_2)
FNDA:1,(anonymous_3)
DA:24,2
DA:25,64
DA:26,6
DA:27,58
DA:28,29
DA:30,29
DA:39,2
DA:40,32
DA:41,0
DA:42,0
DA:43,0
DA:44,0
DA:45,0
DA:51,0
DA:57,0
DA:58,0
DA:66,32
DA:69,32
DA:70,1
DA:73,32
LF:20
LH:12
BRDA:25,0,0,6
BRDA:25,0,1,58
BRDA:27,1,0,29
BRDA:27,1,1,29
BRDA:43,2,0,0
BRDA:43,2,1,0
BRDA:108,3,0,5
BRDA:108,3,1,27
BRF:8
BRH:6
end_of_record
TN:
SF:src\gutenberg\components\ErrorBoundary.tsx
FN:32,(anonymous_0)
FN:40,(anonymous_1)
FN:48,(anonymous_2)
FN:53,(anonymous_3)
FN:65,(anonymous_4)
FNF:5
FNH:4
FNDA:8,(anonymous_0)
FNDA:6,(anonymous_1)
FNDA:3,(anonymous_2)
FNDA:13,(anonymous_3)
FNDA:0,(anonymous_4)
DA:33,8
DA:34,7
DA:42,6
DA:50,3
DA:54,13
DA:56,6
DA:65,0
DA:74,7
LF:8
LH:7
BRDA:54,0,0,6
BRDA:54,0,1,7
BRF:2
BRH:2
end_of_record
TN:
SF:src\gutenberg\components\Sidebar.tsx
FN:19,(anonymous_0)
FN:25,(anonymous_1)
FNF:2
FNH:2
FNDA:219,(anonymous_0)
FNDA:219,(anonymous_1)
DA:19,3
DA:22,219
DA:25,219
DA:26,219
DA:27,219
DA:28,219
DA:29,0
DA:30,0
DA:34,219
DA:38,0
DA:39,0
DA:45,219
LF:12
LH:8
BRDA:28,0,0,0
BRDA:28,0,1,219
BRF:2
BRH:1
end_of_record
TN:
SF:src\gutenberg\components\TabBar.tsx
FN:22,(anonymous_0)
FN:23,(anonymous_1)
FN:46,(anonymous_2)
FN:54,(anonymous_3)
FN:60,(anonymous_4)
FN:68,(anonymous_5)
FNF:6
FNH:6
FNDA:15,(anonymous_0)
FNDA:7,(anonymous_1)
FNDA:15,(anonymous_2)
FNDA:5,(anonymous_3)
FNDA:60,(anonymous_4)
FNDA:5,(anonymous_5)
DA:22,2
DA:23,15
DA:24,7
DA:25,7
DA:26,7
DA:27,0
DA:28,0
DA:32,7
DA:36,0
DA:37,0
DA:43,15
DA:46,15
DA:54,15
DA:55,5
DA:58,15
DA:61,60
DA:68,5
LF:17
LH:13
BRDA:26,0,0,0
BRDA:26,0,1,7
BRDA:67,1,0,15
BRDA:67,1,1,45
BRF:4
BRH:3
end_of_record
TN:
SF:src\gutenberg\components\TabContent.test-helper.tsx
FN:15,(anonymous_0)
FN:16,(anonymous_1)
FNF:2
FNH:2
FNDA:337,(anonymous_0)
FNDA:337,(anonymous_1)
DA:15,2
DA:16,337
DA:17,337
DA:18,337
DA:23,337
LF:5
LH:5
BRDA:25,0,0,337
BRDA:25,0,1,93
BRDA:35,1,0,337
BRDA:35,1,1,78
BRDA:45,2,0,337
BRDA:45,2,1,78
BRDA:55,3,0,337
BRDA:55,3,1,88
BRF:8
BRH:8
end_of_record
TN:
SF:src\gutenberg\components\tabs\AdvancedTabContent.tsx
FN:22,(anonymous_0)
FNF:1
FNH:1
FNDA:6,(anonymous_0)
DA:22,1
DA:23,6
LF:2
LH:2
BRF:0
BRH:0
end_of_record
TN:
SF:src\gutenberg\components\tabs\CanonicalURLInput.tsx
FN:24,(anonymous_0)
FN:31,(anonymous_1)
FNF:2
FNH:2
FNDA:11,(anonymous_0)
FNDA:1,(anonymous_1)
DA:24,2
DA:27,11
DA:31,11
DA:32,1
DA:33,1
DA:34,1
DA:35,0
DA:37,1
DA:38,1
DA:40,0
DA:41,0
DA:45,11
LF:12
LH:9
BRDA:34,0,0,0
BRDA:34,0,1,1
BRDA:35,1,0,0
BRDA:35,1,1,0
BRDA:37,2,0,1
BRDA:37,2,1,0
BRDA:38,3,0,1
BRDA:38,3,1,0
BRDA:41,4,0,0
BRDA:41,4,1,0
BRF:10
BRH:3
end_of_record
TN:
SF:src\gutenberg\components\tabs\DirectAnswerField.tsx
FN:22,(anonymous_0)
FNF:1
FNH:1
FNDA:20,(anonymous_0)
DA:22,3
DA:24,20
DA:26,20
LF:3
LH:3
BRF:0
BRH:0
end_of_record
TN:
SF:src\gutenberg\components\tabs\FacebookSubTab.tsx
FN:24,(anonymous_0)
FN:31,(anonymous_1)
FN:54,(anonymous_2)
FN:96,(anonymous_3)
FN:99,(anonymous_4)
FN:116,(anonymous_5)
FNF:6
FNH:4
FNDA:16,(anonymous_0)
FNDA:16,(anonymous_1)
FNDA:16,(anonymous_2)
FNDA:0,(anonymous_3)
FNDA:16,(anonymous_4)
FNDA:0,(anonymous_5)
DA:24,2
DA:26,16
DA:27,16
DA:28,16
DA:31,16
DA:32,16
DA:33,16
DA:34,16
DA:35,0
DA:40,16
DA:45,0
DA:46,0
DA:54,16
DA:55,16
DA:56,16
DA:57,8
DA:58,8
DA:60,0
DA:61,0
DA:66,16
DA:67,16
DA:69,16
DA:96,0
DA:100,16
DA:116,0
LF:25
LH:18
BRDA:34,0,0,0
BRDA:34,0,1,16
BRDA:41,1,0,16
BRDA:41,1,1,0
BRDA:42,2,0,16
BRDA:42,2,1,0
BRDA:56,3,0,8
BRDA:56,3,1,8
BRDA:58,4,0,8
BRDA:58,4,1,7
BRDA:66,5,0,16
BRDA:66,5,1,8
BRDA:66,5,2,0
BRDA:67,6,0,16
BRDA:67,6,1,8
BRDA:67,6,2,0
BRDA:98,7,0,8
BRDA:98,7,1,8
BRDA:101,8,0,16
BRDA:101,8,1,1
BRDA:110,9,0,1
BRDA:110,9,1,15
BRDA:112,10,0,16
BRDA:112,10,1,1
BRDA:136,11,0,16
BRDA:136,11,1,1
BRF:26
BRH:21
end_of_record
TN:
SF:src\gutenberg\components\tabs\FocusKeywordInput.tsx
FN:31,(anonymous_0)
FNF:1
FNH:1
FNDA:19,(anonymous_0)
DA:31,3
DA:34,19
DA:36,19
LF:3
LH:3
BRF:0
BRH:0
end_of_record
TN:
SF:src\gutenberg\components\tabs\GSCIntegration.tsx
FN:24,(anonymous_0)
FN:30,(anonymous_1)
FN:59,(anonymous_2)
FN:90,(anonymous_3)
FNF:4
FNH:4
FNDA:26,(anonymous_0)
FNDA:4,(anonymous_1)
FNDA:6,(anonymous_2)
FNDA:26,(anonymous_3)
DA:24,2
DA:27,26
DA:30,26
DA:31,4
DA:32,4
DA:33,4
DA:34,0
DA:39,4
DA:44,0
DA:45,0
DA:53,26
DA:54,26
DA:55,26
DA:59,26
DA:60,6
DA:61,6
DA:62,6
DA:64,6
DA:67,6
DA:76,4
DA:77,3
DA:79,0
DA:82,3
DA:83,3
DA:85,6
DA:90,26
DA:91,26
DA:92,21
DA:95,5
DA:96,5
DA:97,5
DA:99,0
DA:103,26
LF:33
LH:28
BRDA:33,0,0,0
BRDA:33,0,1,4
BRDA:40,1,0,4
BRDA:40,1,1,0
BRDA:41,2,0,4
BRDA:41,2,1,0
BRDA:76,3,0,3
BRDA:76,3,1,0
BRDA:77,4,0,3
BRDA:77,4,1,0
BRDA:79,5,0,0
BRDA:79,5,1,0
BRDA:83,6,0,3
BRDA:83,6,1,0
BRDA:91,7,0,21
BRDA:91,7,1,5
BRDA:122,8,0,6
BRDA:122,8,1,20
BRDA:128,9,0,26
BRDA:128,9,1,3
BRDA:134,10,0,26
BRDA:134,10,1,2
BRF:22
BRH:14
end_of_record
TN:
SF:src\gutenberg\components\tabs\GeneralTabContent.tsx
FN:24,(anonymous_0)
FNF:1
FNH:1
FNDA:7,(anonymous_0)
DA:24,1
DA:25,7
LF:2
LH:2
BRF:0
BRH:0
end_of_record
TN:
SF:src\gutenberg\components\tabs\InternalLinkSuggestions.tsx
FN:38,(anonymous_0)
FN:47,(anonymous_1)
FN:62,(anonymous_2)
FN:75,(anonymous_3)
FN:100,(anonymous_4)
FN:135,(anonymous_5)
FNF:6
FNH:6
FNDA:44,(anonymous_0)
FNDA:16,(anonymous_1)
FNDA:19,(anonymous_2)
FNDA:7,(anonymous_3)
FNDA:11,(anonymous_4)
FNDA:8,(anonymous_5)
DA:38,3
DA:39,44
DA:40,44
DA:41,44
DA:44,44
DA:47,44
DA:48,16
DA:49,16
DA:50,16
DA:51,0
DA:53,16
DA:55,0
DA:56,0
DA:62,44
DA:64,19
DA:67,19
DA:68,8
DA:69,8
DA:70,8
DA:73,11
DA:75,11
DA:76,7
DA:79,7
DA:89,6
DA:90,6
DA:93,1
DA:94,1
DA:95,1
DA:96,1
DA:100,11
DA:101,11
DA:102,11
DA:107,44
DA:108,16
DA:111,28
DA:136,8
LF:36
LH:33
BRDA:50,0,0,0
BRDA:50,0,1,16
BRDA:53,1,0,16
BRDA:53,1,1,0
BRDA:67,2,0,8
BRDA:67,2,1,11
BRDA:67,3,0,19
BRDA:67,3,1,12
BRDA:89,4,0,6
BRDA:89,4,1,0
BRDA:107,5,0,16
BRDA:107,5,1,28
BRDA:107,6,0,44
BRDA:107,6,1,30
BRDA:118,7,0,28
BRDA:118,7,1,11
BRDA:126,8,0,28
BRDA:126,8,1,1
BRDA:126,8,2,1
BRDA:133,9,0,28
BRDA:133,9,1,17
BRDA:133,9,2,16
BRDA:133,9,3,4
BRDA:163,10,0,28
BRDA:163,10,1,17
BRDA:163,10,2,16
BRDA:163,10,3,12
BRF:27
BRH:24
end_of_record
TN:
SF:src\gutenberg\components\tabs\RobotsToggles.tsx
FN:24,(anonymous_0)
FN:35,(anonymous_1)
FN:39,(anonymous_2)
FNF:3
FNH:3
FNDA:14,(anonymous_0)
FNDA:2,(anonymous_1)
FNDA:2,(anonymous_2)
DA:24,2
DA:27,14
DA:28,14
DA:31,14
DA:32,14
DA:35,14
DA:36,2
DA:39,14
DA:40,2
DA:43,14
LF:10
LH:10
BRDA:31,0,0,14
BRDA:31,0,1,12
BRDA:32,1,0,14
BRDA:32,1,1,12
BRDA:36,2,0,1
BRDA:36,2,1,1
BRDA:40,3,0,1
BRDA:40,3,1,1
BRF:8
BRH:8
end_of_record
TN:
SF:src\gutenberg\components\tabs\SchemaTabContent.tsx
FN:17,(anonymous_0)
FN:18,(anonymous_1)
FN:19,(anonymous_2)
FN:20,(anonymous_3)
FN:21,(anonymous_4)
FN:29,(anonymous_5)
FN:66,(anonymous_6)
FN:74,(anonymous_7)
FNF:8
FNH:4
FNDA:1,(anonymous_0)
FNDA:0,(anonymous_1)
FNDA:0,(anonymous_2)
FNDA:0,(anonymous_3)
FNDA:0,(anonymous_4)
FNDA:3,(anonymous_5)
FNDA:3,(anonymous_6)
FNDA:3,(anonymous_7)
DA:17,1
DA:18,1
DA:19,1
DA:20,1
DA:21,1
DA:29,1
DA:30,3
DA:31,2
DA:34,1
DA:35,1
DA:38,0
DA:40,0
DA:42,0
DA:44,0
DA:46,0
DA:48,0
DA:50,0
DA:53,1
DA:66,1
DA:67,3
DA:68,3
DA:71,3
DA:74,3
DA:75,3
DA:76,2
DA:84,1
DA:95,3
LF:27
LH:20
BRDA:30,0,0,2
BRDA:30,0,1,1
BRDA:30,1,0,3
BRDA:30,1,1,1
BRDA:38,2,0,0
BRDA:38,2,1,0
BRDA:38,2,2,0
BRDA:38,2,3,0
BRDA:38,2,4,0
BRDA:38,2,5,0
BRDA:44,3,0,0
BRDA:44,3,1,0
BRDA:46,4,0,0
BRDA:46,4,1,0
BRDA:48,5,0,0
BRDA:48,5,1,0
BRDA:75,6,0,2
BRDA:75,6,1,1
BRDA:86,7,0,1
BRDA:86,7,1,1
BRDA:87,8,0,1
BRDA:87,8,1,0
BRDA:88,9,0,1
BRDA:88,9,1,0
BRDA:89,10,0,1
BRDA:89,10,1,0
BRDA:90,11,0,1
BRDA:90,11,1,0
BRDA:99,12,0,3
BRDA:99,12,1,1
BRDA:99,12,2,1
BRF:31
BRH:15
end_of_record
TN:
SF:src\gutenberg\components\tabs\SerpPreview.tsx
FN:23,(anonymous_0)
FN:44,(anonymous_1)
FN:54,(anonymous_2)
FN:68,(anonymous_3)
FN:82,(anonymous_4)
FN:83,(anonymous_5)
FN:87,(anonymous_6)
FN:90,(anonymous_7)
FN:91,(anonymous_8)
FN:95,(anonymous_9)
FN:99,(anonymous_10)
FN:104,(anonymous_11)
FN:110,(anonymous_12)
FN:117,(anonymous_13)
FN:131,(anonymous_14)
FN:138,(anonymous_15)
FNF:16
FNH:15
FNDA:50,(anonymous_0)
FNDA:25,(anonymous_1)
FNDA:25,(anonymous_2)
FNDA:25,(anonymous_3)
FNDA:18,(anonymous_4)
FNDA:8,(anonymous_5)
FNDA:18,(anonymous_6)
FNDA:18,(anonymous_7)
FNDA:8,(anonymous_8)
FNDA:18,(anonymous_9)
FNDA:1,(anonymous_10)
FNDA:25,(anonymous_11)
FNDA:25,(anonymous_12)
FNDA:17,(anonymous_13)
FNDA:0,(anonymous_14)
FNDA:1,(anonymous_15)
DA:23,3
DA:24,50
DA:25,48
DA:27,2
DA:44,3
DA:45,25
DA:46,25
DA:47,25
DA:50,25
DA:51,25
DA:54,25
DA:55,25
DA:56,25
DA:57,25
DA:58,0
DA:60,25
DA:62,0
DA:63,0
DA:68,25
DA:69,25
DA:70,25
DA:71,25
DA:72,0
DA:74,25
DA:76,0
DA:77,0
DA:82,25
DA:83,18
DA:84,8
DA:87,18
DA:90,25
DA:91,18
DA:92,8
DA:95,18
DA:99,25
DA:100,1
DA:104,25
DA:105,25
DA:110,25
DA:111,25
DA:117,25
DA:118,17
DA:121,25
DA:131,0
DA:138,1
LF:45
LH:38
BRDA:24,0,0,48
BRDA:24,0,1,2
BRDA:57,1,0,0
BRDA:57,1,1,25
BRDA:60,2,0,25
BRDA:60,2,1,0
BRDA:71,3,0,0
BRDA:71,3,1,25
BRDA:74,4,0,25
BRDA:74,4,1,1
BRDA:84,5,0,8
BRDA:84,5,1,2
BRDA:105,6,0,24
BRDA:105,6,1,1
BRDA:111,7,0,24
BRDA:111,7,1,1
BRDA:130,8,0,24
BRDA:130,8,1,1
BRDA:137,9,0,1
BRDA:137,9,1,24
BRDA:152,10,0,25
BRDA:152,10,1,18
BRDA:155,11,0,25
BRDA:155,11,1,18
BRF:24
BRH:21
end_of_record
TN:
SF:src\gutenberg\components\tabs\SocialTabContent.tsx
FN:29,(anonymous_0)
FN:34,(anonymous_1)
FN:45,(anonymous_2)
FN:51,(anonymous_3)
FNF:4
FNH:3
FNDA:7,(anonymous_0)
FNDA:1,(anonymous_1)
FNDA:0,(anonymous_2)
FNDA:1,(anonymous_3)
DA:29,2
DA:31,7
DA:34,7
DA:35,1
DA:38,7
DA:45,0
DA:51,1
LF:7
LH:6
BRDA:44,0,0,6
BRDA:44,0,1,1
BRDA:50,1,0,1
BRDA:50,1,1,6
BRDA:60,2,0,7
BRDA:60,2,1,6
BRDA:61,3,0,7
BRDA:61,3,1,1
BRF:8
BRH:8
end_of_record
TN:
SF:src\gutenberg\components\tabs\TwitterSubTab.tsx
FN:27,(anonymous_0)
FN:40,(anonymous_1)
FN:71,(anonymous_2)
FN:93,(anonymous_3)
FN:126,(anonymous_4)
FN:129,(anonymous_5)
FN:158,(anonymous_6)
FNF:7
FNH:5
FNDA:16,(anonymous_0)
FNDA:16,(anonymous_1)
FNDA:16,(anonymous_2)
FNDA:1,(anonymous_3)
FNDA:0,(anonymous_4)
FNDA:16,(anonymous_5)
FNDA:0,(anonymous_6)
DA:27,2
DA:29,16
DA:30,16
DA:31,16
DA:32,16
DA:35,16
DA:36,16
DA:37,16
DA:40,16
DA:41,16
DA:42,16
DA:43,16
DA:44,0
DA:49,16
DA:54,0
DA:55,0
DA:63,16
DA:66,16
DA:67,16
DA:68,16
DA:71,16
DA:72,16
DA:73,16
DA:74,5
DA:75,5
DA:77,0
DA:78,0
DA:83,16
DA:84,16
DA:86,16
DA:93,1
DA:126,0
DA:130,16
DA:158,0
LF:34
LH:27
BRDA:43,0,0,0
BRDA:43,0,1,16
BRDA:50,1,0,16
BRDA:50,1,1,0
BRDA:51,2,0,16
BRDA:51,2,1,0
BRDA:63,3,0,16
BRDA:63,3,1,14
BRDA:66,4,0,2
BRDA:66,4,1,14
BRDA:66,5,0,2
BRDA:66,5,1,0
BRDA:67,6,0,2
BRDA:67,6,1,14
BRDA:67,7,0,2
BRDA:67,7,1,0
BRDA:68,8,0,2
BRDA:68,8,1,14
BRDA:68,9,0,2
BRDA:68,9,1,2
BRDA:73,10,0,11
BRDA:73,10,1,5
BRDA:75,11,0,5
BRDA:75,11,1,4
BRDA:83,12,0,16
BRDA:83,12,1,9
BRDA:83,12,2,0
BRDA:84,13,0,16
BRDA:84,13,1,9
BRDA:84,13,2,0
BRDA:93,14,0,1
BRDA:93,14,1,0
BRDA:128,15,0,5
BRDA:128,15,1,11
BRDA:131,16,0,16
BRDA:131,16,1,14
BRDA:131,16,2,1
BRDA:138,17,0,16
BRDA:138,17,1,2
BRDA:138,17,2,0
BRDA:152,18,0,1
BRDA:152,18,1,15
BRDA:154,19,0,16
BRDA:154,19,1,1
BRDA:154,19,2,1
BRDA:168,20,0,2
BRDA:168,20,1,14
BRDA:181,21,0,16
BRDA:181,21,1,1
BRF:49
BRH:40
end_of_record
TN:
SF:src\gutenberg\components\tabs\schema\ArticleForm.tsx
FN:29,(anonymous_0)
FN:34,(anonymous_1)
FN:45,(anonymous_2)
FN:57,(anonymous_3)
FN:64,(anonymous_4)
FN:72,(anonymous_5)
FN:80,(anonymous_6)
FNF:7
FNH:4
FNDA:3,(anonymous_0)
FNDA:1,(anonymous_1)
FNDA:1,(anonymous_2)
FNDA:1,(anonymous_3)
FNDA:0,(anonymous_4)
FNDA:0,(anonymous_5)
FNDA:0,(anonymous_6)
DA:29,1
DA:30,3
DA:33,3
DA:35,1
DA:36,1
DA:38,1
DA:44,3
DA:46,1
DA:47,1
DA:52,3
DA:57,1
DA:64,0
DA:72,0
DA:80,0
LF:14
LH:11
BRDA:33,0,0,1
BRDA:33,0,1,2
BRF:2
BRH:2
end_of_record
TN:
SF:src\gutenberg\components\tabs\schema\FAQPageForm.tsx
FN:32,(anonymous_0)
FN:37,(anonymous_1)
FN:53,(anonymous_2)
FN:62,(anonymous_3)
FN:69,(anonymous_4)
FN:70,(anonymous_5)
FN:78,(anonymous_6)
FN:85,(anonymous_7)
FN:91,(anonymous_8)
FN:99,(anonymous_9)
FNF:10
FNH:7
FNDA:4,(anonymous_0)
FNDA:3,(anonymous_1)
FNDA:0,(anonymous_2)
FNDA:1,(anonymous_3)
FNDA:1,(anonymous_4)
FNDA:2,(anonymous_5)
FNDA:5,(anonymous_6)
FNDA:0,(anonymous_7)
FNDA:0,(anonymous_8)
FNDA:1,(anonymous_9)
DA:32,1
DA:33,4
DA:36,4
DA:38,3
DA:39,3
DA:41,0
DA:47,4
DA:48,0
DA:52,4
DA:54,0
DA:55,0
DA:56,0
DA:62,4
DA:63,1
DA:64,1
DA:68,4
DA:70,2
DA:71,1
DA:76,4
DA:79,5
DA:85,0
DA:91,0
DA:99,1
LF:23
LH:16
BRDA:36,0,0,3
BRDA:36,0,1,1
BRDA:47,1,0,0
BRDA:47,1,1,4
BRDA:47,2,0,4
BRDA:47,2,1,4
BRDA:95,3,0,5
BRDA:95,3,1,2
BRF:8
BRH:7
end_of_record
TN:
SF:src\gutenberg\components\tabs\schema\HowToForm.tsx
FN:34,(anonymous_0)
FN:39,(anonymous_1)
FN:55,(anonymous_2)
FN:64,(anonymous_3)
FN:74,(anonymous_4)
FN:82,(anonymous_5)
FN:83,(anonymous_6)
FN:101,(anonymous_7)
FN:108,(anonymous_8)
FN:114,(anonymous_9)
FN:121,(anonymous_10)
FN:129,(anonymous_11)
FNF:12
FNH:7
FNDA:3,(anonymous_0)
FNDA:3,(anonymous_1)
FNDA:0,(anonymous_2)
FNDA:0,(anonymous_3)
FNDA:1,(anonymous_4)
FNDA:1,(anonymous_5)
FNDA:2,(anonymous_6)
FNDA:4,(anonymous_7)
FNDA:0,(anonymous_8)
FNDA:0,(anonymous_9)
FNDA:0,(anonymous_10)
FNDA:1,(anonymous_11)
DA:34,1
DA:35,3
DA:38,3
DA:40,3
DA:41,3
DA:43,0
DA:49,3
DA:50,1
DA:54,3
DA:56,0
DA:57,0
DA:63,3
DA:65,0
DA:66,0
DA:67,0
DA:68,0
DA:74,3
DA:75,1
DA:76,1
DA:77,1
DA:81,3
DA:83,2
DA:84,1
DA:85,1
DA:90,3
DA:102,4
DA:108,0
DA:114,0
DA:121,0
DA:129,1
LF:30
LH:20
BRDA:38,0,0,3
BRDA:38,0,1,0
BRDA:49,1,0,1
BRDA:49,1,1,2
BRDA:49,2,0,3
BRDA:49,2,1,2
BRDA:120,3,0,4
BRDA:120,3,1,4
BRDA:125,4,0,4
BRDA:125,4,1,2
BRF:10
BRH:9
end_of_record
TN:
SF:src\gutenberg\components\tabs\schema\LocalBusinessForm.tsx
FN:39,(anonymous_0)
FN:44,(anonymous_1)
FN:95,(anonymous_2)
FN:104,(anonymous_3)
FN:116,(anonymous_4)
FN:131,(anonymous_5)
FN:139,(anonymous_6)
FN:145,(anonymous_7)
FN:151,(anonymous_8)
FN:157,(anonymous_9)
FN:163,(anonymous_10)
FN:169,(anonymous_11)
FN:176,(anonymous_12)
FN:186,(anonymous_13)
FN:194,(anonymous_14)
FNF:15
FNH:4
FNDA:2,(anonymous_0)
FNDA:1,(anonymous_1)
FNDA:1,(anonymous_2)
FNDA:0,(anonymous_3)
FNDA:0,(anonymous_4)
FNDA:1,(anonymous_5)
FNDA:0,(anonymous_6)
FNDA:0,(anonymous_7)
FNDA:0,(anonymous_8)
FNDA:0,(anonymous_9)
FNDA:0,(anonymous_10)
FNDA:0,(anonymous_11)
FNDA:0,(anonymous_12)
FNDA:0,(anonymous_13)
FNDA:0,(anonymous_14)
DA:39,1
DA:40,2
DA:43,2
DA:45,1
DA:46,1
DA:48,0
DA:78,2
DA:79,1
DA:89,2
DA:90,1
DA:94,2
DA:96,1
DA:97,1
DA:103,2
DA:105,0
DA:109,0
DA:115,2
DA:117,0
DA:121,0
DA:126,2
DA:131,1
DA:139,0
DA:145,0
DA:151,0
DA:157,0
DA:163,0
DA:169,0
DA:176,0
DA:186,0
DA:194,0
LF:30
LH:16
BRDA:43,0,0,1
BRDA:43,0,1,1
BRDA:78,1,0,1
BRDA:78,1,1,1
BRDA:89,2,0,1
BRDA:89,2,1,1
BRDA:185,3,0,2
BRDA:185,3,1,2
BRDA:193,4,0,2
BRDA:193,4,1,2
BRF:10
BRH:10
end_of_record
TN:
SF:src\gutenberg\components\tabs\schema\ProductForm.tsx
FN:33,(anonymous_0)
FN:38,(anonymous_1)
FN:76,(anonymous_2)
FN:85,(anonymous_3)
FN:107,(anonymous_4)
FN:113,(anonymous_5)
FN:120,(anonymous_6)
FN:129,(anonymous_7)
FN:137,(anonymous_8)
FN:145,(anonymous_9)
FNF:10
FNH:3
FNDA:3,(anonymous_0)
FNDA:0,(anonymous_1)
FNDA:1,(anonymous_2)
FNDA:0,(anonymous_3)
FNDA:1,(anonymous_4)
FNDA:0,(anonymous_5)
FNDA:0,(anonymous_6)
FNDA:0,(anonymous_7)
FNDA:0,(anonymous_8)
FNDA:0,(anonymous_9)
DA:33,1
DA:34,3
DA:37,3
DA:39,0
DA:40,0
DA:42,0
DA:66,3
DA:67,0
DA:75,3
DA:77,1
DA:78,1
DA:84,3
DA:86,0
DA:90,0
DA:95,3
DA:102,3
DA:107,1
DA:113,0
DA:120,0
DA:129,0
DA:137,0
DA:145,0
LF:22
LH:11
BRDA:37,0,0,0
BRDA:37,0,1,3
BRDA:66,1,0,0
BRDA:66,1,1,3
BRF:4
BRH:2
end_of_record
TN:
SF:src\gutenberg\components\tabs\schema\SchemaTypeSelector.tsx
FN:21,(anonymous_0)
FNF:1
FNH:1
FNDA:5,(anonymous_0)
DA:21,1
DA:22,5
DA:24,5
DA:33,5
LF:4
LH:4
BRF:0
BRH:0
end_of_record
TN:
SF:src\gutenberg\hooks\useContentSync.ts
FN:16,useContentSync
FN:20,(anonymous_1)
FN:58,(anonymous_2)
FN:59,(anonymous_3)
FN:70,(anonymous_4)
FNF:5
FNH:5
FNDA:725,useContentSync
FNDA:725,(anonymous_1)
FNDA:725,(anonymous_2)
FNDA:200,(anonymous_3)
FNDA:725,(anonymous_4)
DA:17,725
DA:20,725
DA:21,725
DA:22,725
DA:25,725
DA:26,0
DA:27,0
DA:36,725
DA:45,0
DA:47,0
DA:58,725
DA:59,725
DA:60,200
DA:70,725
LF:14
LH:10
BRDA:25,0,0,0
BRDA:25,0,1,725
BRDA:37,1,0,725
BRDA:37,1,1,1
BRDA:38,2,0,725
BRDA:38,2,1,6
BRDA:39,3,0,725
BRDA:39,3,1,412
BRDA:40,4,0,725
BRDA:40,4,1,1
BRDA:41,5,0,725
BRDA:41,5,1,1
BRF:12
BRH:11
end_of_record
TN:
SF:src\gutenberg\hooks\useEntityPropBinding.ts
FN:34,useEntityPropBinding
FN:38,(anonymous_1)
FN:68,(anonymous_2)
FN:82,(anonymous_3)
FN:94,(anonymous_4)
FNF:5
FNH:3
FNDA:440,useEntityPropBinding
FNDA:440,(anonymous_1)
FNDA:0,(anonymous_2)
FNDA:0,(anonymous_3)
FNDA:420,(anonymous_4)
DA:38,440
DA:39,440
DA:40,440
DA:43,440
DA:44,0
DA:45,0
DA:51,440
DA:57,0
DA:59,0
DA:67,440
DA:68,440
DA:70,440
DA:71,440
DA:79,0
DA:81,0
DA:82,0
DA:83,0
DA:89,440
DA:93,440
DA:95,420
DA:96,420
DA:99,0
DA:105,440
LF:23
LH:14
BRDA:43,0,0,0
BRDA:43,0,1,440
BRDA:52,1,0,440
BRDA:52,1,1,0
BRDA:53,2,0,440
BRDA:53,2,1,0
BRDA:89,3,0,440
BRDA:89,3,1,330
BRF:8
BRH:5
end_of_record
TN:
SF:src\gutenberg\store\actions.ts
FN:47,(anonymous_0)
FN:54,(anonymous_1)
FN:59,(anonymous_2)
FN:72,(anonymous_3)
FN:92,(anonymous_4)
FN:93,(anonymous_5)
FN:131,(anonymous_6)
FN:142,(anonymous_7)
FN:143,(anonymous_8)
FN:148,(anonymous_9)
FN:206,extractSlugFromPermalink
FNF:11
FNH:11
FNDA:569,(anonymous_0)
FNDA:346,(anonymous_1)
FNDA:378,(anonymous_2)
FNDA:349,(anonymous_3)
FNDA:34,(anonymous_4)
FNDA:34,(anonymous_5)
FNDA:3,(anonymous_6)
FNDA:28,(anonymous_7)
FNDA:17,(anonymous_8)
FNDA:8,(anonymous_9)
FNDA:42,extractSlugFromPermalink
DA:10,12
DA:11,12
DA:12,12
DA:13,12
DA:47,12
DA:49,569
DA:54,346
DA:59,12
DA:63,378
DA:72,349
DA:92,12
DA:93,34
DA:95,34
DA:96,34
DA:99,34
DA:101,34
DA:103,34
DA:104,5
DA:106,5
DA:107,5
DA:116,5
DA:122,5
DA:128,29
DA:131,28
DA:132,3
DA:133,3
DA:134,3
DA:138,28
DA:143,28
DA:144,17
DA:145,17
DA:148,28
DA:149,8
DA:150,8
DA:154,28
DA:164,17
DA:167,17
DA:174,9
DA:177,9
DA:178,9
DA:179,9
DA:188,9
DA:194,0
DA:198,31
DA:207,42
DA:208,42
DA:209,41
DA:210,41
DA:212,1
LF:49
LH:48
BRDA:103,0,0,5
BRDA:103,0,1,29
BRDA:210,1,0,41
BRDA:210,1,1,0
BRF:4
BRH:3
end_of_record
TN:
SF:src\gutenberg\store\index.ts
FNF:0
FNH:0
DA:16,4
DA:19,4
DA:28,4
DA:36,4
LF:4
LH:4
BRF:0
BRH:0
end_of_record
TN:
SF:src\gutenberg\store\reducer.ts
FN:32,(anonymous_0)
FNF:1
FNH:1
FNDA:1433,(anonymous_0)
DA:15,6
DA:32,6
DA:36,1433
DA:38,367
DA:44,344
DA:50,375
DA:58,345
DA:64,2
LF:8
LH:8
BRDA:33,0,0,1
BRDA:36,1,0,367
BRDA:36,1,1,344
BRDA:36,1,2,375
BRDA:36,1,3,345
BRDA:36,1,4,2
BRF:6
BRH:6
end_of_record
TN:
SF:src\gutenberg\store\selectors.ts
FN:11,(anonymous_0)
FN:15,(anonymous_1)
FN:19,(anonymous_2)
FN:23,(anonymous_3)
FN:29,(anonymous_4)
FN:33,(anonymous_5)
FN:41,(anonymous_6)
FN:46,(anonymous_7)
FN:47,(anonymous_8)
FN:48,(anonymous_9)
FN:58,(anonymous_10)
FN:76,(anonymous_11)
FNF:12
FNH:6
FNDA:2,(anonymous_0)
FNDA:2,(anonymous_1)
FNDA:6,(anonymous_2)
FNDA:2,(anonymous_3)
FNDA:2,(anonymous_4)
FNDA:2,(anonymous_5)
FNDA:0,(anonymous_6)
FNDA:0,(anonymous_7)
FNDA:0,(anonymous_8)
FNDA:0,(anonymous_9)
FNDA:0,(anonymous_10)
FNDA:0,(anonymous_11)
DA:11,5
DA:12,2
DA:15,5
DA:16,2
DA:19,5
DA:20,6
DA:23,5
DA:24,2
DA:29,5
DA:30,2
DA:33,5
DA:34,2
DA:38,5
DA:39,5
DA:41,5
DA:43,0
DA:44,0
DA:45,0
DA:46,0
DA:47,0
DA:48,0
DA:51,0
DA:55,5
DA:56,5
DA:58,5
DA:60,0
DA:61,0
DA:62,0
DA:63,0
DA:64,0
DA:65,0
DA:67,0
DA:70,0
DA:73,5
DA:74,5
DA:76,5
DA:78,0
DA:79,0
DA:80,0
DA:81,0
DA:82,0
DA:83,0
DA:85,0
DA:88,0
LF:44
LH:21
BRDA:43,0,0,0
BRDA:43,0,1,0
BRDA:60,1,0,0
BRDA:60,1,1,0
BRDA:62,2,0,0
BRDA:62,2,1,0
BRDA:64,3,0,0
BRDA:64,3,1,0
BRDA:78,4,0,0
BRDA:78,4,1,0
BRDA:80,5,0,0
BRDA:80,5,1,0
BRDA:82,6,0,0
BRDA:82,6,1,0
BRF:14
BRH:0
end_of_record
TN:
SF:src\gutenberg\store\types.ts
FNF:0
FNH:0
LF:0
LH:0
BRF:0
BRH:0
end_of_record
TN:
SF:src\gutenberg\utils\plugin-sidebar-compat.tsx
FN:48,(anonymous_0)
FNF:1
FNH:1
FNDA:1,(anonymous_0)
DA:29,6
DA:31,3
DA:32,3
DA:33,2
DA:35,1
DA:37,1
DA:38,1
DA:42,3
DA:43,3
DA:44,2
DA:46,1
DA:48,1
DA:61,6
LF:13
LH:13
BRDA:29,0,0,3
BRDA:29,0,1,3
BRF:2
BRH:2
end_of_record
TN:
SF:src\gutenberg\utils\version-detection.ts
FN:25,detectWordPressVersion
FNF:1
FNH:1
FNDA:10,detectWordPressVersion
DA:27,10
DA:28,3
DA:29,3
DA:33,7
DA:34,7
DA:35,6
DA:36,3
DA:40,3
DA:41,2
DA:45,1
DA:50,5
DA:52,5
DA:53,5
DA:54,1
DA:61,4
DA:69,1
LF:16
LH:16
BRDA:27,0,0,3
BRDA:27,0,1,7
BRDA:27,1,0,10
BRDA:27,1,1,9
BRDA:35,2,0,3
BRDA:35,2,1,3
BRDA:35,3,0,6
BRDA:35,3,1,4
BRDA:40,4,0,2
BRDA:40,4,1,1
BRDA:40,5,0,3
BRDA:40,5,1,2
BRDA:53,6,0,1
BRDA:53,6,1,4
BRDA:53,7,0,5
BRDA:53,7,1,2
BRF:16
BRH:16
end_of_record
TN:
SF:src\gutenberg\workers\analysis-worker.ts
FN:31,extractFirstParagraph
FN:48,extractHeadings
FN:65,analyzeSEO
FN:132,(anonymous_3)
FN:181,(anonymous_4)
FNF:5
FNH:4
FNDA:7062,extractFirstParagraph
FNDA:7062,extractHeadings
FNDA:7867,analyzeSEO
FNDA:22,(anonymous_3)
FNDA:0,(anonymous_4)
DA:33,7062
DA:34,7062
DA:36,45
DA:40,7017
DA:41,7017
DA:42,7017
DA:49,7062
DA:50,7062
DA:53,7062
DA:55,22
DA:56,22
DA:59,7062
DA:66,7867
DA:67,7867
DA:68,7867
DA:71,7867
DA:72,805
DA:79,7062
DA:82,7062
DA:83,73
DA:88,73
DA:90,6989
DA:98,7062
DA:99,75
DA:104,75
DA:106,6987
DA:114,7062
DA:115,7062
DA:116,96
DA:121,96
DA:123,6966
DA:131,7062
DA:132,7062
DA:133,22
DA:135,7062
DA:136,20
DA:141,20
DA:143,7042
DA:151,7062
DA:152,7062
DA:153,67
DA:158,67
DA:160,6995
DA:169,7062
DA:170,7014
DA:171,48
DA:172,27
DA:174,21
DA:177,7062
DA:181,5
DA:182,0
DA:183,0
LF:52
LH:50
BRDA:34,0,0,45
BRDA:34,0,1,7017
BRDA:42,1,0,7017
BRDA:42,1,1,662
BRDA:71,2,0,805
BRDA:71,2,1,7062
BRDA:82,3,0,73
BRDA:82,3,1,6989
BRDA:98,4,0,75
BRDA:98,4,1,6987
BRDA:115,5,0,96
BRDA:115,5,1,6966
BRDA:135,6,0,20
BRDA:135,6,1,7042
BRDA:152,7,0,67
BRDA:152,7,1,6995
BRDA:169,8,0,7014
BRDA:169,8,1,48
BRDA:171,9,0,27
BRDA:171,9,1,21
BRF:20
BRH:20
end_of_record
